#
# There is insufficient memory for the Java Runtime Environment to continue.
# Native memory allocation (malloc) failed to allocate 1914448 bytes. Error detail: Chunk::new
# Possible reasons:
#   The system is out of physical RAM or swap space
#   This process is running with CompressedOops enabled, and the Java Heap may be blocking the growth of the native heap
# Possible solutions:
#   Reduce memory load on the system
#   Increase physical memory or swap space
#   Check if swap backing store is full
#   Decrease Java heap size (-Xmx/-Xms)
#   Decrease number of Java threads
#   Decrease Java thread stack sizes (-Xss)
#   Set larger code cache with -XX:ReservedCodeCacheSize=
#   JVM is running with Unscaled Compressed Oops mode in which the Java heap is
#     placed in the first 4GB address space. The Java Heap base address is the
#     maximum limit for the native heap growth. Please use -XX:HeapBaseMinAddress
#     to set the Java Heap base and to place the Java Heap above 4GB virtual address.
# This output file may be truncated or incomplete.
#
#  Out of Memory Error (arena.cpp:162), pid=6200, tid=7452
#
# JRE version: Java(TM) SE Runtime Environment (24.0+36) (build 24+36-3646)
# Java VM: Java HotSpot(TM) 64-Bit Server VM (24+36-3646, mixed mode, sharing, tiered, compressed oops, compressed class ptrs, g1 gc, windows-amd64)
# No core dump will be written. Minidumps are not enabled by default on client versions of Windows
#

---------------  S U M M A R Y ------------

Command Line: -javaagent:C:\Program Files\JetBrains\IntelliJ IDEA Community Edition 2025.1.1.1\lib\idea_rt.jar=53478 -Dfile.encoding=UTF-8 -Dsun.stdout.encoding=UTF-8 -Dsun.stderr.encoding=UTF-8 com.m2_airline_system.config_server.ConfigServerApplication

Host: AMD Ryzen 3 7320U with Radeon Graphics         , 8 cores, 5G,  Windows 11 , 64 bit Build 26100 (10.0.26100.4202)
Time: Tue Jul  1 23:02:30 2025 Paris, Madrid (heure duild 26100 (10.0.26100.4202) elapsed time: 17853.346629 seconds (0d 4h 57m 33s)

---------------  T H R E A D  ---------------

Current thread (0x0000024a1996dc20):  JavaThread "C2 CompilerThread0" daemon [_thread_in_native, id=7452, stack(0x000000c35c500000,0x000000c35c600000) (1024K)]


Current CompileTask:
C2:17853348 10989   !   4       org.apache.catalina.core.ContainerBase::findChildren (67 bytes)

Stack: [0x000000c35c500000,0x000000c35c600000]
Native frames: (J=compiled Java code, j=interpreted, Vv=VM code, C=native code)
V  [jvm.dll+0x7308c9]  (no source info available)
V  [jvm.dll+0x8d9ca3]  (no source info available)
V  [jvm.dll+0x8dc13d]  (no source info available)
V  [jvm.dll+0x8dc7b3]  (no source info available)
V  [jvm.dll+0x2aa046]  (no source info available)
V  [jvm.dll+0xced8f]  (no source info available)
V  [jvm.dll+0xcefef]  (no source info available)
V  [jvm.dll+0x154d23]  (no source info available)
V  [jvm.dll+0x7360ef]  (no source info available)
V  [jvm.dll+0x26f9dc]  (no source info available)
V  [jvm.dll+0x26e9ff]  (no source info available)
V  [jvm.dll+0x1e9d00]  (no source info available)
V  [jvm.dll+0x27e1bb]  (no source info available)
V  [jvm.dll+0x27c45a]  (no source info available)
V  [jvm.dll+0x42f566]  (no source info available)
V  [jvm.dll+0x87d8fb]  (no source info available)
V  [jvm.dll+0x72efe5]  (no source info available)
C  [ucrtbase.dll+0x37b0]  (no source info available)
C  [KERNEL32.DLL+0x2e8d7]  (no source info available)
C  [ntdll.dll+0x3c34c]  (no source info available)

Lock stack of current Java thread (top to bottom):


---------------  P R O C E S S  ---------------

Threads class SMR info:
_java_thread_list=0x0000024a61b099a0, length=35, elements={
0x0000024a199604f0, 0x0000024a199639b0, 0x0000024a199679d0, 0x0000024a19968500,
0x0000024a1996abb0, 0x0000024a1996c250, 0x0000024a1996dc20, 0x0000024a199a2660,
0x0000024a19a5af00, 0x0000024a5f2ab1a0, 0x0000024a5f1150c0, 0x0000024a603cb660,
0x0000024a603cde40, 0x0000024a60dc8350, 0x0000024a5fc73920, 0x0000024a5fc74070,
0x0000024a61c85700, 0x0000024a61c87440, 0x0000024a61c84fb0, 0x0000024a61c85e50,
0x0000024a61c898d0, 0x0000024a61c865a0, 0x0000024a61c89180, 0x0000024a61c87b90,
0x0000024a61c86cf0, 0x0000024a61c88a30, 0x0000024a61c882e0, 0x0000024a61c8a770,
0x0000024a61c8aec0, 0x0000024a61c8bd60, 0x0000024a61c8c4b0, 0x0000024a61c8a020,
0x0000024a612d43a0, 0x0000024a612d5240, 0x0000024a612d3c50
}

Java Threads: ( => current thread )
  0x0000024a199604f0 JavaThread "Reference Handler"          daemon [_thread_blocked, id=87604, stack(0x000000c35bf00000,0x000000c35c000000) (1024K)]
  0x0000024a199639b0 JavaThread "Finalizer"                  daemon [_thread_blocked, id=32196, stack(0x000000c35c000000,0x000000c35c100000) (1024K)]
  0x0000024a199679d0 JavaThread "Signal Dispatcher"          daemon [_thread_blocked, id=85004, stack(0x000000c35c100000,0x000000c35c200000) (1024K)]
  0x0000024a19968500 JavaThread "Attach Listener"            daemon [_thread_blocked, id=39676, stack(0x000000c35c200000,0x000000c35c300000) (1024K)]
  0x0000024a1996abb0 JavaThread "Service Thread"             daemon [_thread_blocked, id=14144, stack(0x000000c35c300000,0x000000c35c400000) (1024K)]
  0x0000024a1996c250 JavaThread "Monitor Deflation Thread"   daemon [_thread_blocked, id=85608, stack(0x000000c35c400000,0x000000c35c500000) (1024K)]
=>0x0000024a1996dc20 JavaThread "C2 CompilerThread0"         daemon [_thread_in_native, id=7452, stack(0x000000c35c500000,0x000000c35c600000) (1024K)]
  0x0000024a199a2660 JavaThread "C1 CompilerThread0"         daemon [_thread_blocked, id=39116, stack(0x000000c35c600000,0x000000c35c700000) (1024K)]
  0x0000024a19a5af00 JavaThread "Common-Cleaner"             daemon [_thread_blocked, id=86048, stack(0x000000c35c700000,0x000000c35c800000) (1024K)]
  0x0000024a5f2ab1a0 JavaThread "Monitor Ctrl-Break"         daemon [_thread_in_native, id=2776, stack(0x000000c35c900000,0x000000c35ca00000) (1024K)]
  0x0000024a5f1150c0 JavaThread "Notification Thread"        daemon [_thread_blocked, id=14088, stack(0x000000c35ca00000,0x000000c35cb00000) (1024K)]
  0x0000024a603cb660 JavaThread "Catalina-utility-1"                [_thread_blocked, id=15524, stack(0x000000c35ce00000,0x000000c35cf00000) (1024K)]
  0x0000024a603cde40 JavaThread "Catalina-utility-2"                [_thread_blocked, id=29344, stack(0x000000c35cf00000,0x000000c35d000000) (1024K)]
  0x0000024a60dc8350 JavaThread "container-0"                       [_thread_blocked, id=2368, stack(0x000000c35d000000,0x000000c35d100000) (1024K)]
  0x0000024a5fc73920 JavaThread "spectator-gauge-polling-0"  daemon [_thread_blocked, id=92372, stack(0x000000c35d700000,0x000000c35d800000) (1024K)]
  0x0000024a5fc74070 JavaThread "AsyncResolver-bootstrap-%d" daemon [_thread_blocked, id=13668, stack(0x000000c35d800000,0x000000c35d900000) (1024K)]
  0x0000024a61c85700 JavaThread "DiscoveryClient-%d"         daemon [_thread_blocked, id=12656, stack(0x000000c35da00000,0x000000c35db00000) (1024K)]
  0x0000024a61c87440 JavaThread "DiscoveryClient-%d"         daemon [_thread_blocked, id=8864, stack(0x000000c35db00000,0x000000c35dc00000) (1024K)]
  0x0000024a61c84fb0 JavaThread "DiscoveryClient-InstanceInfoReplicator-%d" daemon [_thread_blocked, id=364, stack(0x000000c35dc00000,0x000000c35dd00000) (1024K)]
  0x0000024a61c85e50 JavaThread "http-nio-8888-exec-1"       daemon [_thread_blocked, id=33612, stack(0x000000c35dd00000,0x000000c35de00000) (1024K)]
  0x0000024a61c898d0 JavaThread "http-nio-8888-exec-2"       daemon [_thread_blocked, id=41480, stack(0x000000c35de00000,0x000000c35df00000) (1024K)]
  0x0000024a61c865a0 JavaThread "http-nio-8888-exec-3"       daemon [_thread_blocked, id=32852, stack(0x000000c35df00000,0x000000c35e000000) (1024K)]
  0x0000024a61c89180 JavaThread "http-nio-8888-exec-4"       daemon [_thread_blocked, id=96184, stack(0x000000c35e000000,0x000000c35e100000) (1024K)]
  0x0000024a61c87b90 JavaThread "http-nio-8888-exec-5"       daemon [_thread_blocked, id=1136, stack(0x000000c35e100000,0x000000c35e200000) (1024K)]
  0x0000024a61c86cf0 JavaThread "http-nio-8888-exec-6"       daemon [_thread_blocked, id=84808, stack(0x000000c35e200000,0x000000c35e300000) (1024K)]
  0x0000024a61c88a30 JavaThread "http-nio-8888-exec-7"       daemon [_thread_blocked, id=93468, stack(0x000000c35e300000,0x000000c35e400000) (1024K)]
  0x0000024a61c882e0 JavaThread "http-nio-8888-exec-8"       daemon [_thread_blocked, id=23720, stack(0x000000c35e400000,0x000000c35e500000) (1024K)]
  0x0000024a61c8a770 JavaThread "http-nio-8888-exec-9"       daemon [_thread_blocked, id=11120, stack(0x000000c35e500000,0x000000c35e600000) (1024K)]
  0x0000024a61c8aec0 JavaThread "http-nio-8888-exec-10"      daemon [_thread_blocked, id=24140, stack(0x000000c35e600000,0x000000c35e700000) (1024K)]
  0x0000024a61c8bd60 JavaThread "http-nio-8888-Poller"       daemon [_thread_in_native, id=14352, stack(0x000000c35e700000,0x000000c35e800000) (1024K)]
  0x0000024a61c8c4b0 JavaThread "http-nio-8888-Acceptor"     daemon [_thread_in_native, id=45008, stack(0x000000c35e800000,0x000000c35e900000) (1024K)]
  0x0000024a61c8a020 JavaThread "DestroyJavaVM"                     [_thread_blocked, id=7192, stack(0x000000c35b700000,0x000000c35b800000) (1024K)]
  0x0000024a612d43a0 JavaThread "DiscoveryClient-CacheRefreshExecutor-%d" daemon [_thread_blocked, id=94376, stack(0x000000c35ea00000,0x000000c35eb00000) (1024K)]
  0x0000024a612d5240 JavaThread "DiscoveryClient-HeartbeatExecutor-%d" daemon [_thread_blocked, id=24228, stack(0x000000c35eb00000,0x000000c35ec00000) (1024K)]
  0x0000024a612d3c50 JavaThread "AsyncResolver-bootstrap-executor-%d" daemon [_thread_blocked, id=34696, stack(0x000000c35b600000,0x000000c35b700000) (1024K)]
Total: 35

Other Threads:
  0x0000024a1994f830 VMThread "VM Thread"                           [id=8008, stack(0x000000c35be00000,0x000000c35bf00000) (1024K)]
  0x0000024a19942ae0 WatcherThread "VM Periodic Task Thread"        [id=6840, stack(0x000000c35bd00000,0x000000c35be00000) (1024K)]
  0x0000024a7d506400 WorkerThread "GC Thread#0"                     [id=43668, stack(0x000000c35b800000,0x000000c35b900000) (1024K)]
  0x0000024a5fdfbb80 WorkerThread "GC Thread#1"                     [id=86092, stack(0x000000c35c800000,0x000000c35c900000) (1024K)]
  0x0000024a5fd96b20 WorkerThread "GC Thread#2"                     [id=95636, stack(0x000000c35cb00000,0x000000c35cc00000) (1024K)]
  0x0000024a5fd972e0 WorkerThread "GC Thread#3"                     [id=95196, stack(0x000000c35cc00000,0x000000c35cd00000) (1024K)]
  0x0000024a5fd97690 WorkerThread "GC Thread#4"                     [id=16296, stack(0x000000c35cd00000,0x000000c35ce00000) (1024K)]
  0x0000024a5fec7ed0 WorkerThread "GC Thread#5"                     [id=1324, stack(0x000000c35d200000,0x000000c35d300000) (1024K)]
  0x0000024a6136d810 WorkerThread "GC Thread#6"                     [id=53140, stack(0x000000c35d300000,0x000000c35d400000) (1024K)]
  0x0000024a60546e90 WorkerThread "GC Thread#7"                     [id=95512, stack(0x000000c35d400000,0x000000c35d500000) (1024K)]
  0x0000024a7d515d70 ConcurrentGCThread "G1 Main Marker"            [id=9820, stack(0x000000c35b900000,0x000000c35ba00000) (1024K)]
  0x0000024a7d517770 WorkerThread "G1 Conc#0"                       [id=38480, stack(0x000000c35ba00000,0x000000c35bb00000) (1024K)]
  0x0000024a611aea60 WorkerThread "G1 Conc#1"                       [id=36436, stack(0x000000c35d100000,0x000000c35d200000) (1024K)]
  0x0000024a7d56e9f0 ConcurrentGCThread "G1 Refine#0"               [id=11984, stack(0x000000c35bb00000,0x000000c35bc00000) (1024K)]
  0x0000024a19812650 ConcurrentGCThread "G1 Service"                [id=94920, stack(0x000000c35bc00000,0x000000c35bd00000) (1024K)]
Total: 15

Threads with active compile tasks:
C2 CompilerThread0  17853880 10989   !   4       org.apache.catalina.core.ContainerBase::findChildren (67 bytes)
Total: 1

VM state: not at safepoint (normal execution)

VM Mutex/Monitor currently owned by a thread: None

Heap address: 0x00000000a2c00000, size: 1492 MB, Compressed Oops mode: 32-bit

CDS archive(s) mapped at: [0x0000024a1a000000-0x0000024a1ad40000-0x0000024a1ad40000), size 13893632, SharedBaseAddress: 0x0000024a1a000000, ArchiveRelocationMode: 1.
Compressed class space mapped at: 0x0000024a1b000000-0x0000024a5b000000, reserved size: 1073741824
UseCompressedClassPointers 1, UseCompactObjectHeaders 0
Narrow klass pointer bits 32, Max shift 3
Narrow klass base: 0x0000024a1a000000, Narrow klass shift: 0
Encoding Range: [0x0000024a1a000000 - 0x0000024b1a000000), (4294967296 bytes)
Klass Range:    [0x0000024a1a000000 - 0x0000024a5b000000), (1090519040 bytes)
Klass ID Range:  [8 - 1090519033) (1090519025)

GC Precious Log:
 CardTable entry size: 512
 Card Set container configuration: InlinePtr #cards 5 size 8 Array Of Cards #cards 10 size 36 Howl #buckets 4 coarsen threshold 1843 Howl Bitmap #cards 512 size 80 coarsen threshold 460 Card regions per heap region 1 cards per card region 2048
 CPUs: 8 total, 8 available
 Memory: 5965M
 Large Page Support: Disabled
 NUMA Support: Disabled
 Compressed Oops: Enabled (32-bit)
 Heap Region Size: 1M
 Heap Min Capacity: 8M
 Heap Initial Capacity: 94M
 Heap Max Capacity: 1492M
 Pre-touch: Disabled
 Parallel Workers: 8
 Concurrent Workers: 2
 Concurrent Refinement Workers: 8
 Periodic GC: Disabled

Heap:
 garbage-first heap   total reserved 1527808K, committed 70656K, used 43760K [0x00000000a2c00000, 0x0000000100000000)
  region size 1024K, 19 young (19456K), 2 survivors (2048K)
 Metaspace       used 49744K, committed 50304K, reserved 1114112K
  class space    used 5231K, committed 5504K, reserved 1048576K

Heap Regions: E=young(eden), S=young(survivor), O=old, HS=humongous(starts), HC=humongous(continues), CS=collection set, F=free, TAMS=top-at-mark-start, PB=parsable bottom
|   0|0x00000000a2c00000, 0x00000000a2d00000, 0x00000000a2d00000|100%|HS|  |TAMS 0x00000000a2c00000| PB 0x00000000a2c00000| Complete |  0
|   1|0x00000000a2d00000, 0x00000000a2e00000, 0x00000000a2e00000|100%| O|  |TAMS 0x00000000a2d00000| PB 0x00000000a2d00000| Untracked |  0
|   2|0x00000000a2e00000, 0x00000000a2f00000, 0x00000000a2f00000|100%| O|  |TAMS 0x00000000a2e00000| PB 0x00000000a2e00000| Untracked |  0
|   3|0x00000000a2f00000, 0x00000000a3000000, 0x00000000a3000000|100%| O|  |TAMS 0x00000000a2f00000| PB 0x00000000a2f00000| Untracked |  0
|   4|0x00000000a3000000, 0x00000000a3100000, 0x00000000a3100000|100%| O|  |TAMS 0x00000000a3000000| PB 0x00000000a3000000| Untracked |  0
|   5|0x00000000a3100000, 0x00000000a3200000, 0x00000000a3200000|100%| O|  |TAMS 0x00000000a3100000| PB 0x00000000a3100000| Untracked |  0
|   6|0x00000000a3200000, 0x00000000a3300000, 0x00000000a3300000|100%| O|  |TAMS 0x00000000a3200000| PB 0x00000000a3200000| Untracked |  0
|   7|0x00000000a3300000, 0x00000000a3400000, 0x00000000a3400000|100%| O|  |TAMS 0x00000000a3300000| PB 0x00000000a3300000| Untracked |  0
|   8|0x00000000a3400000, 0x00000000a34ba400, 0x00000000a3500000| 72%| O|  |TAMS 0x00000000a3400000| PB 0x00000000a3400000| Untracked |  0
|   9|0x00000000a3500000, 0x00000000a3500000, 0x00000000a3600000|  0%| F|  |TAMS 0x00000000a3500000| PB 0x00000000a3500000| Untracked |  0
|  10|0x00000000a3600000, 0x00000000a3700000, 0x00000000a3700000|100%| O|  |TAMS 0x00000000a3600000| PB 0x00000000a3600000| Untracked |  0
|  11|0x00000000a3700000, 0x00000000a3800000, 0x00000000a3800000|100%| O|  |TAMS 0x00000000a3700000| PB 0x00000000a3700000| Untracked |  0
|  12|0x00000000a3800000, 0x00000000a3900000, 0x00000000a3900000|100%| O|  |TAMS 0x00000000a3800000| PB 0x00000000a3800000| Untracked |  0
|  13|0x00000000a3900000, 0x00000000a3a00000, 0x00000000a3a00000|100%| O|  |TAMS 0x00000000a3900000| PB 0x00000000a3900000| Untracked |  0
|  14|0x00000000a3a00000, 0x00000000a3b00000, 0x00000000a3b00000|100%| O|  |TAMS 0x00000000a3a00000| PB 0x00000000a3a00000| Untracked |  0
|  15|0x00000000a3b00000, 0x00000000a3b00000, 0x00000000a3c00000|  0%| F|  |TAMS 0x00000000a3b00000| PB 0x00000000a3b00000| Untracked |  0
|  16|0x00000000a3c00000, 0x00000000a3d00000, 0x00000000a3d00000|100%| O|  |TAMS 0x00000000a3c00000| PB 0x00000000a3c00000| Untracked |  0
|  17|0x00000000a3d00000, 0x00000000a3d00000, 0x00000000a3e00000|  0%| F|  |TAMS 0x00000000a3d00000| PB 0x00000000a3d00000| Untracked |  0
|  18|0x00000000a3e00000, 0x00000000a3f00000, 0x00000000a3f00000|100%| O|  |TAMS 0x00000000a3e00000| PB 0x00000000a3e00000| Untracked |  0
|  19|0x00000000a3f00000, 0x00000000a3f00000, 0x00000000a4000000|  0%| F|  |TAMS 0x00000000a3f00000| PB 0x00000000a3f00000| Untracked |  0
|  20|0x00000000a4000000, 0x00000000a4001f50, 0x00000000a4100000|  0%| S|CS|TAMS 0x00000000a4000000| PB 0x00000000a4000000| Complete |  0
|  21|0x00000000a4100000, 0x00000000a4200000, 0x00000000a4200000|100%| S|CS|TAMS 0x00000000a4100000| PB 0x00000000a4100000| Complete |  0
|  22|0x00000000a4200000, 0x00000000a4300000, 0x00000000a4300000|100%| O|  |TAMS 0x00000000a4200000| PB 0x00000000a4200000| Untracked |  0
|  23|0x00000000a4300000, 0x00000000a4400000, 0x00000000a4400000|100%| O|  |TAMS 0x00000000a4300000| PB 0x00000000a4300000| Untracked |  0
|  24|0x00000000a4400000, 0x00000000a4400000, 0x00000000a4500000|  0%| F|  |TAMS 0x00000000a4400000| PB 0x00000000a4400000| Untracked |  0
|  25|0x00000000a4500000, 0x00000000a4500000, 0x00000000a4600000|  0%| F|  |TAMS 0x00000000a4500000| PB 0x00000000a4500000| Untracked |  0
|  26|0x00000000a4600000, 0x00000000a4700000, 0x00000000a4700000|100%| O|  |TAMS 0x00000000a4600000| PB 0x00000000a4600000| Untracked |  0
|  27|0x00000000a4700000, 0x00000000a4800000, 0x00000000a4800000|100%| O|  |TAMS 0x00000000a4700000| PB 0x00000000a4700000| Untracked |  0
|  28|0x00000000a4800000, 0x00000000a4900000, 0x00000000a4900000|100%| O|  |TAMS 0x00000000a4800000| PB 0x00000000a4800000| Untracked |  0
|  29|0x00000000a4900000, 0x00000000a4a00000, 0x00000000a4a00000|100%| O|  |TAMS 0x00000000a4900000| PB 0x00000000a4900000| Untracked |  0
|  30|0x00000000a4a00000, 0x00000000a4a00000, 0x00000000a4b00000|  0%| F|  |TAMS 0x00000000a4a00000| PB 0x00000000a4a00000| Untracked |  0
|  31|0x00000000a4b00000, 0x00000000a4b00000, 0x00000000a4c00000|  0%| F|  |TAMS 0x00000000a4b00000| PB 0x00000000a4b00000| Untracked |  0
|  32|0x00000000a4c00000, 0x00000000a4c00000, 0x00000000a4d00000|  0%| F|  |TAMS 0x00000000a4c00000| PB 0x00000000a4c00000| Untracked |  0
|  33|0x00000000a4d00000, 0x00000000a4d00000, 0x00000000a4e00000|  0%| F|  |TAMS 0x00000000a4d00000| PB 0x00000000a4d00000| Untracked |  0
|  34|0x00000000a4e00000, 0x00000000a4e00000, 0x00000000a4f00000|  0%| F|  |TAMS 0x00000000a4e00000| PB 0x00000000a4e00000| Untracked |  0
|  35|0x00000000a4f00000, 0x00000000a4f00000, 0x00000000a5000000|  0%| F|  |TAMS 0x00000000a4f00000| PB 0x00000000a4f00000| Untracked |  0
|  36|0x00000000a5000000, 0x00000000a5000000, 0x00000000a5100000|  0%| F|  |TAMS 0x00000000a5000000| PB 0x00000000a5000000| Untracked |  0
|  37|0x00000000a5100000, 0x00000000a5100000, 0x00000000a5200000|  0%| F|  |TAMS 0x00000000a5100000| PB 0x00000000a5100000| Untracked |  0
|  38|0x00000000a5200000, 0x00000000a5200000, 0x00000000a5300000|  0%| F|  |TAMS 0x00000000a5200000| PB 0x00000000a5200000| Untracked |  0
|  39|0x00000000a5300000, 0x00000000a5300000, 0x00000000a5400000|  0%| F|  |TAMS 0x00000000a5300000| PB 0x00000000a5300000| Untracked |  0
|  40|0x00000000a5400000, 0x00000000a5400000, 0x00000000a5500000|  0%| F|  |TAMS 0x00000000a5400000| PB 0x00000000a5400000| Untracked |  0
|  41|0x00000000a5500000, 0x00000000a5500000, 0x00000000a5600000|  0%| F|  |TAMS 0x00000000a5500000| PB 0x00000000a5500000| Untracked |  0
|  42|0x00000000a5600000, 0x00000000a5600000, 0x00000000a5700000|  0%| F|  |TAMS 0x00000000a5600000| PB 0x00000000a5600000| Untracked |  0
|  43|0x00000000a5700000, 0x00000000a5700000, 0x00000000a5800000|  0%| F|  |TAMS 0x00000000a5700000| PB 0x00000000a5700000| Untracked |  0
|  44|0x00000000a5800000, 0x00000000a5800000, 0x00000000a5900000|  0%| F|  |TAMS 0x00000000a5800000| PB 0x00000000a5800000| Untracked |  0
|  45|0x00000000a5900000, 0x00000000a5900000, 0x00000000a5a00000|  0%| F|  |TAMS 0x00000000a5900000| PB 0x00000000a5900000| Untracked |  0
|  46|0x00000000a5a00000, 0x00000000a5a00000, 0x00000000a5b00000|  0%| F|  |TAMS 0x00000000a5a00000| PB 0x00000000a5a00000| Untracked |  0
|  47|0x00000000a5b00000, 0x00000000a5b00000, 0x00000000a5c00000|  0%| F|  |TAMS 0x00000000a5b00000| PB 0x00000000a5b00000| Untracked |  0
|  48|0x00000000a5c00000, 0x00000000a5c94c08, 0x00000000a5d00000| 58%| E|  |TAMS 0x00000000a5c00000| PB 0x00000000a5c00000| Complete |  1
|  49|0x00000000a5d00000, 0x00000000a5e00000, 0x00000000a5e00000|100%| E|CS|TAMS 0x00000000a5d00000| PB 0x00000000a5d00000| Complete |  0
|  50|0x00000000a5e00000, 0x00000000a5f00000, 0x00000000a5f00000|100%| E|CS|TAMS 0x00000000a5e00000| PB 0x00000000a5e00000| Complete |  0
|  51|0x00000000a5f00000, 0x00000000a6000000, 0x00000000a6000000|100%| E|CS|TAMS 0x00000000a5f00000| PB 0x00000000a5f00000| Complete |  0
|  52|0x00000000a6000000, 0x00000000a6100000, 0x00000000a6100000|100%| E|CS|TAMS 0x00000000a6000000| PB 0x00000000a6000000| Complete |  0
|  53|0x00000000a6100000, 0x00000000a6200000, 0x00000000a6200000|100%| E|CS|TAMS 0x00000000a6100000| PB 0x00000000a6100000| Complete |  0
|  54|0x00000000a6200000, 0x00000000a6300000, 0x00000000a6300000|100%| E|CS|TAMS 0x00000000a6200000| PB 0x00000000a6200000| Complete |  0
|  55|0x00000000a6300000, 0x00000000a6400000, 0x00000000a6400000|100%| E|CS|TAMS 0x00000000a6300000| PB 0x00000000a6300000| Complete |  0
|  56|0x00000000a6400000, 0x00000000a6500000, 0x00000000a6500000|100%| E|CS|TAMS 0x00000000a6400000| PB 0x00000000a6400000| Complete |  0
|  57|0x00000000a6500000, 0x00000000a6600000, 0x00000000a6600000|100%| E|CS|TAMS 0x00000000a6500000| PB 0x00000000a6500000| Complete |  0
|  58|0x00000000a6600000, 0x00000000a6700000, 0x00000000a6700000|100%| E|CS|TAMS 0x00000000a6600000| PB 0x00000000a6600000| Complete |  0
|  78|0x00000000a7a00000, 0x00000000a7b00000, 0x00000000a7b00000|100%| E|CS|TAMS 0x00000000a7a00000| PB 0x00000000a7a00000| Complete |  0
|  79|0x00000000a7b00000, 0x00000000a7c00000, 0x00000000a7c00000|100%| E|CS|TAMS 0x00000000a7b00000| PB 0x00000000a7b00000| Complete |  0
|  80|0x00000000a7c00000, 0x00000000a7d00000, 0x00000000a7d00000|100%| E|CS|TAMS 0x00000000a7c00000| PB 0x00000000a7c00000| Complete |  0
|  81|0x00000000a7d00000, 0x00000000a7e00000, 0x00000000a7e00000|100%| E|CS|TAMS 0x00000000a7d00000| PB 0x00000000a7d00000| Complete |  0
|  93|0x00000000a8900000, 0x00000000a8a00000, 0x00000000a8a00000|100%| E|CS|TAMS 0x00000000a8900000| PB 0x00000000a8900000| Complete |  0
|1487|0x00000000ffb00000, 0x00000000ffc00000, 0x00000000ffc00000|100%| O|  |TAMS 0x00000000ffb00000| PB 0x00000000ffb00000| Untracked |  0
|1488|0x00000000ffc00000, 0x00000000ffd00000, 0x00000000ffd00000|100%| O|  |TAMS 0x00000000ffc00000| PB 0x00000000ffc00000| Untracked |  0
|1489|0x00000000ffd00000, 0x00000000ffe00000, 0x00000000ffe00000|100%| O|  |TAMS 0x00000000ffd00000| PB 0x00000000ffd00000| Untracked |  0
|1490|0x00000000ffe00000, 0x00000000fff00000, 0x00000000fff00000|100%| O|  |TAMS 0x00000000ffe00000| PB 0x00000000ffe00000| Untracked |  0
|1491|0x00000000fff00000, 0x0000000100000000, 0x0000000100000000|100%| E|CS|TAMS 0x00000000fff00000| PB 0x00000000fff00000| Complete |  0

Card table byte_map: [0x0000024a7dca0000,0x0000024a7df90000] _byte_map_base: 0x0000024a7d78a000

Marking Bits: (CMBitMap*) 0x0000024a7d506b10
 Bits: [0x0000024a7df90000, 0x0000024a7f6e0000)

Polling page: 0x0000024a7b2d0000

Metaspace:

Usage:
  Non-class:     43.47 MB used.
      Class:      5.11 MB used.
       Both:     48.58 MB used.

Virtual space:
  Non-class space:       64.00 MB reserved,      43.75 MB ( 68%) committed,  1 nodes.
      Class space:        1.00 GB reserved,       5.38 MB ( <1%) committed,  1 nodes.
             Both:        1.06 GB reserved,      49.12 MB (  5%) committed. 

Chunk freelists:
   Non-Class:  3.47 MB
       Class:  10.72 MB
        Both:  14.20 MB

MaxMetaspaceSize: unlimited
CompressedClassSpaceSize: 1.00 GB
Initial GC threshold: 21.00 MB
Current GC threshold: 79.94 MB
CDS: on
 - commit_granule_bytes: 65536.
 - commit_granule_words: 8192.
 - virtual_space_node_default_size: 8388608.
 - enlarge_chunks_in_place: 1.
UseCompressedClassPointers 1, UseCompactObjectHeaders 0
Narrow klass pointer bits 32, Max shift 3
Narrow klass base: 0x0000024a1a000000, Narrow klass shift: 0
Encoding Range: [0x0000024a1a000000 - 0x0000024b1a000000), (4294967296 bytes)
Klass Range:    [0x0000024a1a000000 - 0x0000024a5b000000), (1090519040 bytes)
Klass ID Range:  [8 - 1090519033) (1090519025)


Internal statistics:

num_allocs_failed_limit: 6.
num_arena_births: 854.
num_arena_deaths: 206.
num_vsnodes_births: 2.
num_vsnodes_deaths: 0.
num_space_committed: 786.
num_space_uncommitted: 0.
num_chunks_returned_to_freelist: 217.
num_chunks_taken_from_freelist: 2683.
num_chunk_merges: 51.
num_chunk_splits: 1765.
num_chunks_enlarged: 1385.
num_inconsistent_stats: 0.

CodeHeap 'non-profiled nmethods': size=120064Kb used=5017Kb max_used=5017Kb free=115046Kb
 bounds [0x0000024a102a0000, 0x0000024a10790000, 0x0000024a177e0000]
CodeHeap 'profiled nmethods': size=120000Kb used=17694Kb max_used=17694Kb free=102305Kb
 bounds [0x0000024a087e0000, 0x0000024a09930000, 0x0000024a0fd10000]
CodeHeap 'non-nmethods': size=5696Kb used=1484Kb max_used=1615Kb free=4211Kb
 bounds [0x0000024a0fd10000, 0x0000024a0ff80000, 0x0000024a102a0000]
CodeCache: size=245760Kb, used=24195Kb, max_used=24326Kb, free=221562Kb
 total_blobs=10527, nmethods=9878, adapters=551, full_count=0
Compilation: enabled, stopped_count=0, restarted_count=0

Compilation events (20 events):
Event: 17782.668 Thread 0x0000024a1996dc20 10960       4       java.util.Collections$UnmodifiableCollection::isEmpty (10 bytes)
Event: 17782.676 Thread 0x0000024a1996dc20 nmethod 10960 0x0000024a10786488 code [0x0000024a10786580, 0x0000024a10786620]
Event: 17782.681 Thread 0x0000024a199a2660 nmethod 10959 0x0000024a0991e408 code [0x0000024a0991e700, 0x0000024a0991ffd8]
Event: 17782.682 Thread 0x0000024a199a2660 10961       3       org.springframework.cloud.netflix.eureka.CloudEurekaClient::onCacheRefreshed (55 bytes)
Event: 17782.736 Thread 0x0000024a199a2660 nmethod 10961 0x0000024a09920108 code [0x0000024a09920400, 0x0000024a09921c48]
Event: 17813.178 Thread 0x0000024a199a2660 10966       3       com.netflix.discovery.shared.Applications::shuffleInstances (10 bytes)
Event: 17813.199 Thread 0x0000024a199a2660 nmethod 10966 0x0000024a09921d88 code [0x0000024a09921ea0, 0x0000024a09921ff8]
Event: 17843.337 Thread 0x0000024a199a2660 10967       3       org.springframework.http.client.HttpComponentsClientHttpRequestFactory::createHttpUriRequest (169 bytes)
Event: 17843.431 Thread 0x0000024a199a2660 nmethod 10967 0x0000024a09922088 code [0x0000024a09922360, 0x0000024a09923480]
Event: 17843.432 Thread 0x0000024a199a2660 10983       3       org.apache.hc.core5.http.support.AbstractMessageBuilder::getHeaders (19 bytes)
Event: 17843.449 Thread 0x0000024a199a2660 nmethod 10983 0x0000024a09923508 code [0x0000024a09923640, 0x0000024a09923a60]
Event: 17843.450 Thread 0x0000024a199a2660 10981       3       org.apache.hc.core5.http.message.BasicClassicHttpRequest::<init> (10 bytes)
Event: 17843.464 Thread 0x0000024a199a2660 nmethod 10981 0x0000024a09923a88 code [0x0000024a09923c00, 0x0000024a099242a8]
Event: 17843.464 Thread 0x0000024a199a2660 10968   !   3       org.apache.hc.core5.http.message.BasicHttpRequest::setUri (149 bytes)
Event: 17843.486 Thread 0x0000024a199a2660 nmethod 10968 0x0000024a09924308 code [0x0000024a09924520, 0x0000024a09925868]
Event: 17843.486 Thread 0x0000024a199a2660 10986       3       org.apache.hc.client5.http.impl.io.PoolingHttpClientConnectionManager$3::<init> (43 bytes)
Event: 17843.506 Thread 0x0000024a199a2660 nmethod 10986 0x0000024a09925908 code [0x0000024a09925a80, 0x0000024a099261b8]
Event: 17843.507 Thread 0x0000024a199a2660 10988       3       org.apache.hc.core5.net.Host::format (87 bytes)
Event: 17843.531 Thread 0x0000024a199a2660 nmethod 10988 0x0000024a09926208 code [0x0000024a099264c0, 0x0000024a09927998]
Event: 17851.839 Thread 0x0000024a1996dc20 10989   !   4       org.apache.catalina.core.ContainerBase::findChildren (67 bytes)

GC Heap History (20 events):
Event: 8.433 GC heap before
{Heap before GC invocations=4 (full 0):
 garbage-first heap   total reserved 1527808K, committed 61440K, used 59777K [0x00000000a2c00000, 0x0000000100000000)
  region size 1024K, 46 young (47104K), 4 survivors (4096K)
 Metaspace       used 27001K, committed 27328K, reserved 1114112K
  class space    used 2805K, committed 2944K, reserved 1048576K
}
Event: 8.451 GC heap after
{Heap after GC invocations=5 (full 0):
 garbage-first heap   total reserved 1527808K, committed 70656K, used 21082K [0x00000000a2c00000, 0x0000000100000000)
  region size 1024K, 6 young (6144K), 6 survivors (6144K)
 Metaspace       used 27001K, committed 27328K, reserved 1114112K
  class space    used 2805K, committed 2944K, reserved 1048576K
}
Event: 10.962 GC heap before
{Heap before GC invocations=5 (full 0):
 garbage-first heap   total reserved 1527808K, committed 70656K, used 52826K [0x00000000a2c00000, 0x0000000100000000)
  region size 1024K, 36 young (36864K), 6 survivors (6144K)
 Metaspace       used 32180K, committed 32576K, reserved 1114112K
  class space    used 3422K, committed 3584K, reserved 1048576K
}
Event: 10.973 GC heap after
{Heap after GC invocations=6 (full 0):
 garbage-first heap   total reserved 1527808K, committed 70656K, used 23945K [0x00000000a2c00000, 0x0000000100000000)
  region size 1024K, 4 young (4096K), 4 survivors (4096K)
 Metaspace       used 32180K, committed 32576K, reserved 1114112K
  class space    used 3422K, committed 3584K, reserved 1048576K
}
Event: 12.520 GC heap before
{Heap before GC invocations=6 (full 0):
 garbage-first heap   total reserved 1527808K, committed 70656K, used 43401K [0x00000000a2c00000, 0x0000000100000000)
  region size 1024K, 24 young (24576K), 4 survivors (4096K)
 Metaspace       used 35658K, committed 36096K, reserved 1114112K
  class space    used 3905K, committed 4096K, reserved 1048576K
}
Event: 12.526 GC heap after
{Heap after GC invocations=7 (full 0):
 garbage-first heap   total reserved 1527808K, committed 70656K, used 25953K [0x00000000a2c00000, 0x0000000100000000)
  region size 1024K, 3 young (3072K), 3 survivors (3072K)
 Metaspace       used 35658K, committed 36096K, reserved 1114112K
  class space    used 3905K, committed 4096K, reserved 1048576K
}
Event: 14.871 GC heap before
{Heap before GC invocations=8 (full 0):
 garbage-first heap   total reserved 1527808K, committed 70656K, used 54625K [0x00000000a2c00000, 0x0000000100000000)
  region size 1024K, 32 young (32768K), 3 survivors (3072K)
 Metaspace       used 40436K, committed 40960K, reserved 1114112K
  class space    used 4454K, committed 4672K, reserved 1048576K
}
Event: 14.880 GC heap after
{Heap after GC invocations=9 (full 0):
 garbage-first heap   total reserved 1527808K, committed 70656K, used 29822K [0x00000000a2c00000, 0x0000000100000000)
  region size 1024K, 4 young (4096K), 4 survivors (4096K)
 Metaspace       used 40436K, committed 40960K, reserved 1114112K
  class space    used 4454K, committed 4672K, reserved 1048576K
}
Event: 56.094 GC heap before
{Heap before GC invocations=9 (full 0):
 garbage-first heap   total reserved 1527808K, committed 70656K, used 56446K [0x00000000a2c00000, 0x0000000100000000)
  region size 1024K, 31 young (31744K), 4 survivors (4096K)
 Metaspace       used 45346K, committed 45888K, reserved 1114112K
  class space    used 5054K, committed 5312K, reserved 1048576K
}
Event: 56.132 GC heap after
{Heap after GC invocations=10 (full 0):
 garbage-first heap   total reserved 1527808K, committed 70656K, used 32383K [0x00000000a2c00000, 0x0000000100000000)
  region size 1024K, 4 young (4096K), 4 survivors (4096K)
 Metaspace       used 45346K, committed 45888K, reserved 1114112K
  class space    used 5054K, committed 5312K, reserved 1048576K
}
Event: 1283.347 GC heap before
{Heap before GC invocations=10 (full 0):
 garbage-first heap   total reserved 1527808K, committed 70656K, used 56959K [0x00000000a2c00000, 0x0000000100000000)
  region size 1024K, 29 young (29696K), 4 survivors (4096K)
 Metaspace       used 47748K, committed 48320K, reserved 1114112K
  class space    used 5257K, committed 5504K, reserved 1048576K
}
Event: 1283.451 GC heap after
{Heap after GC invocations=11 (full 0):
 garbage-first heap   total reserved 1527808K, committed 70656K, used 33557K [0x00000000a2c00000, 0x0000000100000000)
  region size 1024K, 2 young (2048K), 2 survivors (2048K)
 Metaspace       used 47748K, committed 48320K, reserved 1114112K
  class space    used 5257K, committed 5504K, reserved 1048576K
}
Event: 5753.275 GC heap before
{Heap before GC invocations=11 (full 0):
 garbage-first heap   total reserved 1527808K, committed 70656K, used 60181K [0x00000000a2c00000, 0x0000000100000000)
  region size 1024K, 28 young (28672K), 2 survivors (2048K)
 Metaspace       used 48505K, committed 49088K, reserved 1114112K
  class space    used 5265K, committed 5504K, reserved 1048576K
}
Event: 5753.422 GC heap after
{Heap after GC invocations=12 (full 0):
 garbage-first heap   total reserved 1527808K, committed 70656K, used 33519K [0x00000000a2c00000, 0x0000000100000000)
  region size 1024K, 2 young (2048K), 2 survivors (2048K)
 Metaspace       used 48505K, committed 49088K, reserved 1114112K
  class space    used 5265K, committed 5504K, reserved 1048576K
}
Event: 13798.213 GC heap before
{Heap before GC invocations=13 (full 0):
 garbage-first heap   total reserved 1527808K, committed 70656K, used 61167K [0x00000000a2c00000, 0x0000000100000000)
  region size 1024K, 29 young (29696K), 2 survivors (2048K)
 Metaspace       used 48993K, committed 49536K, reserved 1114112K
  class space    used 5218K, committed 5504K, reserved 1048576K
}
Event: 13798.285 GC heap after
{Heap after GC invocations=14 (full 0):
 garbage-first heap   total reserved 1527808K, committed 70656K, used 33473K [0x00000000a2c00000, 0x0000000100000000)
  region size 1024K, 2 young (2048K), 2 survivors (2048K)
 Metaspace       used 48993K, committed 49536K, reserved 1114112K
  class space    used 5218K, committed 5504K, reserved 1048576K
}
Event: 14494.515 GC heap before
{Heap before GC invocations=14 (full 0):
 garbage-first heap   total reserved 1527808K, committed 70656K, used 62145K [0x00000000a2c00000, 0x0000000100000000)
  region size 1024K, 30 young (30720K), 2 survivors (2048K)
 Metaspace       used 49288K, committed 49856K, reserved 1114112K
  class space    used 5219K, committed 5504K, reserved 1048576K
}
Event: 14494.814 GC heap after
{Heap after GC invocations=15 (full 0):
 garbage-first heap   total reserved 1527808K, committed 70656K, used 28559K [0x00000000a2c00000, 0x0000000100000000)
  region size 1024K, 1 young (1024K), 1 survivors (1024K)
 Metaspace       used 49288K, committed 49856K, reserved 1114112K
  class space    used 5219K, committed 5504K, reserved 1048576K
}
Event: 15317.171 GC heap before
{Heap before GC invocations=15 (full 0):
 garbage-first heap   total reserved 1527808K, committed 70656K, used 62351K [0x00000000a2c00000, 0x0000000100000000)
  region size 1024K, 35 young (35840K), 1 survivors (1024K)
 Metaspace       used 49506K, committed 50112K, reserved 1114112K
  class space    used 5222K, committed 5504K, reserved 1048576K
}
Event: 15317.247 GC heap after
{Heap after GC invocations=16 (full 0):
 garbage-first heap   total reserved 1527808K, committed 70656K, used 27376K [0x00000000a2c00000, 0x0000000100000000)
  region size 1024K, 2 young (2048K), 2 survivors (2048K)
 Metaspace       used 49506K, committed 50112K, reserved 1114112K
  class space    used 5222K, committed 5504K, reserved 1048576K
}

Dll operation events (13 events):
Event: 0.026 Loaded shared library C:\Program Files\Java\jdk-24\bin\java.dll
Event: 0.083 Loaded shared library C:\Program Files\Java\jdk-24\bin\jsvml.dll
Event: 0.526 Loaded shared library C:\Program Files\Java\jdk-24\bin\zip.dll
Event: 0.533 Loaded shared library C:\Program Files\Java\jdk-24\bin\instrument.dll
Event: 0.544 Loaded shared library C:\Program Files\Java\jdk-24\bin\net.dll
Event: 0.548 Loaded shared library C:\Program Files\Java\jdk-24\bin\nio.dll
Event: 0.559 Loaded shared library C:\Program Files\Java\jdk-24\bin\zip.dll
Event: 1.016 Loaded shared library C:\Program Files\Java\jdk-24\bin\extnet.dll
Event: 1.065 Loaded shared library C:\Program Files\Java\jdk-24\bin\verify.dll
Event: 1.081 Loaded shared library C:\Program Files\Java\jdk-24\bin\jimage.dll
Event: 6.155 Loaded shared library C:\Program Files\Java\jdk-24\bin\sunmscapi.dll
Event: 9.864 Loaded shared library C:\Program Files\Java\jdk-24\bin\management.dll
Event: 9.872 Loaded shared library C:\Program Files\Java\jdk-24\bin\management_ext.dll

Deoptimization events (20 events):
Event: 15483.766 Thread 0x0000024a612d5240 DEOPT PACKING pc=0x0000024a106bacd0 sp=0x000000c35ebfd940
Event: 15483.766 Thread 0x0000024a612d5240 DEOPT UNPACKING pc=0x0000024a0fe25c02 sp=0x000000c35ebfd758 mode 2
Event: 15483.767 Thread 0x0000024a612d5240 Uncommon trap: trap_request=0xffffffde fr.pc=0x0000024a106bacd0 relative=0x00000000000063d0
Event: 15483.767 Thread 0x0000024a612d5240 Uncommon trap: reason=class_check action=maybe_recompile pc=0x0000024a106bacd0 method=com.fasterxml.jackson.databind.introspect.AnnotatedClassResolver.resolveClassAnnotations(Ljava/util/List;)Lcom/fasterxml/jackson/databind/util/Annotations; @ 22 c2
Event: 15483.767 Thread 0x0000024a612d5240 DEOPT PACKING pc=0x0000024a106bacd0 sp=0x000000c35ebfd940
Event: 15483.767 Thread 0x0000024a612d5240 DEOPT UNPACKING pc=0x0000024a0fe25c02 sp=0x000000c35ebfd758 mode 2
Event: 15516.676 Thread 0x0000024a612d43a0 Uncommon trap: trap_request=0xffffff4d fr.pc=0x0000024a1037d2cc relative=0x000000000000022c
Event: 15516.676 Thread 0x0000024a612d43a0 Uncommon trap: reason=unstable_if action=reinterpret pc=0x0000024a1037d2cc method=java.util.WeakHashMap.expungeStaleEntries()V @ 9 c2
Event: 15516.676 Thread 0x0000024a612d43a0 DEOPT PACKING pc=0x0000024a1037d2cc sp=0x000000c35eafc7b0
Event: 15516.677 Thread 0x0000024a612d43a0 DEOPT UNPACKING pc=0x0000024a0fe25c02 sp=0x000000c35eafc748 mode 2
Event: 15892.589 Thread 0x0000024a612d5240 DEOPT PACKING pc=0x0000024a08b8c344 sp=0x000000c35ebfd610
Event: 15892.592 Thread 0x0000024a612d5240 DEOPT UNPACKING pc=0x0000024a0fd65722 sp=0x000000c35ebfcbc8 mode 0
Event: 16044.837 Thread 0x0000024a61c87b90 Uncommon trap: trap_request=0xffffff54 fr.pc=0x0000024a104d59dc relative=0x0000000000000d3c
Event: 16044.837 Thread 0x0000024a61c87b90 Uncommon trap: reason=speculate_null_assert action=make_not_entrant pc=0x0000024a104d59dc method=org.springframework.util.ConcurrentReferenceHashMap$Segment.restructureIfNecessary(Z)V @ 41 c2
Event: 16044.838 Thread 0x0000024a61c87b90 DEOPT PACKING pc=0x0000024a104d59dc sp=0x000000c35e1fbd80
Event: 16044.840 Thread 0x0000024a61c87b90 DEOPT UNPACKING pc=0x0000024a0fe25c02 sp=0x000000c35e1fba08 mode 2
Event: 16104.922 Thread 0x0000024a612d43a0 Uncommon trap: trap_request=0xffffff4d fr.pc=0x0000024a10760420 relative=0x0000000000000b40
Event: 16104.924 Thread 0x0000024a612d43a0 Uncommon trap: reason=unstable_if action=reinterpret pc=0x0000024a10760420 method=com.fasterxml.jackson.core.json.UTF8StreamJsonParser._finishAndReturnString()Ljava/lang/String; @ 10 c2
Event: 16104.925 Thread 0x0000024a612d43a0 DEOPT PACKING pc=0x0000024a10760420 sp=0x000000c35eafd270
Event: 16104.928 Thread 0x0000024a612d43a0 DEOPT UNPACKING pc=0x0000024a0fe25c02 sp=0x000000c35eafd238 mode 2

Classes loaded (20 events):
Event: 84.726 Loading class java/io/Reader$2
Event: 84.726 Loading class java/io/Reader$2 done
Event: 84.888 Loading class java/security/SecurityPermission
Event: 84.889 Loading class java/security/SecurityPermission done
Event: 85.427 Loading class java/util/stream/LongStream
Event: 85.428 Loading class java/util/stream/LongStream done
Event: 85.428 Loading class java/util/stream/DoubleStream
Event: 85.429 Loading class java/util/stream/DoubleStream done
Event: 86.334 Loading class java/lang/invoke/BoundMethodHandle$Species_LLLLLLLL
Event: 86.334 Loading class java/lang/invoke/BoundMethodHandle$Species_LLLLLLLL done
Event: 86.348 Loading class java/lang/invoke/BoundMethodHandle$Species_LLLLLLLLL
Event: 86.348 Loading class java/lang/invoke/BoundMethodHandle$Species_LLLLLLLLL done
Event: 86.369 Loading class java/lang/invoke/BoundMethodHandle$Species_LLLLLLLLLL
Event: 86.369 Loading class java/lang/invoke/BoundMethodHandle$Species_LLLLLLLLLL done
Event: 86.378 Loading class java/lang/invoke/BoundMethodHandle$Species_LLLLLLLLLLL
Event: 86.378 Loading class java/lang/invoke/BoundMethodHandle$Species_LLLLLLLLLLL done
Event: 98.761 Loading class sun/net/ConnectionResetException
Event: 98.762 Loading class sun/net/ConnectionResetException done
Event: 1283.323 Loading class java/util/concurrent/locks/ReentrantReadWriteLock$Sync$HoldCounter
Event: 1283.335 Loading class java/util/concurrent/locks/ReentrantReadWriteLock$Sync$HoldCounter done

Classes unloaded (20 events):
Event: 5754.028 Thread 0x0000024a1994f830 Unloading class 0x0000024a1b29c000 'java/lang/invoke/LambdaForm$DMH+0x0000024a1b29c000'
Event: 5754.029 Thread 0x0000024a1994f830 Unloading class 0x0000024a1b290000 'java/lang/invoke/LambdaForm$DMH+0x0000024a1b290000'
Event: 5754.029 Thread 0x0000024a1994f830 Unloading class 0x0000024a1b248400 'java/lang/invoke/LambdaForm$DMH+0x0000024a1b248400'
Event: 5754.030 Thread 0x0000024a1994f830 Unloading class 0x0000024a1b1d0000 'java/lang/invoke/LambdaForm$MH+0x0000024a1b1d0000'
Event: 5754.030 Thread 0x0000024a1994f830 Unloading class 0x0000024a1b11a000 'java/lang/invoke/LambdaForm$MH+0x0000024a1b11a000'
Event: 5754.030 Thread 0x0000024a1994f830 Unloading class 0x0000024a1b119c00 'java/lang/invoke/LambdaForm$MH+0x0000024a1b119c00'
Event: 5754.031 Thread 0x0000024a1994f830 Unloading class 0x0000024a1b113400 'java/lang/invoke/LambdaForm$DMH+0x0000024a1b113400'
Event: 5754.031 Thread 0x0000024a1994f830 Unloading class 0x0000024a1b112c00 'java/lang/invoke/LambdaForm$DMH+0x0000024a1b112c00'
Event: 5754.032 Thread 0x0000024a1994f830 Unloading class 0x0000024a1b112400 'java/lang/invoke/LambdaForm$DMH+0x0000024a1b112400'
Event: 5754.032 Thread 0x0000024a1994f830 Unloading class 0x0000024a1b111400 'java/lang/invoke/LambdaForm$DMH+0x0000024a1b111400'
Event: 5754.033 Thread 0x0000024a1994f830 Unloading class 0x0000024a1b101000 'java/lang/invoke/LambdaForm$MH+0x0000024a1b101000'
Event: 5754.033 Thread 0x0000024a1994f830 Unloading class 0x0000024a1b100c00 'java/lang/invoke/LambdaForm$MH+0x0000024a1b100c00'
Event: 5754.034 Thread 0x0000024a1994f830 Unloading class 0x0000024a1b0f4000 'java/lang/invoke/LambdaForm$MH+0x0000024a1b0f4000'
Event: 5754.034 Thread 0x0000024a1994f830 Unloading class 0x0000024a1b0e8000 'java/lang/invoke/LambdaForm$DMH+0x0000024a1b0e8000'
Event: 5754.034 Thread 0x0000024a1994f830 Unloading class 0x0000024a1b024800 'java/lang/invoke/LambdaForm$MH+0x0000024a1b024800'
Event: 5754.035 Thread 0x0000024a1994f830 Unloading class 0x0000024a1b010c00 'java/lang/invoke/LambdaForm$BMH+0x0000024a1b010c00'
Event: 5754.035 Thread 0x0000024a1994f830 Unloading class 0x0000024a1b002400 'java/lang/invoke/LambdaForm$MH+0x0000024a1b002400'
Event: 5754.035 Thread 0x0000024a1994f830 Unloading class 0x0000024a1b002000 'java/lang/invoke/LambdaForm$MH+0x0000024a1b002000'
Event: 5754.036 Thread 0x0000024a1994f830 Unloading class 0x0000024a1b001c00 'java/lang/invoke/LambdaForm$MH+0x0000024a1b001c00'
Event: 5754.036 Thread 0x0000024a1994f830 Unloading class 0x0000024a1b001400 'java/lang/invoke/LambdaForm$MH+0x0000024a1b001400'

Classes redefined (0 events):
No events

Internal exceptions (20 events):
Event: 15317.303 Thread 0x0000024a612d43a0 Exception <a 'java/net/ConnectException'{0x00000000fffb9980}: Connection refused: getsockopt> (0x00000000fffb9980) 
thrown [s\open\src\hotspot\share\prims\jni.cpp, line 536]
Event: 15317.310 Thread 0x0000024a612d5240 Exception <a 'java/net/ConnectException'{0x00000000fff7f550}: Connection refused: getsockopt> (0x00000000fff7f550) 
thrown [s\open\src\hotspot\share\prims\jni.cpp, line 536]
Event: 15317.311 Thread 0x0000024a612d5240 Exception <a 'java/net/ConnectException'{0x00000000fff800a8}: Connection refused: getsockopt> (0x00000000fff800a8) 
thrown [s\open\src\hotspot\share\prims\jni.cpp, line 536]
Event: 15347.361 Thread 0x0000024a612d43a0 Exception <a 'java/net/ConnectException'{0x00000000a89f6720}: Connection refused: getsockopt> (0x00000000a89f6720) 
thrown [s\open\src\hotspot\share\prims\jni.cpp, line 536]
Event: 15347.362 Thread 0x0000024a612d5240 Exception <a 'java/net/ConnectException'{0x00000000a89c1540}: Connection refused: getsockopt> (0x00000000a89c1540) 
thrown [s\open\src\hotspot\share\prims\jni.cpp, line 536]
Event: 15347.362 Thread 0x0000024a612d43a0 Exception <a 'java/net/ConnectException'{0x00000000a89f7278}: Connection refused: getsockopt> (0x00000000a89f7278) 
thrown [s\open\src\hotspot\share\prims\jni.cpp, line 536]
Event: 15347.363 Thread 0x0000024a612d5240 Exception <a 'java/net/ConnectException'{0x00000000a89c2098}: Connection refused: getsockopt> (0x00000000a89c2098) 
thrown [s\open\src\hotspot\share\prims\jni.cpp, line 536]
Event: 15377.411 Thread 0x0000024a612d5240 Exception <a 'java/net/ConnectException'{0x00000000a7c1a848}: Connection refused: getsockopt> (0x00000000a7c1a848) 
thrown [s\open\src\hotspot\share\prims\jni.cpp, line 536]
Event: 15377.412 Thread 0x0000024a612d5240 Exception <a 'java/net/ConnectException'{0x00000000a7c1b3a0}: Connection refused: getsockopt> (0x00000000a7c1b3a0) 
thrown [s\open\src\hotspot\share\prims\jni.cpp, line 536]
Event: 15377.420 Thread 0x0000024a612d43a0 Exception <a 'java/net/ConnectException'{0x00000000a7c4f790}: Connection refused: getsockopt> (0x00000000a7c4f790) 
thrown [s\open\src\hotspot\share\prims\jni.cpp, line 536]
Event: 15377.432 Thread 0x0000024a612d43a0 Exception <a 'java/net/ConnectException'{0x00000000a7c502e8}: Connection refused: getsockopt> (0x00000000a7c502e8) 
thrown [s\open\src\hotspot\share\prims\jni.cpp, line 536]
Event: 15408.155 Thread 0x0000024a612d43a0 Exception <a 'java/net/ConnectException'{0x00000000a7b735e8}: Connection refused: getsockopt> (0x00000000a7b735e8) 
thrown [s\open\src\hotspot\share\prims\jni.cpp, line 536]
Event: 15408.158 Thread 0x0000024a612d5240 Exception <a 'java/net/ConnectException'{0x00000000a7b84498}: Connection refused: getsockopt> (0x00000000a7b84498) 
thrown [s\open\src\hotspot\share\prims\jni.cpp, line 536]
Event: 15408.161 Thread 0x0000024a612d5240 Exception <a 'java/net/ConnectException'{0x00000000a7b84ff0}: Connection refused: getsockopt> (0x00000000a7b84ff0) 
thrown [s\open\src\hotspot\share\prims\jni.cpp, line 536]
Event: 15408.161 Thread 0x0000024a612d43a0 Exception <a 'java/net/ConnectException'{0x00000000a7b74140}: Connection refused: getsockopt> (0x00000000a7b74140) 
thrown [s\open\src\hotspot\share\prims\jni.cpp, line 536]
Event: 15439.455 Thread 0x0000024a612d5240 Exception <a 'java/net/ConnectException'{0x00000000a7aaedd8}: Connection refused: getsockopt> (0x00000000a7aaedd8) 
thrown [s\open\src\hotspot\share\prims\jni.cpp, line 536]
Event: 15439.455 Thread 0x0000024a612d43a0 Exception <a 'java/net/ConnectException'{0x00000000a7ada988}: Connection refused: getsockopt> (0x00000000a7ada988) 
thrown [s\open\src\hotspot\share\prims\jni.cpp, line 536]
Event: 15439.461 Thread 0x0000024a612d43a0 Exception <a 'java/net/ConnectException'{0x00000000a7adb4e0}: Connection refused: getsockopt> (0x00000000a7adb4e0) 
thrown [s\open\src\hotspot\share\prims\jni.cpp, line 536]
Event: 15439.461 Thread 0x0000024a612d5240 Exception <a 'java/net/ConnectException'{0x00000000a7aaf930}: Connection refused: getsockopt> (0x00000000a7aaf930) 
thrown [s\open\src\hotspot\share\prims\jni.cpp, line 536]
Event: 15484.884 Thread 0x0000024a612d5240 Exception <a 'java/lang/NoSuchMethodError'{0x00000000a65b1200}: 'long java.lang.invoke.DelegatingMethodHandle$Holder.reinvoke_L(java.lang.Object, java.lang.Object)'> (0x00000000a65b1200) 
thrown [s\open\src\hotspot\share\interpreter\linkResolver.cpp, line 805]

VM Operations (20 events):
Event: 15273.299 Executing VM operation: RendezvousGCThreads
Event: 15273.299 Executing VM operation: RendezvousGCThreads done
Event: 15317.169 Executing VM operation: G1CollectForAllocation (G1 Evacuation Pause)
Event: 15317.248 Executing VM operation: G1CollectForAllocation (G1 Evacuation Pause) done
Event: 15333.427 Executing VM operation: HandshakeAllThreads (HandshakeForDeflation)
Event: 15333.427 Executing VM operation: HandshakeAllThreads (HandshakeForDeflation) done
Event: 15333.427 Executing VM operation: RendezvousGCThreads
Event: 15333.427 Executing VM operation: RendezvousGCThreads done
Event: 15393.563 Executing VM operation: HandshakeAllThreads (HandshakeForDeflation)
Event: 15393.568 Executing VM operation: HandshakeAllThreads (HandshakeForDeflation) done
Event: 15393.568 Executing VM operation: RendezvousGCThreads
Event: 15393.568 Executing VM operation: RendezvousGCThreads done
Event: 15454.058 Executing VM operation: HandshakeAllThreads (HandshakeForDeflation)
Event: 15454.067 Executing VM operation: HandshakeAllThreads (HandshakeForDeflation) done
Event: 15454.077 Executing VM operation: RendezvousGCThreads
Event: 15454.077 Executing VM operation: RendezvousGCThreads done
Event: 15513.893 Executing VM operation: HandshakeAllThreads (HandshakeForDeflation)
Event: 15513.932 Executing VM operation: HandshakeAllThreads (HandshakeForDeflation) done
Event: 15513.932 Executing VM operation: RendezvousGCThreads
Event: 15513.932 Executing VM operation: RendezvousGCThreads done

Memory protections (0 events):
No events

Nmethod flushes (20 events):
Event: 5754.635 Thread 0x0000024a1994f830 flushing  nmethod 0x0000024a08c5e388
Event: 5754.635 Thread 0x0000024a1994f830 flushing  nmethod 0x0000024a08c62688
Event: 5754.635 Thread 0x0000024a1994f830 flushing  nmethod 0x0000024a08c62988
Event: 5754.635 Thread 0x0000024a1994f830 flushing  nmethod 0x0000024a08c62c88
Event: 5754.635 Thread 0x0000024a1994f830 flushing  nmethod 0x0000024a08c62f88
Event: 5754.635 Thread 0x0000024a1994f830 flushing  nmethod 0x0000024a08cdca08
Event: 5754.635 Thread 0x0000024a1994f830 flushing  nmethod 0x0000024a08ce5c88
Event: 5754.635 Thread 0x0000024a1994f830 flushing  nmethod 0x0000024a08ce6f88
Event: 5754.635 Thread 0x0000024a1994f830 flushing  nmethod 0x0000024a08df9608
Event: 5754.635 Thread 0x0000024a1994f830 flushing  nmethod 0x0000024a08df9a88
Event: 5754.635 Thread 0x0000024a1994f830 flushing  nmethod 0x0000024a08df9d88
Event: 5754.635 Thread 0x0000024a1994f830 flushing  nmethod 0x0000024a08e01108
Event: 5754.635 Thread 0x0000024a1994f830 flushing  nmethod 0x0000024a08e01488
Event: 5754.635 Thread 0x0000024a1994f830 flushing  nmethod 0x0000024a08e01b88
Event: 5754.635 Thread 0x0000024a1994f830 flushing  nmethod 0x0000024a08e02e08
Event: 5754.635 Thread 0x0000024a1994f830 flushing  nmethod 0x0000024a08e03488
Event: 5754.636 Thread 0x0000024a1994f830 flushing  nmethod 0x0000024a08e04a08
Event: 5754.636 Thread 0x0000024a1994f830 flushing  nmethod 0x0000024a08efec08
Event: 5754.636 Thread 0x0000024a1994f830 flushing  nmethod 0x0000024a08f00108
Event: 5754.636 Thread 0x0000024a1994f830 flushing  nmethod 0x0000024a0906fd88

Events (20 events):
Event: 15.968 Thread 0x0000024a7d4bb850 Thread added: 0x0000024a61c898d0
Event: 15.968 Thread 0x0000024a7d4bb850 Thread added: 0x0000024a61c865a0
Event: 15.969 Thread 0x0000024a7d4bb850 Thread added: 0x0000024a61c89180
Event: 15.969 Thread 0x0000024a7d4bb850 Thread added: 0x0000024a61c87b90
Event: 15.969 Thread 0x0000024a7d4bb850 Thread added: 0x0000024a61c86cf0
Event: 15.969 Thread 0x0000024a7d4bb850 Thread added: 0x0000024a61c88a30
Event: 15.969 Thread 0x0000024a7d4bb850 Thread added: 0x0000024a61c882e0
Event: 15.969 Thread 0x0000024a7d4bb850 Thread added: 0x0000024a61c8a770
Event: 15.969 Thread 0x0000024a7d4bb850 Thread added: 0x0000024a61c8aec0
Event: 16.011 Thread 0x0000024a7d4bb850 Thread added: 0x0000024a61c8bd60
Event: 16.014 Thread 0x0000024a7d4bb850 Thread added: 0x0000024a61c8c4b0
Event: 16.088 Thread 0x0000024a7d4bb850 Thread exited: 0x0000024a7d4bb850
Event: 16.088 Thread 0x0000024a61c8a020 Thread added: 0x0000024a61c8a020
Event: 21.245 Thread 0x0000024a19a72300 Thread exited: 0x0000024a19a72300
Event: 45.909 Thread 0x0000024a61c85700 Thread added: 0x0000024a612d43a0
Event: 45.920 Thread 0x0000024a61c87440 Thread added: 0x0000024a612d5240
Event: 76.041 Thread 0x0000024a5fc75660 Thread exited: 0x0000024a5fc75660
Event: 294.140 Thread 0x0000024a199a2660 Thread added: 0x0000024a604b0680
Event: 296.608 Thread 0x0000024a604b0680 Thread exited: 0x0000024a604b0680
Event: 314.630 Thread 0x0000024a5fc74070 Thread added: 0x0000024a612d3c50


Dynamic libraries:
0x00007ff750d60000 - 0x00007ff750d70000 	C:\Program Files\Java\jdk-24\bin\java.exe
0x00007ff8f02c0000 - 0x00007ff8f0525000 	C:\WINDOWS\SYSTEM32\ntdll.dll
0x00007ff8ef850000 - 0x00007ff8ef919000 	C:\WINDOWS\System32\KERNEL32.DLL
0x00007ff8ed850000 - 0x00007ff8edc38000 	C:\WINDOWS\System32\KERNELBASE.dll
0x00007ff8ede20000 - 0x00007ff8edf6b000 	C:\WINDOWS\System32\ucrtbase.dll
0x00007ff8e78b0000 - 0x00007ff8e78cb000 	C:\Program Files\Java\jdk-24\bin\VCRUNTIME140.dll
0x00007ff8dfa50000 - 0x00007ff8dfa66000 	C:\Program Files\Java\jdk-24\bin\jli.dll
0x00007ff8ee810000 - 0x00007ff8ee9da000 	C:\WINDOWS\System32\USER32.dll
0x00007ff8d5ee0000 - 0x00007ff8d617a000 	C:\WINDOWS\WinSxS\amd64_microsoft.windows.common-controls_6595b64144ccf1df_6.0.26100.4202_none_3e0698d4e335f517\COMCTL32.dll
0x00007ff8ee030000 - 0x00007ff8ee057000 	C:\WINDOWS\System32\win32u.dll
0x00007ff8eff40000 - 0x00007ff8effe9000 	C:\WINDOWS\System32\msvcrt.dll
0x00007ff8ee7e0000 - 0x00007ff8ee80b000 	C:\WINDOWS\System32\GDI32.dll
0x00007ff8edce0000 - 0x00007ff8ede17000 	C:\WINDOWS\System32\gdi32full.dll
0x00007ff8ed410000 - 0x00007ff8ed4b3000 	C:\WINDOWS\System32\msvcp_win.dll
0x00007ff8eeb40000 - 0x00007ff8eeb70000 	C:\WINDOWS\System32\IMM32.DLL
0x00007ff8e7a50000 - 0x00007ff8e7a5c000 	C:\Program Files\Java\jdk-24\bin\vcruntime140_1.dll
0x00007ff8c3fd0000 - 0x00007ff8c405e000 	C:\Program Files\Java\jdk-24\bin\msvcp140.dll
0x00007ff879470000 - 0x00007ff87a212000 	C:\Program Files\Java\jdk-24\bin\server\jvm.dll
0x00007ff8ef790000 - 0x00007ff8ef843000 	C:\WINDOWS\System32\ADVAPI32.dll
0x00007ff8ee620000 - 0x00007ff8ee6c6000 	C:\WINDOWS\System32\sechost.dll
0x00007ff8ee500000 - 0x00007ff8ee615000 	C:\WINDOWS\System32\RPCRT4.dll
0x00007ff8ee6e0000 - 0x00007ff8ee754000 	C:\WINDOWS\System32\WS2_32.dll
0x00007ff8ed0c0000 - 0x00007ff8ed11e000 	C:\WINDOWS\SYSTEM32\POWRPROF.dll
0x00007ff8e1840000 - 0x00007ff8e184b000 	C:\WINDOWS\SYSTEM32\VERSION.dll
0x00007ff8e25f0000 - 0x00007ff8e2625000 	C:\WINDOWS\SYSTEM32\WINMM.dll
0x00007ff8ed0a0000 - 0x00007ff8ed0b4000 	C:\WINDOWS\SYSTEM32\UMPDC.dll
0x00007ff8ec1d0000 - 0x00007ff8ec1eb000 	C:\WINDOWS\SYSTEM32\kernel.appcore.dll
0x00007ff8e79c0000 - 0x00007ff8e79ca000 	C:\Program Files\Java\jdk-24\bin\jimage.dll
0x00007ff8eac60000 - 0x00007ff8eaea1000 	C:\WINDOWS\SYSTEM32\DBGHELP.DLL
0x00007ff8efb00000 - 0x00007ff8efe85000 	C:\WINDOWS\System32\combase.dll
0x00007ff8eea50000 - 0x00007ff8eeb31000 	C:\WINDOWS\System32\OLEAUT32.dll
0x00007ff8d2a50000 - 0x00007ff8d2a89000 	C:\WINDOWS\SYSTEM32\dbgcore.DLL
0x00007ff8edc40000 - 0x00007ff8edcd9000 	C:\WINDOWS\System32\bcryptPrimitives.dll
0x00007ff8daff0000 - 0x00007ff8dafff000 	C:\Program Files\Java\jdk-24\bin\instrument.dll
0x00007ff8de820000 - 0x00007ff8de83e000 	C:\Program Files\Java\jdk-24\bin\java.dll
0x00007ff8eeb80000 - 0x00007ff8eed1e000 	C:\WINDOWS\System32\ole32.dll
0x00007ff8eef40000 - 0x00007ff8ef682000 	C:\WINDOWS\System32\SHELL32.dll
0x00007ff8ed550000 - 0x00007ff8ed6c4000 	C:\WINDOWS\System32\wintypes.dll
0x00007ff8eb070000 - 0x00007ff8eb8c8000 	C:\WINDOWS\SYSTEM32\windows.storage.dll
0x00007ff8f0160000 - 0x00007ff8f0251000 	C:\WINDOWS\System32\SHCORE.dll
0x00007ff8f0040000 - 0x00007ff8f00aa000 	C:\WINDOWS\System32\shlwapi.dll
0x00007ff8ed320000 - 0x00007ff8ed34f000 	C:\WINDOWS\SYSTEM32\profapi.dll
0x00007ff8ac2d0000 - 0x00007ff8ac3a7000 	C:\Program Files\Java\jdk-24\bin\jsvml.dll
0x00007ff8dbcb0000 - 0x00007ff8dbcc7000 	C:\Program Files\Java\jdk-24\bin\zip.dll
0x00007ff8dfa40000 - 0x00007ff8dfa50000 	C:\Program Files\Java\jdk-24\bin\net.dll
0x00007ff8ec740000 - 0x00007ff8ec7aa000 	C:\WINDOWS\system32\mswsock.dll
0x00007ff8de2e0000 - 0x00007ff8de2f6000 	C:\Program Files\Java\jdk-24\bin\nio.dll
0x00007ff8de2d0000 - 0x00007ff8de2d9000 	C:\Program Files\Java\jdk-24\bin\extnet.dll
0x00007ff8dafe0000 - 0x00007ff8daff0000 	C:\Program Files\Java\jdk-24\bin\verify.dll
0x00007ff8ebc30000 - 0x00007ff8ebc63000 	C:\WINDOWS\SYSTEM32\IPHLPAPI.DLL
0x00007ff8ee9e0000 - 0x00007ff8ee9ea000 	C:\WINDOWS\System32\NSI.dll
0x00007ff8ebcd0000 - 0x00007ff8ebdf7000 	C:\WINDOWS\SYSTEM32\DNSAPI.dll
0x00007ff8e2190000 - 0x00007ff8e219b000 	C:\Windows\System32\rasadhlp.dll
0x00007ff8e6cf0000 - 0x00007ff8e6d76000 	C:\WINDOWS\System32\fwpuclnt.dll
0x00007ff8de810000 - 0x00007ff8de81e000 	C:\Program Files\Java\jdk-24\bin\sunmscapi.dll
0x00007ff8ed6d0000 - 0x00007ff8ed847000 	C:\WINDOWS\System32\CRYPT32.dll
0x00007ff8ecc10000 - 0x00007ff8ecc40000 	C:\WINDOWS\SYSTEM32\ncrypt.dll
0x00007ff8ecbc0000 - 0x00007ff8ecbff000 	C:\WINDOWS\SYSTEM32\NTASN1.dll
0x00007ff8ec9f0000 - 0x00007ff8eca0b000 	C:\WINDOWS\SYSTEM32\CRYPTSP.dll
0x00007ff8ec130000 - 0x00007ff8ec16a000 	C:\WINDOWS\system32\rsaenh.dll
0x00007ff8ec7e0000 - 0x00007ff8ec80b000 	C:\WINDOWS\SYSTEM32\USERENV.dll
0x00007ff8ed2f0000 - 0x00007ff8ed316000 	C:\WINDOWS\SYSTEM32\bcrypt.dll
0x00007ff8eca10000 - 0x00007ff8eca1c000 	C:\WINDOWS\SYSTEM32\CRYPTBASE.dll
0x00007ff8db010000 - 0x00007ff8db01a000 	C:\Program Files\Java\jdk-24\bin\management.dll
0x00007ff8db000000 - 0x00007ff8db00b000 	C:\Program Files\Java\jdk-24\bin\management_ext.dll
0x00007ff8ee6d0000 - 0x00007ff8ee6d8000 	C:\WINDOWS\System32\PSAPI.DLL
0x00007ff878c30000 - 0x00007ff878c38000 	C:\WINDOWS\system32\wshunix.dll

dbghelp: loaded successfully - version: 4.0.5 - missing functions: none
symbol engine: initialized successfully - sym options: 0x614 - pdb path: .;C:\Program Files\Java\jdk-24\bin;C:\WINDOWS\SYSTEM32;C:\WINDOWS\WinSxS\amd64_microsoft.windows.common-controls_6595b64144ccf1df_6.0.26100.4202_none_3e0698d4e335f517;C:\Program Files\Java\jdk-24\bin\server

VM Arguments:
jvm_args: -javaagent:C:\Program Files\JetBrains\IntelliJ IDEA Community Edition 2025.1.1.1\lib\idea_rt.jar=53478 -Dfile.encoding=UTF-8 -Dsun.stdout.encoding=UTF-8 -Dsun.stderr.encoding=UTF-8 
java_command: com.m2_airline_system.config_server.ConfigServerApplication
java_class_path (initial): C:\Users\Abdelhalim\Desktop\m2-airline-system\config-server\${project.build.directory}\classes;C:\Users\Abdelhalim\.m2\repository\org\springframework\cloud\spring-cloud-config-server\4.3.0\spring-cloud-config-server-4.3.0.jar;C:\Users\Abdelhalim\.m2\repository\org\springframework\cloud\spring-cloud-config-client\4.3.0\spring-cloud-config-client-4.3.0.jar;C:\Users\Abdelhalim\.m2\repository\org\springframework\boot\spring-boot-autoconfigure\3.5.3\spring-boot-autoconfigure-3.5.3.jar;C:\Users\Abdelhalim\.m2\repository\org\springframework\spring-web\6.2.8\spring-web-6.2.8.jar;C:\Users\Abdelhalim\.m2\repository\org\springframework\spring-beans\6.2.8\spring-beans-6.2.8.jar;C:\Users\Abdelhalim\.m2\repository\com\fasterxml\jackson\core\jackson-annotations\2.19.1\jackson-annotations-2.19.1.jar;C:\Users\Abdelhalim\.m2\repository\com\fasterxml\jackson\core\jackson-databind\2.19.1\jackson-databind-2.19.1.jar;C:\Users\Abdelhalim\.m2\repository\io\micrometer\micrometer-observation\1.15.1\micrometer-observation-1.15.1.jar;C:\Users\Abdelhalim\.m2\repository\io\micrometer\micrometer-commons\1.15.1\micrometer-commons-1.15.1.jar;C:\Users\Abdelhalim\.m2\repository\org\springframework\boot\spring-boot-starter-web\3.5.3\spring-boot-starter-web-3.5.3.jar;C:\Users\Abdelhalim\.m2\repository\org\springframework\boot\spring-boot-starter-json\3.5.3\spring-boot-starter-json-3.5.3.jar;C:\Users\Abdelhalim\.m2\repository\com\fasterxml\jackson\datatype\jackson-datatype-jdk8\2.19.1\jackson-datatype-jdk8-2.19.1.jar;C:\Users\Abdelhalim\.m2\repository\com\fasterxml\jackson\datatype\jackson-datatype-jsr310\2.19.1\jackson-datatype-jsr310-2.19.1.jar;C:\Users\Abdelhalim\.m2\repository\com\fasterxml\jackson\module\jackson-module-parameter-names\2.19.1\jackson-module-parameter-names-2.19.1.jar;C:\Users\Abdelhalim\.m2\repository\org\springframework\boot\spring-boot-starter-tomcat\3.5.3\spring-boot-starter-tomcat-3.5.3.jar;C:\Users\Abdelhalim\.m2\repository\org\apache\tomcat\embed\tomcat-embed-core\10.1.42\tomcat-embed-core-10.1.42.jar;C:\Users\Abdelhalim\.m2\repository\org\apache\tomcat\embed\tomcat-embed-websocket\10.1.42\tomcat-embed-websocket-10.1.42.jar;C:\Users\Abdelhalim\.m2\repository\org\springframework\spring-webmvc\6.2.8\spring-webmvc-6.2.8.jar;C:\Users\Abdelhalim\.m2\repository\org\springframework\spring-aop\6.2.8\spring-aop-6.2.8.jar;C:\Users\Abdelhalim\.m2\repository\org\springframework\spring-context\6.2.8\spring-context-6.2.8.jar;C:\Users\Abdelhalim\.m2\repository\org\springframework\spring-expression\6.2.8\spring-expression-6.2.8.jar;C:\Users\Abdelhalim\.m2\repository\org\springframework\boot\spring-boot-starter-validation\3.5.3\spring-boot-starter-validation-3.5.3.jar;C:\Users\Abdelhalim\.m2\repository\org\apache\tomcat\embed\tomcat-embed-el\10.1.42\tomcat-embed-el-10.1.42.jar;C:\Users\Abdelhalim\.m2\repository\org\hibernate\validator\hibernate-validator\8.0.2.Final\hibernate-validator-8.0.2.Final.jar;C:\Users\Abdelhalim\.m2\repository\jakarta\validation\jakarta.validation-api\3.0.2\jakarta.validation-api-3.0.2.jar;C:\Users\Abdelhalim\.m2\repository\org\jboss\logging\jboss-logging\3.6.1.Final\jboss-logging-3.6.1.Final.jar;C:\Users\Abdelhalim\.m2\repository\com\fasterxml\classmate\1.7.0\classmate-1.7.0.jar;C:\Users\Abdelhalim\.m2\repository\org\springframework\security\spring-security-crypto\6.5.1\spring-security-crypto-6.5.1.jar;C:\Users\Abdelhalim\.m2\repository\org\apache\httpcomponents\client5\httpclient5\5.5\httpclient5-5.5.jar;C:\Users\Abdelhalim\.m2\repository\org\apache\httpcomponents\core5\httpcore5\5.3.4\httpcore5-5.3.4.jar;C:\Users\Abdelhalim\.m2\repository\org\apache\httpcomponents\core5\httpcore5-h2\5.3.4\httpcore5-h2-5.3.4.jar;C:\Users\Abdelhalim\.m2\repository\org\slf4j\slf4j-api\2.0.17\slf4j-api-2.0.17.jar;C:\Users\Abdelhalim\.m2\repository\org\eclipse\jgit\org.eclipse.jgit\6.10.1.202505221210-r\org.eclipse.jgit-6.10.1.202505221210-r.jar;C:\Users\Abdelhalim\.m2\repository\com\googlecode\javaewah\JavaEWAH\1.2.3\JavaEWAH-1.2.3.jar;C:\Users\Abdelhalim\.m2\repository\commons-codec\commons-codec\1.18.0\commons-codec-1.18.0.jar;C:\Users\Abdelhalim\.m2\repository\org\eclipse\jgit\org.eclipse.jgit.http.apache\6.10.1.202505221210-r\org.eclipse.jgit.http.apache-6.10.1.202505221210-r.jar;C:\Users\Abdelhalim\.m2\repository\org\apache\httpcomponents\httpclient\4.5.14\httpclient-4.5.14.jar;C:\Users\Abdelhalim\.m2\repository\commons-logging\commons-logging\1.2\commons-logging-1.2.jar;C:\Users\Abdelhalim\.m2\repository\org\apache\httpcomponents\httpcore\4.4.16\httpcore-4.4.16.jar;C:\Users\Abdelhalim\.m2\repository\org\eclipse\jgit\org.eclipse.jgit.ssh.apache\6.10.1.202505221210-r\org.eclipse.jgit.ssh.apache-6.10.1.202505221210-r.jar;C:\Users\Abdelhalim\.m2\repository\org\apache\sshd\sshd-osgi\2.14.0\sshd-osgi-2.14.0.jar;C:\Users\Abdelhalim\.m2\repository\org\slf4j\jcl-over-slf4j\2.0.17\jcl-over-slf4j-2.0.17.jar;C:\Users\Abdelhalim\.m2\repository\org\apache\sshd\sshd-sftp\2.14.0\sshd-sftp-2.14.0.jar;C:\Users\Abdelhalim\.m2\repository\net\i2p\crypto\eddsa\0.3.0\eddsa-0.3.0.jar;C:\Users\Abdelhalim\.m2\repository\org\yaml\snakeyaml\2.4\snakeyaml-2.4.jar;C:\Users\Abdelhalim\.m2\repository\com\fasterxml\jackson\dataformat\jackson-dataformat-yaml\2.19.1\jackson-dataformat-yaml-2.19.1.jar;C:\Users\Abdelhalim\.m2\repository\com\fasterxml\jackson\core\jackson-core\2.19.1\jackson-core-2.19.1.jar;C:\Users\Abdelhalim\.m2\repository\org\springframework\cloud\spring-cloud-starter-netflix-eureka-client\4.3.0\spring-cloud-starter-netflix-eureka-client-4.3.0.jar;C:\Users\Abdelhalim\.m2\repository\org\springframework\cloud\spring-cloud-starter\4.3.0\spring-cloud-starter-4.3.0.jar;C:\Users\Abdelhalim\.m2\repository\org\springframework\cloud\spring-cloud-context\4.3.0\spring-cloud-context-4.3.0.jar;C:\Users\Abdelhalim\.m2\repository\org\springframework\cloud\spring-cloud-commons\4.3.0\spring-cloud-commons-4.3.0.jar;C:\Users\Abdelhalim\.m2\repository\org\bouncycastle\bcprov-jdk18on\1.80\bcprov-jdk18on-1.80.jar;C:\Users\Abdelhalim\.m2\repository\org\springframework\cloud\spring-cloud-netflix-eureka-client\4.3.0\spring-cloud-netflix-eureka-client-4.3.0.jar;C:\Users\Abdelhalim\.m2\repository\com\netflix\eureka\eureka-client\2.0.4\eureka-client-2.0.4.jar;C:\Users\Abdelhalim\.m2\repository\com\thoughtworks\xstream\xstream\1.4.20\xstream-1.4.20.jar;C:\Users\Abdelhalim\.m2\repository\io\github\x-stream\mxparser\1.2.2\mxparser-1.2.2.jar;C:\Users\Abdelhalim\.m2\repository\xmlpull\xmlpull\1.1.3.1\xmlpull-1.1.3.1.jar;C:\Users\Abdelhalim\.m2\repository\jakarta\ws\rs\jakarta.ws.rs-api\3.1.0\jakarta.ws.rs-api-3.1.0.jar;C:\Users\Abdelhalim\.m2\repository\jakarta\inject\jakarta.inject-api\2.0.1\jakarta.inject-api-2.0.1.jar;C:\Users\Abdelhalim\.m2\repository\jakarta\annotation\jakarta.annotation-api\2.1.1\jakarta.annotation-api-2.1.1.jar;C:\Users\Abdelhalim\.m2\repository\com\netflix\spectator\spectator-api\1.7.3\spectator-api-1.7.3.jar;C:\Users\Abdelhalim\.m2\repository\commons-configuration\commons-configuration\1.10\commons-configuration-1.10.jar;C:\Users\Abdelhalim\.m2\repository\commons-lang\commons-lang\2.6\commons-lang-2.6.jar;C:\Users\Abdelhalim\.m2\repository\com\netflix\netflix-commons\netflix-eventbus\0.3.0\netflix-eventbus-0.3.0.jar;C:\Users\Abdelhalim\.m2\repository\com\netflix\netflix-commons\netflix-infix\0.3.0\netflix-infix-0.3.0.jar;C:\Users\Abdelhalim\.m2\repository\commons-jxpath\commons-jxpath\1.3\commons-jxpath-1.3.jar;C:\Users\Abdelhalim\.m2\repository\joda-time\joda-time\2.3\joda-time-2.3.jar;C:\Users\Abdelhalim\.m2\repository\org\antlr\antlr-runtime\3.4\antlr-runtime-3.4.jar;C:\Users\Abdelhalim\.m2\repository\org\antlr\stringtemplate\3.2.1\stringtemplate-3.2.1.jar;C:\Users\Abdelhalim\.m2\repository\antlr\antlr\2.7.7\antlr-2.7.7.jar;C:\Users\Abdelhalim\.m2\repository\com\google\guava\guava\14.0.1\guava-14.0.1.jar;C:\Users\Abdelhalim\.m2\repository\com\google\code\gson\gson\2.13.1\gson-2.13.1.jar;C:\Users\Abdelhalim\.m2\repository\com\google\errorprone\error_prone_annotations\2.38.0\error_prone_annotations-2.38.0.jar;C:\Users\Abdelhalim\.m2\repository\com\netflix\servo\servo-core\0.5.3\servo-core-0.5.3.jar;C:\Users\Abdelhalim\.m2\repository\org\apache\commons\commons-math\2.2\commons-math-2.2.jar;C:\Users\Abdelhalim\.m2\repository\javax\annotation\javax.annotation-api\1.2\javax.annotation-api-1.2.jar;C:\Users\Abdelhalim\.m2\repository\org\codehaus\jettison\jettison\1.5.4\jettison-1.5.4.jar;C:\Users\Abdelhalim\.m2\repository\org\springframework\cloud\spring-cloud-starter-loadbalancer\4.3.0\spring-cloud-starter-loadbalancer-4.3.0.jar;C:\Users\Abdelhalim\.m2\repository\org\springframework\cloud\spring-cloud-loadbalancer\4.3.0\spring-cloud-loadbalancer-4.3.0.jar;C:\Users\Abdelhalim\.m2\repository\io\projectreactor\reactor-core\3.7.7\reactor-core-3.7.7.jar;C:\Users\Abdelhalim\.m2\repository\org\reactivestreams\reactive-streams\1.0.4\reactive-streams-1.0.4.jar;C:\Users\Abdelhalim\.m2\repository\io\projectreactor\addons\reactor-extra\3.5.2\reactor-extra-3.5.2.jar;C:\Users\Abdelhalim\.m2\repository\org\springframework\boot\spring-boot-starter-cache\3.5.3\spring-boot-starter-cache-3.5.3.jar;C:\Users\Abdelhalim\.m2\repository\org\springframework\spring-context-support\6.2.8\spring-context-support-6.2.8.jar;C:\Users\Abdelhalim\.m2\repository\com\stoyanr\evictor\1.0.0\evictor-1.0.0.jar;C:\Users\Abdelhalim\.m2\repository\org\springframework\boot\spring-boot-starter\3.5.3\spring-boot-starter-3.5.3.jar;C:\Users\Abdelhalim\.m2\repository\org\springframework\boot\spring-boot\3.5.3\spring-boot-3.5.3.jar;C:\Users\Abdelhalim\.m2\repository\org\springframework\boot\spring-boot-starter-logging\3.5.3\spring-boot-starter-logging-3.5.3.jar;C:\Users\Abdelhalim\.m2\repository\ch\qos\logback\logback-classic\1.5.18\logback-classic-1.5.18.jar;C:\Users\Abdelhalim\.m2\repository\ch\qos\logback\logback-core\1.5.18\logback-core-1.5.18.jar;C:\Users\Abdelhalim\.m2\repository\org\apache\logging\log4j\log4j-to-slf4j\2.24.3\log4j-to-slf4j-2.24.3.jar;C:\Users\Abdelhalim\.m2\repository\org\apache\logging\log4j\log4j-api\2.24.3\log4j-api-2.24.3.jar;C:\Users\Abdelhalim\.m2\repository\org\slf4j\jul-to-slf4j\2.0.17\jul-to-slf4j-2.0.17.jar;C:\Users\Abdelhalim\.m2\repository\org\springframework\spring-core\6.2.8\spring-core-6.2.8.jar;C:\Users\Abdelhalim\.m2\repository\org\springframework\spring-jcl\6.2.8\spring-jcl-6.2.8.jar
Launcher Type: SUN_STANDARD

[Global flags]
     intx CICompilerCount                          = 4                                         {product} {ergonomic}
     uint ConcGCThreads                            = 2                                         {product} {ergonomic}
     uint G1ConcRefinementThreads                  = 8                                         {product} {ergonomic}
   size_t G1HeapRegionSize                         = 1048576                                   {product} {ergonomic}
   size_t InitialHeapSize                          = 98566144                                  {product} {ergonomic}
   size_t MarkStackSize                            = 4194304                                   {product} {ergonomic}
   size_t MarkStackSizeMax                         = 536870912                                 {product} {ergonomic}
   size_t MaxHeapSize                              = 1564475392                                {product} {ergonomic}
   size_t MaxNewSize                               = 938475520                                 {product} {ergonomic}
   size_t MinHeapDeltaBytes                        = 1048576                                   {product} {ergonomic}
   size_t MinHeapSize                              = 8388608                                   {product} {ergonomic}
    uintx NonNMethodCodeHeapSize                   = 5832704                                {pd product} {ergonomic}
    uintx NonProfiledCodeHeapSize                  = 122945536                              {pd product} {ergonomic}
    uintx ProfiledCodeHeapSize                     = 122880000                              {pd product} {ergonomic}
    uintx ReservedCodeCacheSize                    = 251658240                              {pd product} {ergonomic}
     bool SegmentedCodeCache                       = true                                      {product} {ergonomic}
   size_t SoftMaxHeapSize                          = 1564475392                             {manageable} {ergonomic}
     bool UseCompressedOops                        = true                           {product lp64_product} {ergonomic}
     bool UseG1GC                                  = true                                      {product} {ergonomic}
     bool UseLargePagesIndividualAllocation        = false                                  {pd product} {ergonomic}

Logging:
Log output configuration:
 #0: stdout all=warning uptime,level,tags foldmultilines=false
 #1: stderr all=off uptime,level,tags foldmultilines=false

Environment Variables:
JAVA_HOME=C:\Program Files\Java\jre1.8.0_441
PATH=C:\Program Files (x86)\Common Files\Oracle\Java\java8path;C:\Program Files (x86)\Common Files\Oracle\Java\javapath;C:\WINDOWS\system32;C:\WINDOWS;C:\WINDOWS\System32\Wbem;C:\WINDOWS\System32\WindowsPowerShell\v1.0\;C:\WINDOWS\System32\OpenSSH\;C:\Program Files\nodejs\;C:\ProgramData\chocolatey\bin;C:\Program Files\Java\jdk-24\bin;C:\Program Files\Git\cmd;C:\Python313\;;C:\Program Files\Docker\Docker\resources\bin;C:\Users\Abdelhalim\AppData\Local\Programs\Python\Python313\Scripts\;C:\Users\Abdelhalim\AppData\Local\Programs\Python\Python313\;C:\Users\Abdelhalim\AppData\Local\Microsoft\WindowsApps;C:\Users\Abdelhalim\AppData\Local\Programs\Microsoft VS Code\bin;C:\Users\Abdelhalim\AppData\Roaming\npm;C:\Program Files\JetBrains\IntelliJ IDEA 2024.3.5\bin;;;C:\Program Files\JetBrains\IntelliJ IDEA Community Edition 2025.1.1.1\bin;;C:\Program Files\JetBrains\PyCharm Community Edition 2025.1.2\bin;
USERNAME=Abdelhalim
OS=Windows_NT
PROCESSOR_IDENTIFIER=AMD64 Family 23 Model 160 Stepping 0, AuthenticAMD
TMP=C:\Users\ABDELH~1\AppData\Local\Temp
TEMP=C:\Users\ABDELH~1\AppData\Local\Temp




Periodic native trim disabled

---------------  S Y S T E M  ---------------

OS:
 Windows 11 , 64 bit Build 26100 (10.0.26100.4202)
OS uptime: 7 days 9:11 hours
Hyper-V role detected

CPU: total 8 (initial active 8) (8 cores per cpu, 2 threads per core) family 23 model 160 stepping 0 microcode 0x8a00009, cx8, cmov, fxsr, ht, mmx, 3dnowpref, sse, sse2, sse3, ssse3, sse4a, sse4.1, sse4.2, popcnt, lzcnt, tsc, tscinvbit, avx, avx2, aes, clmul, bmi1, bmi2, adx, sha, fma, vzeroupper, clflush, clflushopt, hv, rdtscp, rdpid, f16c
Processor Information for the first 8 processors :
  Max Mhz: 2401, Current Mhz: 2401, Mhz Limit: 2401

Memory: 4k page, system-wide physical 5965M (117M free)
TotalPageFile size 24397M (AvailPageFile size 10M)
current process WorkingSet (physical memory assigned to process): 19M, peak: 237M
current process commit charge ("private bytes"): 285M, peak: 300M

vm_info: Java HotSpot(TM) 64-Bit Server VM (24+36-3646) for windows-amd64 JRE (24+36-3646), built on 2025-02-06T00:20:43Z with MS VC++ 17.6 (VS2022)

END.
