#
# There is insufficient memory for the Java Runtime Environment to continue.
# Native memory allocation (malloc) failed to allocate 1546704 bytes. Error detail: Chunk::new
# Possible reasons:
#   The system is out of physical RAM or swap space
#   This process is running with CompressedOops enabled, and the Java Heap may be blocking the growth of the native heap
# Possible solutions:
#   Reduce memory load on the system
#   Increase physical memory or swap space
#   Check if swap backing store is full
#   Decrease Java heap size (-Xmx/-Xms)
#   Decrease number of Java threads
#   Decrease Java thread stack sizes (-Xss)
#   Set larger code cache with -XX:ReservedCodeCacheSize=
#   JVM is running with Unscaled Compressed Oops mode in which the Java heap is
#     placed in the first 4GB address space. The Java Heap base address is the
#     maximum limit for the native heap growth. Please use -XX:HeapBaseMinAddress
#     to set the Java Heap base and to place the Java Heap above 4GB virtual address.
# This output file may be truncated or incomplete.
#
#  Out of Memory Error (arena.cpp:162), pid=21968, tid=85632
#
# JRE version: Java(TM) SE Runtime Environment (24.0+36) (build 24+36-3646)
# Java VM: Java HotSpot(TM) 64-Bit Server VM (24+36-3646, mixed mode, sharing, tiered, compressed oops, compressed class ptrs, g1 gc, windows-amd64)
# No core dump will be written. Minidumps are not enabled by default on client versions of Windows
#

---------------  S U M M A R Y ------------

Command Line: -javaagent:C:\Program Files\JetBrains\IntelliJ IDEA Community Edition 2025.1.1.1\lib\idea_rt.jar=53485 -Dfile.encoding=UTF-8 -Dsun.stdout.encoding=UTF-8 -Dsun.stderr.encoding=UTF-8 com.m2_airline_system.service_registery.ServiceRegisteryApplication

Host: AMD Ryzen 3 7320U with Radeon Graphics         , 8 cores, 5G,  Windows 11 , 64 bit Build 26100 (10.0.26100.4202)
Time: Tue Jul  1 21:50:19 2025 Paris, Madrid (heure duild 26100 (10.0.26100.4202) elapsed time: 13514.347881 seconds (0d 3h 45m 14s)

---------------  T H R E A D  ---------------

Current thread (0x000002a3f6529c90):  JavaThread "C2 CompilerThread0" daemon [_thread_in_native, id=85632, stack(0x000000d38d600000,0x000000d38d700000) (1024K)]


Current CompileTask:
C2:13514348 11889       4       sun.nio.ch.SelectorImpl::processReadyEvents (115 bytes)

Stack: [0x000000d38d600000,0x000000d38d700000]
Native frames: (J=compiled Java code, j=interpreted, Vv=VM code, C=native code)
V  [jvm.dll+0x7308c9]  (no source info available)
V  [jvm.dll+0x8d9ca3]  (no source info available)
V  [jvm.dll+0x8dc13d]  (no source info available)
V  [jvm.dll+0x8dc7b3]  (no source info available)
V  [jvm.dll+0x2aa046]  (no source info available)
V  [jvm.dll+0xced8f]  (no source info available)
V  [jvm.dll+0xcefef]  (no source info available)
V  [jvm.dll+0x154d23]  (no source info available)
V  [jvm.dll+0x7360ef]  (no source info available)
V  [jvm.dll+0x26f9dc]  (no source info available)
V  [jvm.dll+0x26e9ff]  (no source info available)
V  [jvm.dll+0x1e9d00]  (no source info available)
V  [jvm.dll+0x27e1bb]  (no source info available)
V  [jvm.dll+0x27c45a]  (no source info available)
V  [jvm.dll+0x42f566]  (no source info available)
V  [jvm.dll+0x87d8fb]  (no source info available)
V  [jvm.dll+0x72efe5]  (no source info available)
C  [ucrtbase.dll+0x37b0]  (no source info available)
C  [KERNEL32.DLL+0x2e8d7]  (no source info available)
C  [ntdll.dll+0x3c34c]  (no source info available)

Lock stack of current Java thread (top to bottom):


---------------  P R O C E S S  ---------------

Threads class SMR info:
_java_thread_list=0x000002a3ca1d5490, length=40, elements={
0x000002a3f6514020, 0x000002a3f65178e0, 0x000002a3f651b420, 0x000002a3f651c1b0,
0x000002a3f651eae0, 0x000002a3f6528190, 0x000002a3f6529c90, 0x000002a3f6541f70,
0x000002a3c50bfae0, 0x000002a3c5431aa0, 0x000002a3c54321e0, 0x000002a3c8594010,
0x000002a3c85964a0, 0x000002a3c8593170, 0x000002a3ca181b60, 0x000002a3ca1822b0,
0x000002a3ca181410, 0x000002a3ca182a00, 0x000002a3ca17fe20, 0x000002a3ca1838a0,
0x000002a3ca180570, 0x000002a3ca183ff0, 0x000002a3ca186bd0, 0x000002a3ca187320,
0x000002a3ca185d30, 0x000002a3ca186480, 0x000002a3ca184e90, 0x000002a3ca1855e0,
0x000002a3c5ec6170, 0x000002a3c5ec5a20, 0x000002a3c5ec4b80, 0x000002a3c5ec52d0,
0x000002a3c5ec3ce0, 0x000002a3c5ec68c0, 0x000002a3c5ec7760, 0x000002a3ca180cc0,
0x000002a3c8594760, 0x000002a3c9fd1e80, 0x000002a3c9fd0140, 0x000002a3c9fd0890
}

Java Threads: ( => current thread )
  0x000002a3f6514020 JavaThread "Reference Handler"          daemon [_thread_blocked, id=4816, stack(0x000000d38d000000,0x000000d38d100000) (1024K)]
  0x000002a3f65178e0 JavaThread "Finalizer"                  daemon [_thread_blocked, id=548, stack(0x000000d38d100000,0x000000d38d200000) (1024K)]
  0x000002a3f651b420 JavaThread "Signal Dispatcher"          daemon [_thread_blocked, id=25488, stack(0x000000d38d200000,0x000000d38d300000) (1024K)]
  0x000002a3f651c1b0 JavaThread "Attach Listener"            daemon [_thread_blocked, id=12668, stack(0x000000d38d300000,0x000000d38d400000) (1024K)]
  0x000002a3f651eae0 JavaThread "Service Thread"             daemon [_thread_blocked, id=34740, stack(0x000000d38d400000,0x000000d38d500000) (1024K)]
  0x000002a3f6528190 JavaThread "Monitor Deflation Thread"   daemon [_thread_blocked, id=26608, stack(0x000000d38d500000,0x000000d38d600000) (1024K)]
=>0x000002a3f6529c90 JavaThread "C2 CompilerThread0"         daemon [_thread_in_native, id=85632, stack(0x000000d38d600000,0x000000d38d700000) (1024K)]
  0x000002a3f6541f70 JavaThread "C1 CompilerThread0"         daemon [_thread_blocked, id=8680, stack(0x000000d38d700000,0x000000d38d800000) (1024K)]
  0x000002a3c50bfae0 JavaThread "Common-Cleaner"             daemon [_thread_blocked, id=89276, stack(0x000000d38d800000,0x000000d38d900000) (1024K)]
  0x000002a3c5431aa0 JavaThread "Monitor Ctrl-Break"         daemon [_thread_in_native, id=90692, stack(0x000000d38d900000,0x000000d38da00000) (1024K)]
  0x000002a3c54321e0 JavaThread "Notification Thread"        daemon [_thread_blocked, id=45972, stack(0x000000d38da00000,0x000000d38db00000) (1024K)]
  0x000002a3c8594010 JavaThread "Catalina-utility-1"                [_thread_blocked, id=88320, stack(0x000000d38e400000,0x000000d38e500000) (1024K)]
  0x000002a3c85964a0 JavaThread "Catalina-utility-2"                [_thread_blocked, id=2944, stack(0x000000d38e500000,0x000000d38e600000) (1024K)]
  0x000002a3c8593170 JavaThread "container-0"                       [_thread_blocked, id=6352, stack(0x000000d38e600000,0x000000d38e700000) (1024K)]
  0x000002a3ca181b60 JavaThread "spectator-gauge-polling-0"  daemon [_thread_blocked, id=1992, stack(0x000000d38e000000,0x000000d38e100000) (1024K)]
  0x000002a3ca1822b0 JavaThread "Eureka-DeltaRetentionTimer" daemon [_thread_blocked, id=8784, stack(0x000000d38e800000,0x000000d38e900000) (1024K)]
  0x000002a3ca181410 JavaThread "Eureka-EvictionTimer"       daemon [_thread_blocked, id=93476, stack(0x000000d38e900000,0x000000d38ea00000) (1024K)]
  0x000002a3ca182a00 JavaThread "Eureka-MeasureRateTimer"    daemon [_thread_blocked, id=9624, stack(0x000000d38ea00000,0x000000d38eb00000) (1024K)]
  0x000002a3ca17fe20 JavaThread "ReplicaAwareInstanceRegistry - RenewalThresholdUpdater" daemon [_thread_blocked, id=39652, stack(0x000000d38eb00000,0x000000d38ec00000) (1024K)]
  0x000002a3ca1838a0 JavaThread "Eureka-MeasureRateTimer"    daemon [_thread_blocked, id=9608, stack(0x000000d38ec00000,0x000000d38ed00000) (1024K)]
  0x000002a3ca180570 JavaThread "Eureka-PeerNodesUpdater"    daemon [_thread_blocked, id=8776, stack(0x000000d38ed00000,0x000000d38ee00000) (1024K)]
  0x000002a3ca183ff0 JavaThread "Eureka-CacheFillTimer"      daemon [_thread_blocked, id=80520, stack(0x000000d38ee00000,0x000000d38ef00000) (1024K)]
  0x000002a3ca186bd0 JavaThread "http-nio-8761-exec-1"       daemon [_thread_blocked, id=90644, stack(0x000000d38f100000,0x000000d38f200000) (1024K)]
  0x000002a3ca187320 JavaThread "http-nio-8761-exec-2"       daemon [_thread_blocked, id=91912, stack(0x000000d38f200000,0x000000d38f300000) (1024K)]
  0x000002a3ca185d30 JavaThread "http-nio-8761-exec-4"       daemon [_thread_blocked, id=540, stack(0x000000d38f400000,0x000000d38f500000) (1024K)]
  0x000002a3ca186480 JavaThread "http-nio-8761-exec-5"       daemon [_thread_blocked, id=12528, stack(0x000000d38f500000,0x000000d38f600000) (1024K)]
  0x000002a3ca184e90 JavaThread "http-nio-8761-exec-6"       daemon [_thread_blocked, id=1112, stack(0x000000d38f600000,0x000000d38f700000) (1024K)]
  0x000002a3ca1855e0 JavaThread "http-nio-8761-exec-7"       daemon [_thread_blocked, id=92976, stack(0x000000d38f700000,0x000000d38f800000) (1024K)]
  0x000002a3c5ec6170 JavaThread "http-nio-8761-exec-8"       daemon [_thread_blocked, id=88348, stack(0x000000d38f800000,0x000000d38f900000) (1024K)]
  0x000002a3c5ec5a20 JavaThread "http-nio-8761-exec-9"       daemon [_thread_blocked, id=32204, stack(0x000000d38f900000,0x000000d38fa00000) (1024K)]
  0x000002a3c5ec4b80 JavaThread "http-nio-8761-exec-10"      daemon [_thread_blocked, id=94976, stack(0x000000d38fa00000,0x000000d38fb00000) (1024K)]
  0x000002a3c5ec52d0 JavaThread "http-nio-8761-Poller"       daemon [_thread_in_native, id=14240, stack(0x000000d38f000000,0x000000d38f100000) (1024K)]
  0x000002a3c5ec3ce0 JavaThread "http-nio-8761-Acceptor"     daemon [_thread_in_native, id=21348, stack(0x000000d38fb00000,0x000000d38fc00000) (1024K)]
  0x000002a3c5ec68c0 JavaThread "DestroyJavaVM"                     [_thread_blocked, id=31036, stack(0x000000d38c800000,0x000000d38c900000) (1024K)]
  0x000002a3c5ec7760 JavaThread "http-nio-8761-exec-11"      daemon [_thread_blocked, id=101012, stack(0x000000d38c500000,0x000000d38c600000) (1024K)]
  0x000002a3ca180cc0 JavaThread "http-nio-8761-exec-12"      daemon [_thread_blocked, id=101344, stack(0x000000d38c600000,0x000000d38c700000) (1024K)]
  0x000002a3c8594760 JavaThread "http-nio-8761-exec-13"      daemon [_thread_blocked, id=100764, stack(0x000000d38c700000,0x000000d38c800000) (1024K)]
  0x000002a3c9fd1e80 JavaThread "http-nio-8761-exec-14"      daemon [_thread_blocked, id=97500, stack(0x000000d38e700000,0x000000d38e800000) (1024K)]
  0x000002a3c9fd0140 JavaThread "http-nio-8761-exec-17"      daemon [_thread_blocked, id=86884, stack(0x000000d38fe00000,0x000000d38ff00000) (1024K)]
  0x000002a3c9fd0890 JavaThread "http-nio-8761-exec-18"      daemon [_thread_blocked, id=91016, stack(0x000000d38ff00000,0x000000d390000000) (1024K)]
Total: 40

Other Threads:
  0x000002a3f65036b0 VMThread "VM Thread"                           [id=30432, stack(0x000000d38cf00000,0x000000d38d000000) (1024K)]
  0x000002a3f64f4880 WatcherThread "VM Periodic Task Thread"        [id=81292, stack(0x000000d38ce00000,0x000000d38cf00000) (1024K)]
  0x000002a3d7f78780 WorkerThread "GC Thread#0"                     [id=16264, stack(0x000000d38c900000,0x000000d38ca00000) (1024K)]
  0x000002a3c615e970 WorkerThread "GC Thread#1"                     [id=86196, stack(0x000000d38db00000,0x000000d38dc00000) (1024K)]
  0x000002a3c615ed20 WorkerThread "GC Thread#2"                     [id=12784, stack(0x000000d38dc00000,0x000000d38dd00000) (1024K)]
  0x000002a3c60235f0 WorkerThread "GC Thread#3"                     [id=93524, stack(0x000000d38dd00000,0x000000d38de00000) (1024K)]
  0x000002a3c60239a0 WorkerThread "GC Thread#4"                     [id=97144, stack(0x000000d38de00000,0x000000d38df00000) (1024K)]
  0x000002a3c658c0e0 WorkerThread "GC Thread#5"                     [id=30884, stack(0x000000d38e100000,0x000000d38e200000) (1024K)]
  0x000002a3c6888b60 WorkerThread "GC Thread#6"                     [id=89852, stack(0x000000d38e200000,0x000000d38e300000) (1024K)]
  0x000002a3c6398d60 WorkerThread "GC Thread#7"                     [id=22904, stack(0x000000d38e300000,0x000000d38e400000) (1024K)]
  0x000002a3d7f880f0 ConcurrentGCThread "G1 Main Marker"            [id=24684, stack(0x000000d38ca00000,0x000000d38cb00000) (1024K)]
  0x000002a3d7f88c00 WorkerThread "G1 Conc#0"                       [id=2128, stack(0x000000d38cb00000,0x000000d38cc00000) (1024K)]
  0x000002a3c6398250 WorkerThread "G1 Conc#1"                       [id=27288, stack(0x000000d38df00000,0x000000d38e000000) (1024K)]
  0x000002a3f63c2900 ConcurrentGCThread "G1 Refine#0"               [id=3152, stack(0x000000d38cc00000,0x000000d38cd00000) (1024K)]
  0x000002a3f63c3320 ConcurrentGCThread "G1 Service"                [id=96728, stack(0x000000d38cd00000,0x000000d38ce00000) (1024K)]
Total: 15

Threads with active compile tasks:
C2 CompilerThread0  13514580 11889       4       sun.nio.ch.SelectorImpl::processReadyEvents (115 bytes)
Total: 1

VM state: not at safepoint (normal execution)

VM Mutex/Monitor currently owned by a thread: None

Heap address: 0x00000000a2c00000, size: 1492 MB, Compressed Oops mode: 32-bit

CDS archive(s) mapped at: [0x000002a380000000-0x000002a380d40000-0x000002a380d40000), size 13893632, SharedBaseAddress: 0x000002a380000000, ArchiveRelocationMode: 1.
Compressed class space mapped at: 0x000002a381000000-0x000002a3c1000000, reserved size: 1073741824
UseCompressedClassPointers 1, UseCompactObjectHeaders 0
Narrow klass pointer bits 32, Max shift 3
Narrow klass base: 0x000002a380000000, Narrow klass shift: 0
Encoding Range: [0x000002a380000000 - 0x000002a480000000), (4294967296 bytes)
Klass Range:    [0x000002a380000000 - 0x000002a3c1000000), (1090519040 bytes)
Klass ID Range:  [8 - 1090519033) (1090519025)

GC Precious Log:
 CardTable entry size: 512
 Card Set container configuration: InlinePtr #cards 5 size 8 Array Of Cards #cards 10 size 36 Howl #buckets 4 coarsen threshold 1843 Howl Bitmap #cards 512 size 80 coarsen threshold 460 Card regions per heap region 1 cards per card region 2048
 CPUs: 8 total, 8 available
 Memory: 5965M
 Large Page Support: Disabled
 NUMA Support: Disabled
 Compressed Oops: Enabled (32-bit)
 Heap Region Size: 1M
 Heap Min Capacity: 8M
 Heap Initial Capacity: 94M
 Heap Max Capacity: 1492M
 Pre-touch: Disabled
 Parallel Workers: 8
 Concurrent Workers: 2
 Concurrent Refinement Workers: 8
 Periodic GC: Disabled

Heap:
 garbage-first heap   total reserved 1527808K, committed 71680K, used 51531K [0x00000000a2c00000, 0x0000000100000000)
  region size 1024K, 19 young (19456K), 2 survivors (2048K)
 Metaspace       used 60542K, committed 61056K, reserved 1114112K
  class space    used 6591K, committed 6784K, reserved 1048576K

Heap Regions: E=young(eden), S=young(survivor), O=old, HS=humongous(starts), HC=humongous(continues), CS=collection set, F=free, TAMS=top-at-mark-start, PB=parsable bottom
|   0|0x00000000a2c00000, 0x00000000a2d00000, 0x00000000a2d00000|100%|HS|  |TAMS 0x00000000a2c00000| PB 0x00000000a2c00000| Complete |  0
|   1|0x00000000a2d00000, 0x00000000a2e00000, 0x00000000a2e00000|100%| O|  |TAMS 0x00000000a2d00000| PB 0x00000000a2d00000| Untracked |  0
|   2|0x00000000a2e00000, 0x00000000a2f00000, 0x00000000a2f00000|100%| O|  |TAMS 0x00000000a2e00000| PB 0x00000000a2e00000| Untracked |  0
|   3|0x00000000a2f00000, 0x00000000a3000000, 0x00000000a3000000|100%| O|  |TAMS 0x00000000a2f00000| PB 0x00000000a2f00000| Untracked |  0
|   4|0x00000000a3000000, 0x00000000a3100000, 0x00000000a3100000|100%| O|  |TAMS 0x00000000a3000000| PB 0x00000000a3000000| Untracked |  0
|   5|0x00000000a3100000, 0x00000000a3200000, 0x00000000a3200000|100%| O|  |TAMS 0x00000000a3100000| PB 0x00000000a3100000| Untracked |  0
|   6|0x00000000a3200000, 0x00000000a3300000, 0x00000000a3300000|100%| O|  |TAMS 0x00000000a3200000| PB 0x00000000a3200000| Untracked |  0
|   7|0x00000000a3300000, 0x00000000a3400000, 0x00000000a3400000|100%| O|  |TAMS 0x00000000a3300000| PB 0x00000000a3300000| Untracked |  0
|   8|0x00000000a3400000, 0x00000000a3500000, 0x00000000a3500000|100%| O|  |TAMS 0x00000000a3400000| PB 0x00000000a3400000| Untracked |  0
|   9|0x00000000a3500000, 0x00000000a3600000, 0x00000000a3600000|100%| O|  |TAMS 0x00000000a3500000| PB 0x00000000a3500000| Untracked |  0
|  10|0x00000000a3600000, 0x00000000a3700000, 0x00000000a3700000|100%| O|  |TAMS 0x00000000a3600000| PB 0x00000000a3600000| Untracked |  0
|  11|0x00000000a3700000, 0x00000000a3800000, 0x00000000a3800000|100%| O|  |TAMS 0x00000000a3700000| PB 0x00000000a3700000| Untracked |  0
|  12|0x00000000a3800000, 0x00000000a3896510, 0x00000000a3900000| 58%| O|  |TAMS 0x00000000a3800000| PB 0x00000000a3800000| Untracked |  0
|  13|0x00000000a3900000, 0x00000000a3900000, 0x00000000a3a00000|  0%| F|  |TAMS 0x00000000a3900000| PB 0x00000000a3900000| Untracked |  0
|  14|0x00000000a3a00000, 0x00000000a3b00000, 0x00000000a3b00000|100%| O|  |TAMS 0x00000000a3a00000| PB 0x00000000a3a00000| Untracked |  0
|  15|0x00000000a3b00000, 0x00000000a3c00000, 0x00000000a3c00000|100%| O|  |TAMS 0x00000000a3b00000| PB 0x00000000a3b00000| Untracked |  0
|  16|0x00000000a3c00000, 0x00000000a3d00000, 0x00000000a3d00000|100%| O|  |TAMS 0x00000000a3c00000| PB 0x00000000a3c00000| Untracked |  0
|  17|0x00000000a3d00000, 0x00000000a3e00000, 0x00000000a3e00000|100%| O|  |TAMS 0x00000000a3d00000| PB 0x00000000a3d00000| Untracked |  0
|  18|0x00000000a3e00000, 0x00000000a3f00000, 0x00000000a3f00000|100%| O|  |TAMS 0x00000000a3e00000| PB 0x00000000a3e00000| Untracked |  0
|  19|0x00000000a3f00000, 0x00000000a4000000, 0x00000000a4000000|100%| O|  |TAMS 0x00000000a3f00000| PB 0x00000000a3f00000| Untracked |  0
|  20|0x00000000a4000000, 0x00000000a4000000, 0x00000000a4100000|  0%| F|  |TAMS 0x00000000a4000000| PB 0x00000000a4000000| Untracked |  0
|  21|0x00000000a4100000, 0x00000000a4200000, 0x00000000a4200000|100%| O|  |TAMS 0x00000000a4100000| PB 0x00000000a4100000| Untracked |  0
|  22|0x00000000a4200000, 0x00000000a42bc9c8, 0x00000000a4300000| 73%| S|CS|TAMS 0x00000000a4200000| PB 0x00000000a4200000| Complete |  0
|  23|0x00000000a4300000, 0x00000000a4400000, 0x00000000a4400000|100%| O|  |TAMS 0x00000000a4300000| PB 0x00000000a4300000| Untracked |  0
|  24|0x00000000a4400000, 0x00000000a4500000, 0x00000000a4500000|100%| O|  |TAMS 0x00000000a4400000| PB 0x00000000a4400000| Untracked |  0
|  25|0x00000000a4500000, 0x00000000a4600000, 0x00000000a4600000|100%| O|  |TAMS 0x00000000a4500000| PB 0x00000000a4500000| Untracked |  0
|  26|0x00000000a4600000, 0x00000000a4700000, 0x00000000a4700000|100%| O|  |TAMS 0x00000000a4600000| PB 0x00000000a4600000| Untracked |  0
|  27|0x00000000a4700000, 0x00000000a4700000, 0x00000000a4800000|  0%| F|  |TAMS 0x00000000a4700000| PB 0x00000000a4700000| Untracked |  0
|  28|0x00000000a4800000, 0x00000000a4900000, 0x00000000a4900000|100%| O|  |TAMS 0x00000000a4800000| PB 0x00000000a4800000| Untracked |  0
|  29|0x00000000a4900000, 0x00000000a4a00000, 0x00000000a4a00000|100%| O|  |TAMS 0x00000000a4900000| PB 0x00000000a4900000| Untracked |  0
|  30|0x00000000a4a00000, 0x00000000a4b00000, 0x00000000a4b00000|100%| O|  |TAMS 0x00000000a4a00000| PB 0x00000000a4a00000| Untracked |  0
|  31|0x00000000a4b00000, 0x00000000a4b00000, 0x00000000a4c00000|  0%| F|  |TAMS 0x00000000a4b00000| PB 0x00000000a4b00000| Untracked |  0
|  32|0x00000000a4c00000, 0x00000000a4d00000, 0x00000000a4d00000|100%| S|CS|TAMS 0x00000000a4c00000| PB 0x00000000a4c00000| Complete |  0
|  33|0x00000000a4d00000, 0x00000000a4e00000, 0x00000000a4e00000|100%| O|  |TAMS 0x00000000a4d00000| PB 0x00000000a4d00000| Untracked |  0
|  34|0x00000000a4e00000, 0x00000000a4e00000, 0x00000000a4f00000|  0%| F|  |TAMS 0x00000000a4e00000| PB 0x00000000a4e00000| Untracked |  0
|  35|0x00000000a4f00000, 0x00000000a4f00000, 0x00000000a5000000|  0%| F|  |TAMS 0x00000000a4f00000| PB 0x00000000a4f00000| Untracked |  0
|  36|0x00000000a5000000, 0x00000000a5100000, 0x00000000a5100000|100%| O|  |TAMS 0x00000000a5000000| PB 0x00000000a5000000| Untracked |  0
|  37|0x00000000a5100000, 0x00000000a5200000, 0x00000000a5200000|100%| O|  |TAMS 0x00000000a5100000| PB 0x00000000a5100000| Untracked |  0
|  38|0x00000000a5200000, 0x00000000a5200000, 0x00000000a5300000|  0%| F|  |TAMS 0x00000000a5200000| PB 0x00000000a5200000| Untracked |  0
|  39|0x00000000a5300000, 0x00000000a5400000, 0x00000000a5400000|100%| O|  |TAMS 0x00000000a5300000| PB 0x00000000a5300000| Untracked |  0
|  40|0x00000000a5400000, 0x00000000a5400000, 0x00000000a5500000|  0%| F|  |TAMS 0x00000000a5400000| PB 0x00000000a5400000| Untracked |  0
|  41|0x00000000a5500000, 0x00000000a5500000, 0x00000000a5600000|  0%| F|  |TAMS 0x00000000a5500000| PB 0x00000000a5500000| Untracked |  0
|  42|0x00000000a5600000, 0x00000000a5700000, 0x00000000a5700000|100%| O|  |TAMS 0x00000000a5600000| PB 0x00000000a5600000| Untracked |  0
|  43|0x00000000a5700000, 0x00000000a5700000, 0x00000000a5800000|  0%| F|  |TAMS 0x00000000a5700000| PB 0x00000000a5700000| Untracked |  0
|  44|0x00000000a5800000, 0x00000000a5800000, 0x00000000a5900000|  0%| F|  |TAMS 0x00000000a5800000| PB 0x00000000a5800000| Untracked |  0
|  45|0x00000000a5900000, 0x00000000a5900000, 0x00000000a5a00000|  0%| F|  |TAMS 0x00000000a5900000| PB 0x00000000a5900000| Untracked |  0
|  46|0x00000000a5a00000, 0x00000000a5a00000, 0x00000000a5b00000|  0%| F|  |TAMS 0x00000000a5a00000| PB 0x00000000a5a00000| Untracked |  0
|  47|0x00000000a5b00000, 0x00000000a5b00000, 0x00000000a5c00000|  0%| F|  |TAMS 0x00000000a5b00000| PB 0x00000000a5b00000| Untracked |  0
|  48|0x00000000a5c00000, 0x00000000a5c00000, 0x00000000a5d00000|  0%| F|  |TAMS 0x00000000a5c00000| PB 0x00000000a5c00000| Untracked |  0
|  49|0x00000000a5d00000, 0x00000000a5d00000, 0x00000000a5e00000|  0%| F|  |TAMS 0x00000000a5d00000| PB 0x00000000a5d00000| Untracked |  0
|  50|0x00000000a5e00000, 0x00000000a5e00000, 0x00000000a5f00000|  0%| F|  |TAMS 0x00000000a5e00000| PB 0x00000000a5e00000| Untracked |  0
|  51|0x00000000a5f00000, 0x00000000a5f00000, 0x00000000a6000000|  0%| F|  |TAMS 0x00000000a5f00000| PB 0x00000000a5f00000| Untracked |  0
|  52|0x00000000a6000000, 0x00000000a606f638, 0x00000000a6100000| 43%| E|  |TAMS 0x00000000a6000000| PB 0x00000000a6000000| Complete |  0
|  53|0x00000000a6100000, 0x00000000a6200000, 0x00000000a6200000|100%| E|CS|TAMS 0x00000000a6100000| PB 0x00000000a6100000| Complete |  0
|  54|0x00000000a6200000, 0x00000000a6300000, 0x00000000a6300000|100%| E|CS|TAMS 0x00000000a6200000| PB 0x00000000a6200000| Complete |  0
|  55|0x00000000a6300000, 0x00000000a6400000, 0x00000000a6400000|100%| E|CS|TAMS 0x00000000a6300000| PB 0x00000000a6300000| Complete |  0
|  56|0x00000000a6400000, 0x00000000a6500000, 0x00000000a6500000|100%| E|CS|TAMS 0x00000000a6400000| PB 0x00000000a6400000| Complete |  0
|  57|0x00000000a6500000, 0x00000000a6600000, 0x00000000a6600000|100%| E|CS|TAMS 0x00000000a6500000| PB 0x00000000a6500000| Complete |  0
|  58|0x00000000a6600000, 0x00000000a6700000, 0x00000000a6700000|100%| E|CS|TAMS 0x00000000a6600000| PB 0x00000000a6600000| Complete |  0
|  59|0x00000000a6700000, 0x00000000a6800000, 0x00000000a6800000|100%| E|CS|TAMS 0x00000000a6700000| PB 0x00000000a6700000| Complete |  0
|  60|0x00000000a6800000, 0x00000000a6900000, 0x00000000a6900000|100%| E|CS|TAMS 0x00000000a6800000| PB 0x00000000a6800000| Complete |  0
|  61|0x00000000a6900000, 0x00000000a6a00000, 0x00000000a6a00000|100%| E|CS|TAMS 0x00000000a6900000| PB 0x00000000a6900000| Complete |  0
|  62|0x00000000a6a00000, 0x00000000a6b00000, 0x00000000a6b00000|100%| E|CS|TAMS 0x00000000a6a00000| PB 0x00000000a6a00000| Complete |  0
|  63|0x00000000a6b00000, 0x00000000a6c00000, 0x00000000a6c00000|100%| E|CS|TAMS 0x00000000a6b00000| PB 0x00000000a6b00000| Complete |  0
|  64|0x00000000a6c00000, 0x00000000a6d00000, 0x00000000a6d00000|100%| E|CS|TAMS 0x00000000a6c00000| PB 0x00000000a6c00000| Complete |  0
|  76|0x00000000a7800000, 0x00000000a7900000, 0x00000000a7900000|100%| E|CS|TAMS 0x00000000a7800000| PB 0x00000000a7800000| Complete |  0
|  77|0x00000000a7900000, 0x00000000a7a00000, 0x00000000a7a00000|100%| E|CS|TAMS 0x00000000a7900000| PB 0x00000000a7900000| Complete |  0
|  93|0x00000000a8900000, 0x00000000a8a00000, 0x00000000a8a00000|100%| E|CS|TAMS 0x00000000a8900000| PB 0x00000000a8900000| Complete |  0
|1490|0x00000000ffe00000, 0x00000000fff00000, 0x00000000fff00000|100%| O|  |TAMS 0x00000000ffe00000| PB 0x00000000ffe00000| Untracked |  0
|1491|0x00000000fff00000, 0x0000000100000000, 0x0000000100000000|100%| E|CS|TAMS 0x00000000fff00000| PB 0x00000000fff00000| Complete |  0

Card table byte_map: [0x000002a3f2040000,0x000002a3f2330000] _byte_map_base: 0x000002a3f1b2a000

Marking Bits: (CMBitMap*) 0x000002a3d7f78e90
 Bits: [0x000002a3f2330000, 0x000002a3f3a80000)

Polling page: 0x000002a3d98e0000

Metaspace:

Usage:
  Non-class:     52.69 MB used.
      Class:      6.44 MB used.
       Both:     59.12 MB used.

Virtual space:
  Non-class space:       64.00 MB reserved,      53.00 MB ( 83%) committed,  1 nodes.
      Class space:        1.00 GB reserved,       6.62 MB ( <1%) committed,  1 nodes.
             Both:        1.06 GB reserved,      59.62 MB (  5%) committed. 

Chunk freelists:
   Non-Class:  10.29 MB
       Class:  9.33 MB
        Both:  19.62 MB

MaxMetaspaceSize: unlimited
CompressedClassSpaceSize: 1.00 GB
Initial GC threshold: 21.00 MB
Current GC threshold: 99.31 MB
CDS: on
 - commit_granule_bytes: 65536.
 - commit_granule_words: 8192.
 - virtual_space_node_default_size: 8388608.
 - enlarge_chunks_in_place: 1.
UseCompressedClassPointers 1, UseCompactObjectHeaders 0
Narrow klass pointer bits 32, Max shift 3
Narrow klass base: 0x000002a380000000, Narrow klass shift: 0
Encoding Range: [0x000002a380000000 - 0x000002a480000000), (4294967296 bytes)
Klass Range:    [0x000002a380000000 - 0x000002a3c1000000), (1090519040 bytes)
Klass ID Range:  [8 - 1090519033) (1090519025)


Internal statistics:

num_allocs_failed_limit: 6.
num_arena_births: 934.
num_arena_deaths: 256.
num_vsnodes_births: 2.
num_vsnodes_deaths: 0.
num_space_committed: 953.
num_space_uncommitted: 0.
num_chunks_returned_to_freelist: 276.
num_chunks_taken_from_freelist: 3268.
num_chunk_merges: 59.
num_chunk_splits: 2104.
num_chunks_enlarged: 1614.
num_inconsistent_stats: 0.

CodeHeap 'non-profiled nmethods': size=120064Kb used=5117Kb max_used=5305Kb free=114947Kb
 bounds [0x000002a3e9da0000, 0x000002a3ea2e0000, 0x000002a3f12e0000]
CodeHeap 'profiled nmethods': size=120000Kb used=14792Kb max_used=17176Kb free=105208Kb
 bounds [0x000002a3e22e0000, 0x000002a3e33b0000, 0x000002a3e9810000]
CodeHeap 'non-nmethods': size=5696Kb used=1517Kb max_used=1676Kb free=4178Kb
 bounds [0x000002a3e9810000, 0x000002a3e9a80000, 0x000002a3e9da0000]
CodeCache: size=245760Kb, used=21426Kb, max_used=24157Kb, free=224333Kb
 total_blobs=9045, nmethods=8363, adapters=586, full_count=0
Compilation: enabled, stopped_count=0, restarted_count=0

Compilation events (20 events):
Event: 13467.233 Thread 0x000002a3f6541f70 nmethod 11881 0x000002a3e241e308 code [0x000002a3e241e460, 0x000002a3e241ea40]
Event: 13467.233 Thread 0x000002a3f6541f70 11880       3       ch.qos.logback.classic.PatternLayout::doLayout (9 bytes)
Event: 13467.240 Thread 0x000002a3f6541f70 nmethod 11880 0x000002a3e247ee08 code [0x000002a3e247ef40, 0x000002a3e247f338]
Event: 13467.240 Thread 0x000002a3f6541f70 11882       3       ch.qos.logback.classic.pattern.ThreadConverter::convert (7 bytes)
Event: 13467.241 Thread 0x000002a3f6541f70 nmethod 11882 0x000002a3e2382d88 code [0x000002a3e2382ec0, 0x000002a3e2383168]
Event: 13467.241 Thread 0x000002a3f6541f70 11883       3       ch.qos.logback.classic.pattern.LoggerConverter::getFullyQualifiedName (7 bytes)
Event: 13467.241 Thread 0x000002a3f6541f70 nmethod 11883 0x000002a3e238ce08 code [0x000002a3e238cf20, 0x000002a3e238d098]
Event: 13468.319 Thread 0x000002a3f6529c90 11884       4       org.springframework.util.ObjectUtils::isEmpty (15 bytes)
Event: 13468.321 Thread 0x000002a3f6529c90 nmethod 11884 0x000002a3e9e1d708 code [0x000002a3e9e1d800, 0x000002a3e9e1d880]
Event: 13468.323 Thread 0x000002a3f6541f70 11885   !   3       ch.qos.logback.core.OutputStreamAppender::subAppend (54 bytes)
Event: 13468.339 Thread 0x000002a3f6541f70 nmethod 11885 0x000002a3e247c288 code [0x000002a3e247c4c0, 0x000002a3e247d418]
Event: 13483.170 Thread 0x000002a3f6529c90 11886       4       sun.reflect.annotation.AnnotationInvocationHandler::hashCodeImpl (69 bytes)
Event: 13483.224 Thread 0x000002a3f6529c90 nmethod 11886 0x000002a3e9dbe188 code [0x000002a3e9dbe2e0, 0x000002a3e9dbe740]
Event: 13484.652 Thread 0x000002a3f6541f70 11887       3       jdk.internal.misc.Unsafe::compareAndSetBoolean (19 bytes)
Event: 13484.654 Thread 0x000002a3f6541f70 nmethod 11887 0x000002a3e23e3b08 code [0x000002a3e23e3c40, 0x000002a3e23e3f50]
Event: 13513.182 Thread 0x000002a3f6529c90 11888       4       sun.nio.ch.WEPollSelectorImpl::toReadyOps (58 bytes)
Event: 13513.203 Thread 0x000002a3f6529c90 nmethod 11888 0x000002a3e9e1e188 code [0x000002a3e9e1e280, 0x000002a3e9e1e340]
Event: 13513.203 Thread 0x000002a3f6529c90 11890       4       java.util.stream.SortedOps$SizedRefSortingSink::begin (28 bytes)
Event: 13513.223 Thread 0x000002a3f6529c90 nmethod 11890 0x000002a3e9eb3088 code [0x000002a3e9eb31a0, 0x000002a3e9eb3458]
Event: 13513.223 Thread 0x000002a3f6529c90 11889       4       sun.nio.ch.SelectorImpl::processReadyEvents (115 bytes)

GC Heap History (20 events):
Event: 685.039 GC heap before
{Heap before GC invocations=14 (full 0):
 garbage-first heap   total reserved 1527808K, committed 71680K, used 63166K [0x00000000a2c00000, 0x0000000100000000)
  region size 1024K, 25 young (25600K), 3 survivors (3072K)
 Metaspace       used 56663K, committed 57280K, reserved 1114112K
  class space    used 6301K, committed 6592K, reserved 1048576K
}
Event: 685.225 GC heap after
{Heap after GC invocations=15 (full 0):
 garbage-first heap   total reserved 1527808K, committed 71680K, used 42579K [0x00000000a2c00000, 0x0000000100000000)
  region size 1024K, 3 young (3072K), 3 survivors (3072K)
 Metaspace       used 56663K, committed 57280K, reserved 1114112K
  class space    used 6301K, committed 6592K, reserved 1048576K
}
Event: 1703.563 GC heap before
{Heap before GC invocations=15 (full 0):
 garbage-first heap   total reserved 1527808K, committed 71680K, used 63059K [0x00000000a2c00000, 0x0000000100000000)
  region size 1024K, 23 young (23552K), 3 survivors (3072K)
 Metaspace       used 57559K, committed 58176K, reserved 1114112K
  class space    used 6312K, committed 6592K, reserved 1048576K
}
Event: 1703.628 GC heap after
{Heap after GC invocations=16 (full 0):
 garbage-first heap   total reserved 1527808K, committed 71680K, used 42041K [0x00000000a2c00000, 0x0000000100000000)
  region size 1024K, 1 young (1024K), 1 survivors (1024K)
 Metaspace       used 57559K, committed 58176K, reserved 1114112K
  class space    used 6312K, committed 6592K, reserved 1048576K
}
Event: 2637.654 GC heap before
{Heap before GC invocations=16 (full 0):
 garbage-first heap   total reserved 1527808K, committed 71680K, used 64569K [0x00000000a2c00000, 0x0000000100000000)
  region size 1024K, 23 young (23552K), 1 survivors (1024K)
 Metaspace       used 58139K, committed 58816K, reserved 1114112K
  class space    used 6313K, committed 6592K, reserved 1048576K
}
Event: 2638.259 GC heap after
{Heap after GC invocations=17 (full 0):
 garbage-first heap   total reserved 1527808K, committed 71680K, used 42005K [0x00000000a2c00000, 0x0000000100000000)
  region size 1024K, 1 young (1024K), 1 survivors (1024K)
 Metaspace       used 58139K, committed 58816K, reserved 1114112K
  class space    used 6313K, committed 6592K, reserved 1048576K
}
Event: 3500.482 GC heap before
{Heap before GC invocations=18 (full 0):
 garbage-first heap   total reserved 1527808K, committed 71680K, used 64533K [0x00000000a2c00000, 0x0000000100000000)
  region size 1024K, 24 young (24576K), 1 survivors (1024K)
 Metaspace       used 58232K, committed 58880K, reserved 1114112K
  class space    used 6277K, committed 6592K, reserved 1048576K
}
Event: 3500.556 GC heap after
{Heap after GC invocations=19 (full 0):
 garbage-first heap   total reserved 1527808K, committed 71680K, used 42280K [0x00000000a2c00000, 0x0000000100000000)
  region size 1024K, 1 young (1024K), 1 survivors (1024K)
 Metaspace       used 58232K, committed 58880K, reserved 1114112K
  class space    used 6277K, committed 6592K, reserved 1048576K
}
Event: 4042.260 GC heap before
{Heap before GC invocations=19 (full 0):
 garbage-first heap   total reserved 1527808K, committed 71680K, used 65832K [0x00000000a2c00000, 0x0000000100000000)
  region size 1024K, 24 young (24576K), 1 survivors (1024K)
 Metaspace       used 60366K, committed 60864K, reserved 1114112K
  class space    used 6584K, committed 6784K, reserved 1048576K
}
Event: 4042.355 GC heap after
{Heap after GC invocations=20 (full 0):
 garbage-first heap   total reserved 1527808K, committed 71680K, used 39303K [0x00000000a2c00000, 0x0000000100000000)
  region size 1024K, 2 young (2048K), 2 survivors (2048K)
 Metaspace       used 60366K, committed 60864K, reserved 1114112K
  class space    used 6584K, committed 6784K, reserved 1048576K
}
Event: 4888.693 GC heap before
{Heap before GC invocations=20 (full 0):
 garbage-first heap   total reserved 1527808K, committed 71680K, used 63879K [0x00000000a2c00000, 0x0000000100000000)
  region size 1024K, 27 young (27648K), 2 survivors (2048K)
 Metaspace       used 60386K, committed 60864K, reserved 1114112K
  class space    used 6585K, committed 6784K, reserved 1048576K
}
Event: 4888.858 GC heap after
{Heap after GC invocations=21 (full 0):
 garbage-first heap   total reserved 1527808K, committed 71680K, used 36842K [0x00000000a2c00000, 0x0000000100000000)
  region size 1024K, 2 young (2048K), 2 survivors (2048K)
 Metaspace       used 60386K, committed 60864K, reserved 1114112K
  class space    used 6585K, committed 6784K, reserved 1048576K
}
Event: 5895.462 GC heap before
{Heap before GC invocations=21 (full 0):
 garbage-first heap   total reserved 1527808K, committed 71680K, used 64490K [0x00000000a2c00000, 0x0000000100000000)
  region size 1024K, 29 young (29696K), 2 survivors (2048K)
 Metaspace       used 60417K, committed 60928K, reserved 1114112K
  class space    used 6585K, committed 6784K, reserved 1048576K
}
Event: 5895.574 GC heap after
{Heap after GC invocations=22 (full 0):
 garbage-first heap   total reserved 1527808K, committed 71680K, used 36066K [0x00000000a2c00000, 0x0000000100000000)
  region size 1024K, 2 young (2048K), 2 survivors (2048K)
 Metaspace       used 60417K, committed 60928K, reserved 1114112K
  class space    used 6585K, committed 6784K, reserved 1048576K
}
Event: 10379.301 GC heap before
{Heap before GC invocations=22 (full 0):
 garbage-first heap   total reserved 1527808K, committed 71680K, used 64738K [0x00000000a2c00000, 0x0000000100000000)
  region size 1024K, 30 young (30720K), 2 survivors (2048K)
 Metaspace       used 60465K, committed 60992K, reserved 1114112K
  class space    used 6585K, committed 6784K, reserved 1048576K
}
Event: 10379.419 GC heap after
{Heap after GC invocations=23 (full 0):
 garbage-first heap   total reserved 1527808K, committed 71680K, used 36059K [0x00000000a2c00000, 0x0000000100000000)
  region size 1024K, 2 young (2048K), 2 survivors (2048K)
 Metaspace       used 60465K, committed 60992K, reserved 1114112K
  class space    used 6585K, committed 6784K, reserved 1048576K
}
Event: 11441.493 GC heap before
{Heap before GC invocations=24 (full 0):
 garbage-first heap   total reserved 1527808K, committed 71680K, used 64731K [0x00000000a2c00000, 0x0000000100000000)
  region size 1024K, 30 young (30720K), 2 survivors (2048K)
 Metaspace       used 60500K, committed 60992K, reserved 1114112K
  class space    used 6586K, committed 6784K, reserved 1048576K
}
Event: 11441.570 GC heap after
{Heap after GC invocations=25 (full 0):
 garbage-first heap   total reserved 1527808K, committed 71680K, used 36338K [0x00000000a2c00000, 0x0000000100000000)
  region size 1024K, 2 young (2048K), 2 survivors (2048K)
 Metaspace       used 60500K, committed 60992K, reserved 1114112K
  class space    used 6586K, committed 6784K, reserved 1048576K
}
Event: 12927.822 GC heap before
{Heap before GC invocations=25 (full 0):
 garbage-first heap   total reserved 1527808K, committed 71680K, used 63986K [0x00000000a2c00000, 0x0000000100000000)
  region size 1024K, 30 young (30720K), 2 survivors (2048K)
 Metaspace       used 60524K, committed 61056K, reserved 1114112K
  class space    used 6591K, committed 6784K, reserved 1048576K
}
Event: 12927.905 GC heap after
{Heap after GC invocations=26 (full 0):
 garbage-first heap   total reserved 1527808K, committed 71680K, used 35147K [0x00000000a2c00000, 0x0000000100000000)
  region size 1024K, 2 young (2048K), 2 survivors (2048K)
 Metaspace       used 60524K, committed 61056K, reserved 1114112K
  class space    used 6591K, committed 6784K, reserved 1048576K
}

Dll operation events (13 events):
Event: 0.034 Loaded shared library C:\Program Files\Java\jdk-24\bin\java.dll
Event: 0.119 Loaded shared library C:\Program Files\Java\jdk-24\bin\jsvml.dll
Event: 0.676 Loaded shared library C:\Program Files\Java\jdk-24\bin\zip.dll
Event: 0.681 Loaded shared library C:\Program Files\Java\jdk-24\bin\instrument.dll
Event: 0.696 Loaded shared library C:\Program Files\Java\jdk-24\bin\net.dll
Event: 0.707 Loaded shared library C:\Program Files\Java\jdk-24\bin\nio.dll
Event: 0.714 Loaded shared library C:\Program Files\Java\jdk-24\bin\zip.dll
Event: 1.264 Loaded shared library C:\Program Files\Java\jdk-24\bin\extnet.dll
Event: 1.392 Loaded shared library C:\Program Files\Java\jdk-24\bin\jimage.dll
Event: 5.529 Loaded shared library C:\Program Files\Java\jdk-24\bin\sunmscapi.dll
Event: 10.435 Loaded shared library C:\Program Files\Java\jdk-24\bin\management.dll
Event: 10.441 Loaded shared library C:\Program Files\Java\jdk-24\bin\management_ext.dll
Event: 10.934 Loaded shared library C:\Program Files\Java\jdk-24\bin\verify.dll

Deoptimization events (20 events):
Event: 12111.590 Thread 0x000002a3c85964a0 DEOPT PACKING pc=0x000002a3ea07bd1c sp=0x000000d38e5fef90
Event: 12111.655 Thread 0x000002a3c85964a0 DEOPT UNPACKING pc=0x000002a3e9926382 sp=0x000000d38e5fee60 mode 2
Event: 12111.658 Thread 0x000002a3c8594010 Uncommon trap: trap_request=0xffffff4d fr.pc=0x000002a3ea1f0274 relative=0x00000000000006b4
Event: 12111.660 Thread 0x000002a3c8594010 Uncommon trap: reason=unstable_if action=reinterpret pc=0x000002a3ea1f0274 method=java.util.concurrent.locks.AbstractQueuedSynchronizer$ConditionObject.unlinkCancelledWaiters(Ljava/util/concurrent/locks/AbstractQueuedSynchronizer$ConditionNode;)V @ 16 c2
Event: 12111.670 Thread 0x000002a3c8594010 DEOPT PACKING pc=0x000002a3ea1f0274 sp=0x000000d38e4ff5e0
Event: 12111.681 Thread 0x000002a3c8594010 DEOPT UNPACKING pc=0x000002a3e9926382 sp=0x000000d38e4ff388 mode 2
Event: 13209.458 Thread 0x000002a3c9fcf9f0 Uncommon trap: trap_request=0xffffff4d fr.pc=0x000002a3ea224100 relative=0x0000000000000220
Event: 13209.460 Thread 0x000002a3c9fcf9f0 Uncommon trap: reason=unstable_if action=reinterpret pc=0x000002a3ea224100 method=sun.nio.ch.Util$BufferCache.get(I)Ljava/nio/ByteBuffer; @ 25 c2
Event: 13209.461 Thread 0x000002a3c9fcf9f0 DEOPT PACKING pc=0x000002a3ea224100 sp=0x000000d38fcfe390
Event: 13209.464 Thread 0x000002a3c9fcf9f0 DEOPT UNPACKING pc=0x000002a3e9926382 sp=0x000000d38fcfe2b0 mode 2
Event: 13241.658 Thread 0x000002a3c9fd1e80 Uncommon trap: trap_request=0xffffff4d fr.pc=0x000002a3ea17e1ec relative=0x0000000000000b6c
Event: 13241.669 Thread 0x000002a3c9fd1e80 Uncommon trap: reason=unstable_if action=reinterpret pc=0x000002a3ea17e1ec method=java.util.concurrent.locks.AbstractQueuedSynchronizer.acquire(Ljava/util/concurrent/locks/AbstractQueuedSynchronizer$Node;IZZZJ)I @ 285 c2
Event: 13241.674 Thread 0x000002a3c9fd1e80 DEOPT PACKING pc=0x000002a3ea17e1ec sp=0x000000d38e7fc810
Event: 13241.693 Thread 0x000002a3c9fd1e80 DEOPT UNPACKING pc=0x000002a3e9926382 sp=0x000000d38e7fc778 mode 2
Event: 13332.936 Thread 0x000002a3c9fcf9f0 DEOPT PACKING pc=0x000002a3e32d14d0 sp=0x000000d38fcfda00
Event: 13332.937 Thread 0x000002a3c9fcf9f0 DEOPT UNPACKING pc=0x000002a3e9865722 sp=0x000000d38fcfced0 mode 0
Event: 13362.973 Thread 0x000002a3ca180cc0 Uncommon trap: trap_request=0xffffffde fr.pc=0x000002a3ea2c17b0 relative=0x00000000000003b0
Event: 13362.974 Thread 0x000002a3ca180cc0 Uncommon trap: reason=class_check action=maybe_recompile pc=0x000002a3ea2c17b0 method=io.micrometer.core.instrument.internal.DefaultLongTaskTimer$SampleImpl.compareTo(Lio/micrometer/core/instrument/internal/DefaultLongTaskTimer$SampleImpl;)I @ 28 c2
Event: 13362.974 Thread 0x000002a3ca180cc0 DEOPT PACKING pc=0x000002a3ea2c17b0 sp=0x000000d38c6fd6e0
Event: 13362.974 Thread 0x000002a3ca180cc0 DEOPT UNPACKING pc=0x000002a3e9926382 sp=0x000000d38c6fd510 mode 2

Classes loaded (20 events):
Event: 3503.697 Loading class java/util/HashMap$NodeCustomizer
Event: 3503.697 Loading class java/util/HashMap$NodeCustomizer done
Event: 3503.697 Loading class com/sun/beans/finder/MethodFinder
Event: 3503.698 Loading class com/sun/beans/finder/AbstractFinder
Event: 3503.698 Loading class com/sun/beans/finder/AbstractFinder done
Event: 3503.698 Loading class com/sun/beans/finder/MethodFinder done
Event: 3503.698 Loading class com/sun/beans/finder/MethodFinder$1
Event: 3503.698 Loading class com/sun/beans/finder/MethodFinder$1 done
Event: 3503.698 Loading class com/sun/beans/finder/FinderUtils
Event: 3503.698 Loading class com/sun/beans/finder/FinderUtils done
Event: 3503.718 Loading class java/lang/EnumBeanInfo
Event: 3503.718 Loading class java/lang/EnumBeanInfo done
Event: 3503.720 Loading class java/lang/EnumBeanInfo
Event: 3503.720 Loading class java/lang/EnumBeanInfo done
Event: 3503.721 Loading class java/lang/EnumCustomizer
Event: 3503.721 Loading class java/lang/EnumCustomizer done
Event: 3503.723 Loading class java/lang/EnumCustomizer
Event: 3503.723 Loading class java/lang/EnumCustomizer done
Event: 3503.724 Loading class java/lang/Enum$EnumDesc
Event: 3503.725 Loading class java/lang/Enum$EnumDesc done

Classes unloaded (20 events):
Event: 2638.988 Thread 0x000002a3f65036b0 Unloading class 0x000002a381230000 'java/lang/invoke/LambdaForm$DMH+0x000002a381230000'
Event: 2638.988 Thread 0x000002a3f65036b0 Unloading class 0x000002a381214800 'java/lang/invoke/LambdaForm$MH+0x000002a381214800'
Event: 2638.989 Thread 0x000002a3f65036b0 Unloading class 0x000002a3811d9000 'java/lang/invoke/LambdaForm$MH+0x000002a3811d9000'
Event: 2638.989 Thread 0x000002a3f65036b0 Unloading class 0x000002a3811d8400 'java/lang/invoke/LambdaForm$DMH+0x000002a3811d8400'
Event: 2638.989 Thread 0x000002a3f65036b0 Unloading class 0x000002a381114000 'java/lang/invoke/LambdaForm$MH+0x000002a381114000'
Event: 2638.989 Thread 0x000002a3f65036b0 Unloading class 0x000002a381113c00 'java/lang/invoke/LambdaForm$MH+0x000002a381113c00'
Event: 2638.989 Thread 0x000002a3f65036b0 Unloading class 0x000002a381111400 'java/lang/invoke/LambdaForm$DMH+0x000002a381111400'
Event: 2638.990 Thread 0x000002a3f65036b0 Unloading class 0x000002a381110c00 'java/lang/invoke/LambdaForm$DMH+0x000002a381110c00'
Event: 2638.990 Thread 0x000002a3f65036b0 Unloading class 0x000002a381110400 'java/lang/invoke/LambdaForm$DMH+0x000002a381110400'
Event: 2638.990 Thread 0x000002a3f65036b0 Unloading class 0x000002a381109400 'java/lang/invoke/LambdaForm$DMH+0x000002a381109400'
Event: 2638.990 Thread 0x000002a3f65036b0 Unloading class 0x000002a3810fd000 'java/lang/invoke/LambdaForm$MH+0x000002a3810fd000'
Event: 2638.991 Thread 0x000002a3f65036b0 Unloading class 0x000002a3810fcc00 'java/lang/invoke/LambdaForm$MH+0x000002a3810fcc00'
Event: 2638.991 Thread 0x000002a3f65036b0 Unloading class 0x000002a3810e8000 'java/lang/invoke/LambdaForm$DMH+0x000002a3810e8000'
Event: 2638.991 Thread 0x000002a3f65036b0 Unloading class 0x000002a3810c0c00 'java/lang/invoke/LambdaForm$MH+0x000002a3810c0c00'
Event: 2638.991 Thread 0x000002a3f65036b0 Unloading class 0x000002a381020400 'java/lang/invoke/LambdaForm$MH+0x000002a381020400'
Event: 2638.991 Thread 0x000002a3f65036b0 Unloading class 0x000002a381010c00 'java/lang/invoke/LambdaForm$BMH+0x000002a381010c00'
Event: 2638.992 Thread 0x000002a3f65036b0 Unloading class 0x000002a381002400 'java/lang/invoke/LambdaForm$MH+0x000002a381002400'
Event: 2638.992 Thread 0x000002a3f65036b0 Unloading class 0x000002a381002000 'java/lang/invoke/LambdaForm$MH+0x000002a381002000'
Event: 2638.992 Thread 0x000002a3f65036b0 Unloading class 0x000002a381001c00 'java/lang/invoke/LambdaForm$MH+0x000002a381001c00'
Event: 2638.992 Thread 0x000002a3f65036b0 Unloading class 0x000002a381001400 'java/lang/invoke/LambdaForm$MH+0x000002a381001400'

Classes redefined (0 events):
No events

Internal exceptions (20 events):
Event: 3503.731 Thread 0x000002a3ca184740 Exception <a 'java/io/IOException'{0x00000000a6a70468}> (0x00000000a6a70468) 
thrown [s\open\src\hotspot\share\prims\jni.cpp, line 518]
Event: 3503.731 Thread 0x000002a3ca184740 Exception <a 'java/lang/ClassNotFoundException'{0x00000000a6a72920}: com/netflix/appinfo/InstanceInfo$InstanceStatusCustomizer> (0x00000000a6a72920) 
thrown [s\open\src\hotspot\share\classfile\systemDictionary.cpp, line 327]
Event: 3503.742 Thread 0x000002a3ca184740 Exception <a 'java/io/IOException'{0x00000000a6a81680}> (0x00000000a6a81680) 
thrown [s\open\src\hotspot\share\prims\jni.cpp, line 518]
Event: 3503.743 Thread 0x000002a3ca184740 Exception <a 'java/lang/ClassNotFoundException'{0x00000000a6a83590}: com/netflix/eureka/util/StatusInfoBeanInfo> (0x00000000a6a83590) 
thrown [s\open\src\hotspot\share\classfile\systemDictionary.cpp, line 327]
Event: 3503.747 Thread 0x000002a3ca184740 Exception <a 'java/io/IOException'{0x00000000a6a86778}> (0x00000000a6a86778) 
thrown [s\open\src\hotspot\share\prims\jni.cpp, line 518]
Event: 3503.748 Thread 0x000002a3ca184740 Exception <a 'java/lang/ClassNotFoundException'{0x00000000a6a88688}: com/netflix/eureka/util/StatusInfoCustomizer> (0x00000000a6a88688) 
thrown [s\open\src\hotspot\share\classfile\systemDictionary.cpp, line 327]
Event: 5158.687 Thread 0x000002a3ca186bd0 Exception <a 'sun/net/ConnectionResetException'{0x00000000a69e8530}: Connection reset> (0x00000000a69e8530) 
thrown [s\open\src\hotspot\share\prims\jni.cpp, line 536]
Event: 5158.687 Thread 0x000002a3ca184740 Exception <a 'sun/net/ConnectionResetException'{0x00000000a69848d8}: Connection reset> (0x00000000a69848d8) 
thrown [s\open\src\hotspot\share\prims\jni.cpp, line 536]
Event: 5158.687 Thread 0x000002a3c5ec5a20 Exception <a 'sun/net/ConnectionResetException'{0x00000000a69e3d00}: Connection reset> (0x00000000a69e3d00) 
thrown [s\open\src\hotspot\share\prims\jni.cpp, line 536]
Event: 5402.820 Thread 0x000002a3c8594010 Implicit null exception at 0x000002a3ea276f1d to 0x000002a3ea2771e4
Event: 5403.806 Thread 0x000002a3c8594010 Implicit null exception at 0x000002a3ea276f1d to 0x000002a3ea2771e4
Event: 5404.808 Thread 0x000002a3c8594010 Implicit null exception at 0x000002a3ea276f1d to 0x000002a3ea2771e4
Event: 5405.805 Thread 0x000002a3c8594010 Implicit null exception at 0x000002a3ea276f1d to 0x000002a3ea2771e4
Event: 5406.807 Thread 0x000002a3c8594010 Implicit null exception at 0x000002a3ea27749b to 0x000002a3ea277750
Event: 9559.606 Thread 0x000002a3ca186bd0 Implicit null exception at 0x000002a3ea264f45 to 0x000002a3ea266594
Event: 9559.607 Thread 0x000002a3c5ec4b80 Implicit null exception at 0x000002a3ea264f45 to 0x000002a3ea266594
Event: 9559.607 Thread 0x000002a3ca1855e0 Implicit null exception at 0x000002a3ea264f45 to 0x000002a3ea266594
Event: 9559.607 Thread 0x000002a3ca187320 Implicit null exception at 0x000002a3ea264f45 to 0x000002a3ea266594
Event: 11350.461 Thread 0x000002a3c8594760 Implicit null exception at 0x000002a3ea1a1b40 to 0x000002a3ea1a2f24
Event: 11350.461 Thread 0x000002a3ca180cc0 Implicit null exception at 0x000002a3ea1a1b40 to 0x000002a3ea1a2f24

VM Operations (20 events):
Event: 13220.720 Executing VM operation: HandshakeAllThreads (HandshakeForDeflation)
Event: 13220.723 Executing VM operation: HandshakeAllThreads (HandshakeForDeflation) done
Event: 13220.723 Executing VM operation: RendezvousGCThreads
Event: 13220.723 Executing VM operation: RendezvousGCThreads done
Event: 13280.989 Executing VM operation: HandshakeAllThreads (HandshakeForDeflation)
Event: 13281.048 Executing VM operation: HandshakeAllThreads (HandshakeForDeflation) done
Event: 13281.048 Executing VM operation: RendezvousGCThreads
Event: 13281.048 Executing VM operation: RendezvousGCThreads done
Event: 13340.930 Executing VM operation: HandshakeAllThreads (HandshakeForDeflation)
Event: 13340.931 Executing VM operation: HandshakeAllThreads (HandshakeForDeflation) done
Event: 13340.931 Executing VM operation: RendezvousGCThreads
Event: 13340.931 Executing VM operation: RendezvousGCThreads done
Event: 13401.025 Executing VM operation: HandshakeAllThreads (HandshakeForDeflation)
Event: 13401.025 Executing VM operation: HandshakeAllThreads (HandshakeForDeflation) done
Event: 13401.025 Executing VM operation: RendezvousGCThreads
Event: 13401.025 Executing VM operation: RendezvousGCThreads done
Event: 13461.118 Executing VM operation: HandshakeAllThreads (HandshakeForDeflation)
Event: 13461.119 Executing VM operation: HandshakeAllThreads (HandshakeForDeflation) done
Event: 13461.119 Executing VM operation: RendezvousGCThreads
Event: 13461.119 Executing VM operation: RendezvousGCThreads done

Memory protections (0 events):
No events

Nmethod flushes (20 events):
Event: 10380.527 Thread 0x000002a3f65036b0 flushing  nmethod 0x000002a3e2b6c608
Event: 10380.527 Thread 0x000002a3f65036b0 flushing  nmethod 0x000002a3e2b6d588
Event: 10380.527 Thread 0x000002a3f65036b0 flushing  nmethod 0x000002a3e2b6de08
Event: 10380.529 Thread 0x000002a3f65036b0 flushing  nmethod 0x000002a3e2b6ed88
Event: 10380.529 Thread 0x000002a3f65036b0 flushing  nmethod 0x000002a3e2b6f288
Event: 10380.529 Thread 0x000002a3f65036b0 flushing  nmethod 0x000002a3e2b6f988
Event: 10380.529 Thread 0x000002a3f65036b0 flushing  nmethod 0x000002a3e2b70688
Event: 10380.529 Thread 0x000002a3f65036b0 flushing  nmethod 0x000002a3e2b70e08
Event: 10380.529 Thread 0x000002a3f65036b0 flushing  nmethod 0x000002a3e2bec908
Event: 10380.529 Thread 0x000002a3f65036b0 flushing  nmethod 0x000002a3e2becc88
Event: 10380.529 Thread 0x000002a3f65036b0 flushing  nmethod 0x000002a3e2beef88
Event: 10380.529 Thread 0x000002a3f65036b0 flushing  nmethod 0x000002a3e2bf7408
Event: 10380.529 Thread 0x000002a3f65036b0 flushing  nmethod 0x000002a3e2bf7b88
Event: 10380.529 Thread 0x000002a3f65036b0 flushing  nmethod 0x000002a3e2c6cf08
Event: 10380.530 Thread 0x000002a3f65036b0 flushing  nmethod 0x000002a3e2c6d488
Event: 10380.530 Thread 0x000002a3f65036b0 flushing  nmethod 0x000002a3e2c6d908
Event: 10380.530 Thread 0x000002a3f65036b0 flushing  nmethod 0x000002a3e2c72908
Event: 10380.530 Thread 0x000002a3f65036b0 flushing  nmethod 0x000002a3e2c76808
Event: 10380.531 Thread 0x000002a3f65036b0 flushing  nmethod 0x000002a3e2ec9a88
Event: 10380.531 Thread 0x000002a3f65036b0 flushing  nmethod 0x000002a3e2ecb408

Events (20 events):
Event: 25.688 Thread 0x000002a3d7f2db60 Thread added: 0x000002a3c5ec5a20
Event: 25.690 Thread 0x000002a3d7f2db60 Thread added: 0x000002a3c5ec4b80
Event: 25.695 Thread 0x000002a3ca180cc0 Thread exited: 0x000002a3ca180cc0
Event: 25.784 Thread 0x000002a3d7f2db60 Thread added: 0x000002a3c5ec52d0
Event: 25.795 Thread 0x000002a3d7f2db60 Thread added: 0x000002a3c5ec3ce0
Event: 26.726 Thread 0x000002a3d7f2db60 Thread exited: 0x000002a3d7f2db60
Event: 26.726 Thread 0x000002a3c5ec68c0 Thread added: 0x000002a3c5ec68c0
Event: 31.745 Thread 0x000002a3c591d9b0 Thread exited: 0x000002a3c591d9b0
Event: 85.873 Thread 0x000002a3c8594760 Thread exited: 0x000002a3c8594760
Event: 11349.440 Thread 0x000002a3c5ec52d0 Thread added: 0x000002a3c5ec7760
Event: 11349.447 Thread 0x000002a3c5ec52d0 Thread added: 0x000002a3ca180cc0
Event: 11349.456 Thread 0x000002a3c5ec52d0 Thread added: 0x000002a3c8594760
Event: 11349.608 Thread 0x000002a3c5ec52d0 Thread added: 0x000002a3c9fd1e80
Event: 11349.635 Thread 0x000002a3c5ec52d0 Thread added: 0x000002a3c9fceb50
Event: 13209.350 Thread 0x000002a3c5ec52d0 Thread added: 0x000002a3c9fcf9f0
Event: 13241.552 Thread 0x000002a3c5ec52d0 Thread added: 0x000002a3c9fd0140
Event: 13241.555 Thread 0x000002a3c5ec52d0 Thread added: 0x000002a3c9fd0890
Event: 13332.725 Thread 0x000002a3c9fceb50 Thread exited: 0x000002a3c9fceb50
Event: 13453.015 Thread 0x000002a3c9fcf9f0 Thread exited: 0x000002a3c9fcf9f0
Event: 13483.035 Thread 0x000002a3ca184740 Thread exited: 0x000002a3ca184740


Dynamic libraries:
0x00007ff750d60000 - 0x00007ff750d70000 	C:\Program Files\Java\jdk-24\bin\java.exe
0x00007ff8f02c0000 - 0x00007ff8f0525000 	C:\WINDOWS\SYSTEM32\ntdll.dll
0x00007ff8ef850000 - 0x00007ff8ef919000 	C:\WINDOWS\System32\KERNEL32.DLL
0x00007ff8ed850000 - 0x00007ff8edc38000 	C:\WINDOWS\System32\KERNELBASE.dll
0x00007ff8ede20000 - 0x00007ff8edf6b000 	C:\WINDOWS\System32\ucrtbase.dll
0x00007ff8e78b0000 - 0x00007ff8e78cb000 	C:\Program Files\Java\jdk-24\bin\VCRUNTIME140.dll
0x00007ff8dfa50000 - 0x00007ff8dfa66000 	C:\Program Files\Java\jdk-24\bin\jli.dll
0x00007ff8ee810000 - 0x00007ff8ee9da000 	C:\WINDOWS\System32\USER32.dll
0x00007ff8ee030000 - 0x00007ff8ee057000 	C:\WINDOWS\System32\win32u.dll
0x00007ff8ee7e0000 - 0x00007ff8ee80b000 	C:\WINDOWS\System32\GDI32.dll
0x00007ff8edce0000 - 0x00007ff8ede17000 	C:\WINDOWS\System32\gdi32full.dll
0x00007ff8ed410000 - 0x00007ff8ed4b3000 	C:\WINDOWS\System32\msvcp_win.dll
0x00007ff8d5ee0000 - 0x00007ff8d617a000 	C:\WINDOWS\WinSxS\amd64_microsoft.windows.common-controls_6595b64144ccf1df_6.0.26100.4202_none_3e0698d4e335f517\COMCTL32.dll
0x00007ff8eff40000 - 0x00007ff8effe9000 	C:\WINDOWS\System32\msvcrt.dll
0x00007ff8eeb40000 - 0x00007ff8eeb70000 	C:\WINDOWS\System32\IMM32.DLL
0x00007ff8e7a50000 - 0x00007ff8e7a5c000 	C:\Program Files\Java\jdk-24\bin\vcruntime140_1.dll
0x00007ff8c3fd0000 - 0x00007ff8c405e000 	C:\Program Files\Java\jdk-24\bin\msvcp140.dll
0x00007ff879470000 - 0x00007ff87a212000 	C:\Program Files\Java\jdk-24\bin\server\jvm.dll
0x00007ff8ef790000 - 0x00007ff8ef843000 	C:\WINDOWS\System32\ADVAPI32.dll
0x00007ff8ee620000 - 0x00007ff8ee6c6000 	C:\WINDOWS\System32\sechost.dll
0x00007ff8ee500000 - 0x00007ff8ee615000 	C:\WINDOWS\System32\RPCRT4.dll
0x00007ff8ee6e0000 - 0x00007ff8ee754000 	C:\WINDOWS\System32\WS2_32.dll
0x00007ff8e1840000 - 0x00007ff8e184b000 	C:\WINDOWS\SYSTEM32\VERSION.dll
0x00007ff8e25f0000 - 0x00007ff8e2625000 	C:\WINDOWS\SYSTEM32\WINMM.dll
0x00007ff8ed0c0000 - 0x00007ff8ed11e000 	C:\WINDOWS\SYSTEM32\POWRPROF.dll
0x00007ff8ed0a0000 - 0x00007ff8ed0b4000 	C:\WINDOWS\SYSTEM32\UMPDC.dll
0x00007ff8ec1d0000 - 0x00007ff8ec1eb000 	C:\WINDOWS\SYSTEM32\kernel.appcore.dll
0x00007ff8e79c0000 - 0x00007ff8e79ca000 	C:\Program Files\Java\jdk-24\bin\jimage.dll
0x00007ff8eac60000 - 0x00007ff8eaea1000 	C:\WINDOWS\SYSTEM32\DBGHELP.DLL
0x00007ff8efb00000 - 0x00007ff8efe85000 	C:\WINDOWS\System32\combase.dll
0x00007ff8eea50000 - 0x00007ff8eeb31000 	C:\WINDOWS\System32\OLEAUT32.dll
0x00007ff8d2a50000 - 0x00007ff8d2a89000 	C:\WINDOWS\SYSTEM32\dbgcore.DLL
0x00007ff8edc40000 - 0x00007ff8edcd9000 	C:\WINDOWS\System32\bcryptPrimitives.dll
0x00007ff8daff0000 - 0x00007ff8dafff000 	C:\Program Files\Java\jdk-24\bin\instrument.dll
0x00007ff8de820000 - 0x00007ff8de83e000 	C:\Program Files\Java\jdk-24\bin\java.dll
0x00007ff8eeb80000 - 0x00007ff8eed1e000 	C:\WINDOWS\System32\ole32.dll
0x00007ff8eef40000 - 0x00007ff8ef682000 	C:\WINDOWS\System32\SHELL32.dll
0x00007ff8ed550000 - 0x00007ff8ed6c4000 	C:\WINDOWS\System32\wintypes.dll
0x00007ff8eb070000 - 0x00007ff8eb8c8000 	C:\WINDOWS\SYSTEM32\windows.storage.dll
0x00007ff8f0160000 - 0x00007ff8f0251000 	C:\WINDOWS\System32\SHCORE.dll
0x00007ff8f0040000 - 0x00007ff8f00aa000 	C:\WINDOWS\System32\shlwapi.dll
0x00007ff8ed320000 - 0x00007ff8ed34f000 	C:\WINDOWS\SYSTEM32\profapi.dll
0x00007ff8ac2d0000 - 0x00007ff8ac3a7000 	C:\Program Files\Java\jdk-24\bin\jsvml.dll
0x00007ff8dbcb0000 - 0x00007ff8dbcc7000 	C:\Program Files\Java\jdk-24\bin\zip.dll
0x00007ff8dfa40000 - 0x00007ff8dfa50000 	C:\Program Files\Java\jdk-24\bin\net.dll
0x00007ff8ec740000 - 0x00007ff8ec7aa000 	C:\WINDOWS\system32\mswsock.dll
0x00007ff8de2e0000 - 0x00007ff8de2f6000 	C:\Program Files\Java\jdk-24\bin\nio.dll
0x00007ff8de2d0000 - 0x00007ff8de2d9000 	C:\Program Files\Java\jdk-24\bin\extnet.dll
0x00007ff8ebc30000 - 0x00007ff8ebc63000 	C:\WINDOWS\SYSTEM32\IPHLPAPI.DLL
0x00007ff8ee9e0000 - 0x00007ff8ee9ea000 	C:\WINDOWS\System32\NSI.dll
0x00007ff8ebcd0000 - 0x00007ff8ebdf7000 	C:\WINDOWS\SYSTEM32\DNSAPI.dll
0x00007ff8e2190000 - 0x00007ff8e219b000 	C:\Windows\System32\rasadhlp.dll
0x00007ff8e6cf0000 - 0x00007ff8e6d76000 	C:\WINDOWS\System32\fwpuclnt.dll
0x00007ff8de810000 - 0x00007ff8de81e000 	C:\Program Files\Java\jdk-24\bin\sunmscapi.dll
0x00007ff8ed6d0000 - 0x00007ff8ed847000 	C:\WINDOWS\System32\CRYPT32.dll
0x00007ff8ecc10000 - 0x00007ff8ecc40000 	C:\WINDOWS\SYSTEM32\ncrypt.dll
0x00007ff8ecbc0000 - 0x00007ff8ecbff000 	C:\WINDOWS\SYSTEM32\NTASN1.dll
0x00007ff8ec9f0000 - 0x00007ff8eca0b000 	C:\WINDOWS\SYSTEM32\CRYPTSP.dll
0x00007ff8ec130000 - 0x00007ff8ec16a000 	C:\WINDOWS\system32\rsaenh.dll
0x00007ff8ec7e0000 - 0x00007ff8ec80b000 	C:\WINDOWS\SYSTEM32\USERENV.dll
0x00007ff8ed2f0000 - 0x00007ff8ed316000 	C:\WINDOWS\SYSTEM32\bcrypt.dll
0x00007ff8eca10000 - 0x00007ff8eca1c000 	C:\WINDOWS\SYSTEM32\CRYPTBASE.dll
0x00007ff8db010000 - 0x00007ff8db01a000 	C:\Program Files\Java\jdk-24\bin\management.dll
0x00007ff8db000000 - 0x00007ff8db00b000 	C:\Program Files\Java\jdk-24\bin\management_ext.dll
0x00007ff8ee6d0000 - 0x00007ff8ee6d8000 	C:\WINDOWS\System32\PSAPI.DLL
0x00007ff8dafe0000 - 0x00007ff8daff0000 	C:\Program Files\Java\jdk-24\bin\verify.dll
0x00007ff878c30000 - 0x00007ff878c38000 	C:\WINDOWS\system32\wshunix.dll

dbghelp: loaded successfully - version: 4.0.5 - missing functions: none
symbol engine: initialized successfully - sym options: 0x614 - pdb path: .;C:\Program Files\Java\jdk-24\bin;C:\WINDOWS\SYSTEM32;C:\WINDOWS\WinSxS\amd64_microsoft.windows.common-controls_6595b64144ccf1df_6.0.26100.4202_none_3e0698d4e335f517;C:\Program Files\Java\jdk-24\bin\server

VM Arguments:
jvm_args: -javaagent:C:\Program Files\JetBrains\IntelliJ IDEA Community Edition 2025.1.1.1\lib\idea_rt.jar=53485 -Dfile.encoding=UTF-8 -Dsun.stdout.encoding=UTF-8 -Dsun.stderr.encoding=UTF-8 
java_command: com.m2_airline_system.service_registery.ServiceRegisteryApplication
java_class_path (initial): C:\Users\Abdelhalim\Desktop\m2-airline-system\service-registery\${project.build.directory}\classes;C:\Users\Abdelhalim\.m2\repository\org\springframework\boot\spring-boot-starter-web\3.5.3\spring-boot-starter-web-3.5.3.jar;C:\Users\Abdelhalim\.m2\repository\org\springframework\boot\spring-boot-starter\3.5.3\spring-boot-starter-3.5.3.jar;C:\Users\Abdelhalim\.m2\repository\org\springframework\boot\spring-boot\3.5.3\spring-boot-3.5.3.jar;C:\Users\Abdelhalim\.m2\repository\org\springframework\boot\spring-boot-autoconfigure\3.5.3\spring-boot-autoconfigure-3.5.3.jar;C:\Users\Abdelhalim\.m2\repository\org\springframework\boot\spring-boot-starter-logging\3.5.3\spring-boot-starter-logging-3.5.3.jar;C:\Users\Abdelhalim\.m2\repository\ch\qos\logback\logback-classic\1.5.18\logback-classic-1.5.18.jar;C:\Users\Abdelhalim\.m2\repository\ch\qos\logback\logback-core\1.5.18\logback-core-1.5.18.jar;C:\Users\Abdelhalim\.m2\repository\org\apache\logging\log4j\log4j-to-slf4j\2.24.3\log4j-to-slf4j-2.24.3.jar;C:\Users\Abdelhalim\.m2\repository\org\apache\logging\log4j\log4j-api\2.24.3\log4j-api-2.24.3.jar;C:\Users\Abdelhalim\.m2\repository\org\slf4j\jul-to-slf4j\2.0.17\jul-to-slf4j-2.0.17.jar;C:\Users\Abdelhalim\.m2\repository\jakarta\annotation\jakarta.annotation-api\2.1.1\jakarta.annotation-api-2.1.1.jar;C:\Users\Abdelhalim\.m2\repository\org\yaml\snakeyaml\2.4\snakeyaml-2.4.jar;C:\Users\Abdelhalim\.m2\repository\org\springframework\boot\spring-boot-starter-json\3.5.3\spring-boot-starter-json-3.5.3.jar;C:\Users\Abdelhalim\.m2\repository\com\fasterxml\jackson\core\jackson-databind\2.19.1\jackson-databind-2.19.1.jar;C:\Users\Abdelhalim\.m2\repository\com\fasterxml\jackson\core\jackson-annotations\2.19.1\jackson-annotations-2.19.1.jar;C:\Users\Abdelhalim\.m2\repository\com\fasterxml\jackson\core\jackson-core\2.19.1\jackson-core-2.19.1.jar;C:\Users\Abdelhalim\.m2\repository\com\fasterxml\jackson\datatype\jackson-datatype-jdk8\2.19.1\jackson-datatype-jdk8-2.19.1.jar;C:\Users\Abdelhalim\.m2\repository\com\fasterxml\jackson\datatype\jackson-datatype-jsr310\2.19.1\jackson-datatype-jsr310-2.19.1.jar;C:\Users\Abdelhalim\.m2\repository\com\fasterxml\jackson\module\jackson-module-parameter-names\2.19.1\jackson-module-parameter-names-2.19.1.jar;C:\Users\Abdelhalim\.m2\repository\org\springframework\boot\spring-boot-starter-tomcat\3.5.3\spring-boot-starter-tomcat-3.5.3.jar;C:\Users\Abdelhalim\.m2\repository\org\apache\tomcat\embed\tomcat-embed-core\10.1.42\tomcat-embed-core-10.1.42.jar;C:\Users\Abdelhalim\.m2\repository\org\apache\tomcat\embed\tomcat-embed-el\10.1.42\tomcat-embed-el-10.1.42.jar;C:\Users\Abdelhalim\.m2\repository\org\apache\tomcat\embed\tomcat-embed-websocket\10.1.42\tomcat-embed-websocket-10.1.42.jar;C:\Users\Abdelhalim\.m2\repository\org\springframework\spring-web\6.2.8\spring-web-6.2.8.jar;C:\Users\Abdelhalim\.m2\repository\org\springframework\spring-beans\6.2.8\spring-beans-6.2.8.jar;C:\Users\Abdelhalim\.m2\repository\io\micrometer\micrometer-observation\1.15.1\micrometer-observation-1.15.1.jar;C:\Users\Abdelhalim\.m2\repository\io\micrometer\micrometer-commons\1.15.1\micrometer-commons-1.15.1.jar;C:\Users\Abdelhalim\.m2\repository\org\springframework\spring-webmvc\6.2.8\spring-webmvc-6.2.8.jar;C:\Users\Abdelhalim\.m2\repository\org\springframework\spring-aop\6.2.8\spring-aop-6.2.8.jar;C:\Users\Abdelhalim\.m2\repository\org\springframework\spring-context\6.2.8\spring-context-6.2.8.jar;C:\Users\Abdelhalim\.m2\repository\org\springframework\spring-expression\6.2.8\spring-expression-6.2.8.jar;C:\Users\Abdelhalim\.m2\repository\org\springframework\cloud\spring-cloud-starter-netflix-eureka-server\4.3.0\spring-cloud-starter-netflix-eureka-server-4.3.0.jar;C:\Users\Abdelhalim\.m2\repository\org\springframework\cloud\spring-cloud-starter\4.3.0\spring-cloud-starter-4.3.0.jar;C:\Users\Abdelhalim\.m2\repository\org\springframework\cloud\spring-cloud-context\4.3.0\spring-cloud-context-4.3.0.jar;C:\Users\Abdelhalim\.m2\repository\org\springframework\security\spring-security-crypto\6.5.1\spring-security-crypto-6.5.1.jar;C:\Users\Abdelhalim\.m2\repository\org\springframework\cloud\spring-cloud-commons\4.3.0\spring-cloud-commons-4.3.0.jar;C:\Users\Abdelhalim\.m2\repository\org\bouncycastle\bcprov-jdk18on\1.80\bcprov-jdk18on-1.80.jar;C:\Users\Abdelhalim\.m2\repository\org\springframework\cloud\spring-cloud-netflix-eureka-server\4.3.0\spring-cloud-netflix-eureka-server-4.3.0.jar;C:\Users\Abdelhalim\.m2\repository\org\springframework\boot\spring-boot-starter-actuator\3.5.3\spring-boot-starter-actuator-3.5.3.jar;C:\Users\Abdelhalim\.m2\repository\org\springframework\boot\spring-boot-actuator-autoconfigure\3.5.3\spring-boot-actuator-autoconfigure-3.5.3.jar;C:\Users\Abdelhalim\.m2\repository\org\springframework\boot\spring-boot-actuator\3.5.3\spring-boot-actuator-3.5.3.jar;C:\Users\Abdelhalim\.m2\repository\io\micrometer\micrometer-jakarta9\1.15.1\micrometer-jakarta9-1.15.1.jar;C:\Users\Abdelhalim\.m2\repository\io\micrometer\micrometer-core\1.15.1\micrometer-core-1.15.1.jar;C:\Users\Abdelhalim\.m2\repository\org\hdrhistogram\HdrHistogram\2.2.2\HdrHistogram-2.2.2.jar;C:\Users\Abdelhalim\.m2\repository\org\latencyutils\LatencyUtils\2.0.3\LatencyUtils-2.0.3.jar;C:\Users\Abdelhalim\.m2\repository\org\springframework\boot\spring-boot-starter-freemarker\3.5.3\spring-boot-starter-freemarker-3.5.3.jar;C:\Users\Abdelhalim\.m2\repository\org\freemarker\freemarker\2.3.34\freemarker-2.3.34.jar;C:\Users\Abdelhalim\.m2\repository\org\springframework\spring-context-support\6.2.8\spring-context-support-6.2.8.jar;C:\Users\Abdelhalim\.m2\repository\org\springframework\cloud\spring-cloud-netflix-eureka-client\4.3.0\spring-cloud-netflix-eureka-client-4.3.0.jar;C:\Users\Abdelhalim\.m2\repository\com\netflix\eureka\eureka-client\2.0.4\eureka-client-2.0.4.jar;C:\Users\Abdelhalim\.m2\repository\com\thoughtworks\xstream\xstream\1.4.20\xstream-1.4.20.jar;C:\Users\Abdelhalim\.m2\repository\io\github\x-stream\mxparser\1.2.2\mxparser-1.2.2.jar;C:\Users\Abdelhalim\.m2\repository\xmlpull\xmlpull\1.1.3.1\xmlpull-1.1.3.1.jar;C:\Users\Abdelhalim\.m2\repository\com\netflix\spectator\spectator-api\1.7.3\spectator-api-1.7.3.jar;C:\Users\Abdelhalim\.m2\repository\org\apache\httpcomponents\httpclient\4.5.3\httpclient-4.5.3.jar;C:\Users\Abdelhalim\.m2\repository\org\apache\httpcomponents\httpcore\4.4.16\httpcore-4.4.16.jar;C:\Users\Abdelhalim\.m2\repository\commons-configuration\commons-configuration\1.10\commons-configuration-1.10.jar;C:\Users\Abdelhalim\.m2\repository\commons-lang\commons-lang\2.6\commons-lang-2.6.jar;C:\Users\Abdelhalim\.m2\repository\com\netflix\netflix-commons\netflix-eventbus\0.3.0\netflix-eventbus-0.3.0.jar;C:\Users\Abdelhalim\.m2\repository\com\netflix\netflix-commons\netflix-infix\0.3.0\netflix-infix-0.3.0.jar;C:\Users\Abdelhalim\.m2\repository\commons-jxpath\commons-jxpath\1.3\commons-jxpath-1.3.jar;C:\Users\Abdelhalim\.m2\repository\joda-time\joda-time\2.3\joda-time-2.3.jar;C:\Users\Abdelhalim\.m2\repository\org\antlr\antlr-runtime\3.4\antlr-runtime-3.4.jar;C:\Users\Abdelhalim\.m2\repository\org\antlr\stringtemplate\3.2.1\stringtemplate-3.2.1.jar;C:\Users\Abdelhalim\.m2\repository\antlr\antlr\2.7.7\antlr-2.7.7.jar;C:\Users\Abdelhalim\.m2\repository\com\google\code\gson\gson\2.13.1\gson-2.13.1.jar;C:\Users\Abdelhalim\.m2\repository\com\netflix\servo\servo-core\0.5.3\servo-core-0.5.3.jar;C:\Users\Abdelhalim\.m2\repository\org\apache\commons\commons-math\2.2\commons-math-2.2.jar;C:\Users\Abdelhalim\.m2\repository\javax\annotation\javax.annotation-api\1.2\javax.annotation-api-1.2.jar;C:\Users\Abdelhalim\.m2\repository\org\codehaus\jettison\jettison\1.5.4\jettison-1.5.4.jar;C:\Users\Abdelhalim\.m2\repository\org\apache\httpcomponents\client5\httpclient5\5.5\httpclient5-5.5.jar;C:\Users\Abdelhalim\.m2\repository\org\apache\httpcomponents\core5\httpcore5\5.3.4\httpcore5-5.3.4.jar;C:\Users\Abdelhalim\.m2\repository\org\apache\httpcomponents\core5\httpcore5-h2\5.3.4\httpcore5-h2-5.3.4.jar;C:\Users\Abdelhalim\.m2\repository\com\netflix\eureka\eureka-client-jersey3\2.0.4\eureka-client-jersey3-2.0.4.jar;C:\Users\Abdelhalim\.m2\repository\org\glassfish\jersey\connectors\jersey-apache-connector\3.1.10\jersey-apache-connector-3.1.10.jar;C:\Users\Abdelhalim\.m2\repository\commons-codec\commons-codec\1.18.0\commons-codec-1.18.0.jar;C:\Users\Abdelhalim\.m2\repository\com\netflix\eureka\eureka-core-jersey3\2.0.4\eureka-core-jersey3-2.0.4.jar;C:\Users\Abdelhalim\.m2\repository\com\netflix\eureka\eureka-core\2.0.4\eureka-core-2.0.4.jar;C:\Users\Abdelhalim\.m2\repository\com\google\guava\guava\33.0.0-jre\guava-33.0.0-jre.jar;C:\Users\Abdelhalim\.m2\repository\com\google\guava\failureaccess\1.0.2\failureaccess-1.0.2.jar;C:\Users\Abdelhalim\.m2\repository\com\google\guava\listenablefuture\9999.0-empty-to-avoid-conflict-with-guava\listenablefuture-9999.0-empty-to-avoid-conflict-with-guava.jar;C:\Users\Abdelhalim\.m2\repository\org\checkerframework\checker-qual\3.41.0\checker-qual-3.41.0.jar;C:\Users\Abdelhalim\.m2\repository\com\google\errorprone\error_prone_annotations\2.23.0\error_prone_annotations-2.23.0.jar;C:\Users\Abdelhalim\.m2\repository\com\google\j2objc\j2objc-annotations\2.8\j2objc-annotations-2.8.jar;C:\Users\Abdelhalim\.m2\repository\org\glassfish\jersey\containers\jersey-container-servlet\3.1.10\jersey-container-servlet-3.1.10.jar;C:\Users\Abdelhalim\.m2\repository\org\glassfish\jersey\containers\jersey-container-servlet-core\3.1.10\jersey-container-servlet-core-3.1.10.jar;C:\Users\Abdelhalim\.m2\repository\org\glassfish\jersey\core\jersey-common\3.1.10\jersey-common-3.1.10.jar;C:\Users\Abdelhalim\.m2\repository\org\glassfish\hk2\osgi-resource-locator\1.0.3\osgi-resource-locator-1.0.3.jar;C:\Users\Abdelhalim\.m2\repository\jakarta\ws\rs\jakarta.ws.rs-api\3.1.0\jakarta.ws.rs-api-3.1.0.jar;C:\Users\Abdelhalim\.m2\repository\org\glassfish\jersey\core\jersey-server\3.1.10\jersey-server-3.1.10.jar;C:\Users\Abdelhalim\.m2\repository\jakarta\inject\jakarta.inject-api\2.0.1\jakarta.inject-api-2.0.1.jar;C:\Users\Abdelhalim\.m2\repository\jakarta\validation\jakarta.validation-api\3.0.2\jakarta.validation-api-3.0.2.jar;C:\Users\Abdelhalim\.m2\repository\org\glassfish\jersey\core\jersey-client\3.1.10\jersey-client-3.1.10.jar;C:\Users\Abdelhalim\.m2\repository\org\glassfish\jersey\inject\jersey-hk2\3.1.10\jersey-hk2-3.1.10.jar;C:\Users\Abdelhalim\.m2\repository\org\glassfish\hk2\hk2-locator\3.0.6\hk2-locator-3.0.6.jar;C:\Users\Abdelhalim\.m2\repository\org\glassfish\hk2\hk2-utils\3.0.6\hk2-utils-3.0.6.jar;C:\Users\Abdelhalim\.m2\repository\org\javassist\javassist\3.30.2-GA\javassist-3.30.2-GA.jar;C:\Users\Abdelhalim\.m2\repository\org\glassfish\hk2\spring-bridge\3.1.1\spring-bridge-3.1.1.jar;C:\Users\Abdelhalim\.m2\repository\org\glassfish\hk2\hk2-api\3.1.1\hk2-api-3.1.1.jar;C:\Users\Abdelhalim\.m2\repository\com\fasterxml\jackson\dataformat\jackson-dataformat-xml\2.19.1\jackson-dataformat-xml-2.19.1.jar;C:\Users\Abdelhalim\.m2\repository\org\codehaus\woodstox\stax2-api\4.2.2\stax2-api-4.2.2.jar;C:\Users\Abdelhalim\.m2\repository\com\fasterxml\woodstox\woodstox-core\7.1.1\woodstox-core-7.1.1.jar;C:\Users\Abdelhalim\.m2\repository\org\springframework\cloud\spring-cloud-starter-loadbalancer\4.3.0\spring-cloud-starter-loadbalancer-4.3.0.jar;C:\Users\Abdelhalim\.m2\repository\org\springframework\cloud\spring-cloud-loadbalancer\4.3.0\spring-cloud-loadbalancer-4.3.0.jar;C:\Users\Abdelhalim\.m2\repository\io\projectreactor\reactor-core\3.7.7\reactor-core-3.7.7.jar;C:\Users\Abdelhalim\.m2\repository\org\reactivestreams\reactive-streams\1.0.4\reactive-streams-1.0.4.jar;C:\Users\Abdelhalim\.m2\repository\io\projectreactor\addons\reactor-extra\3.5.2\reactor-extra-3.5.2.jar;C:\Users\Abdelhalim\.m2\repository\org\springframework\boot\spring-boot-starter-cache\3.5.3\spring-boot-starter-cache-3.5.3.jar;C:\Users\Abdelhalim\.m2\repository\com\stoyanr\evictor\1.0.0\evictor-1.0.0.jar;C:\Users\Abdelhalim\.m2\repository\org\glassfish\jaxb\jaxb-runtime\4.0.5\jaxb-runtime-4.0.5.jar;C:\Users\Abdelhalim\.m2\repository\org\glassfish\jaxb\jaxb-core\4.0.5\jaxb-core-4.0.5.jar;C:\Users\Abdelhalim\.m2\repository\org\eclipse\angus\angus-activation\2.0.2\angus-activation-2.0.2.jar;C:\Users\Abdelhalim\.m2\repository\org\glassfish\jaxb\txw2\4.0.5\txw2-4.0.5.jar;C:\Users\Abdelhalim\.m2\repository\com\sun\istack\istack-commons-runtime\4.1.2\istack-commons-runtime-4.1.2.jar;C:\Users\Abdelhalim\.m2\repository\org\slf4j\slf4j-api\2.0.17\slf4j-api-2.0.17.jar;C:\Users\Abdelhalim\.m2\repository\jakarta\xml\bind\jakarta.xml.bind-api\4.0.2\jakarta.xml.bind-api-4.0.2.jar;C:\Users\Abdelhalim\.m2\repository\jakarta\activation\jakarta.activation-api\2.1.3\jakarta.activation-api-2.1.3.jar;C:\Users\Abdelhalim\.m2\repository\org\springframework\spring-core\6.2.8\spring-core-6.2.8.jar;C:\Users\Abdelhalim\.m2\repository\org\springframework\spring-jcl\6.2.8\spring-jcl-6.2.8.jar
Launcher Type: SUN_STANDARD

[Global flags]
     intx CICompilerCount                          = 4                                         {product} {ergonomic}
     uint ConcGCThreads                            = 2                                         {product} {ergonomic}
     uint G1ConcRefinementThreads                  = 8                                         {product} {ergonomic}
   size_t G1HeapRegionSize                         = 1048576                                   {product} {ergonomic}
   size_t InitialHeapSize                          = 98566144                                  {product} {ergonomic}
   size_t MarkStackSize                            = 4194304                                   {product} {ergonomic}
   size_t MarkStackSizeMax                         = 536870912                                 {product} {ergonomic}
   size_t MaxHeapSize                              = 1564475392                                {product} {ergonomic}
   size_t MaxNewSize                               = 938475520                                 {product} {ergonomic}
   size_t MinHeapDeltaBytes                        = 1048576                                   {product} {ergonomic}
   size_t MinHeapSize                              = 8388608                                   {product} {ergonomic}
    uintx NonNMethodCodeHeapSize                   = 5832704                                {pd product} {ergonomic}
    uintx NonProfiledCodeHeapSize                  = 122945536                              {pd product} {ergonomic}
    uintx ProfiledCodeHeapSize                     = 122880000                              {pd product} {ergonomic}
    uintx ReservedCodeCacheSize                    = 251658240                              {pd product} {ergonomic}
     bool SegmentedCodeCache                       = true                                      {product} {ergonomic}
   size_t SoftMaxHeapSize                          = 1564475392                             {manageable} {ergonomic}
     bool UseCompressedOops                        = true                           {product lp64_product} {ergonomic}
     bool UseG1GC                                  = true                                      {product} {ergonomic}
     bool UseLargePagesIndividualAllocation        = false                                  {pd product} {ergonomic}

Logging:
Log output configuration:
 #0: stdout all=warning uptime,level,tags foldmultilines=false
 #1: stderr all=off uptime,level,tags foldmultilines=false

Environment Variables:
JAVA_HOME=C:\Program Files\Java\jre1.8.0_441
PATH=C:\Program Files (x86)\Common Files\Oracle\Java\java8path;C:\Program Files (x86)\Common Files\Oracle\Java\javapath;C:\WINDOWS\system32;C:\WINDOWS;C:\WINDOWS\System32\Wbem;C:\WINDOWS\System32\WindowsPowerShell\v1.0\;C:\WINDOWS\System32\OpenSSH\;C:\Program Files\nodejs\;C:\ProgramData\chocolatey\bin;C:\Program Files\Java\jdk-24\bin;C:\Program Files\Git\cmd;C:\Python313\;;C:\Program Files\Docker\Docker\resources\bin;C:\Users\Abdelhalim\AppData\Local\Programs\Python\Python313\Scripts\;C:\Users\Abdelhalim\AppData\Local\Programs\Python\Python313\;C:\Users\Abdelhalim\AppData\Local\Microsoft\WindowsApps;C:\Users\Abdelhalim\AppData\Local\Programs\Microsoft VS Code\bin;C:\Users\Abdelhalim\AppData\Roaming\npm;C:\Program Files\JetBrains\IntelliJ IDEA 2024.3.5\bin;;;C:\Program Files\JetBrains\IntelliJ IDEA Community Edition 2025.1.1.1\bin;;C:\Program Files\JetBrains\PyCharm Community Edition 2025.1.2\bin;
USERNAME=Abdelhalim
OS=Windows_NT
PROCESSOR_IDENTIFIER=AMD64 Family 23 Model 160 Stepping 0, AuthenticAMD
TMP=C:\Users\ABDELH~1\AppData\Local\Temp
TEMP=C:\Users\ABDELH~1\AppData\Local\Temp




Periodic native trim disabled

---------------  S Y S T E M  ---------------

OS:
 Windows 11 , 64 bit Build 26100 (10.0.26100.4202)
OS uptime: 7 days 7:59 hours
Hyper-V role detected

CPU: total 8 (initial active 8) (8 cores per cpu, 2 threads per core) family 23 model 160 stepping 0 microcode 0x8a00009, cx8, cmov, fxsr, ht, mmx, 3dnowpref, sse, sse2, sse3, ssse3, sse4a, sse4.1, sse4.2, popcnt, lzcnt, tsc, tscinvbit, avx, avx2, aes, clmul, bmi1, bmi2, adx, sha, fma, vzeroupper, clflush, clflushopt, hv, rdtscp, rdpid, f16c
Processor Information for processor 0
  Max Mhz: 2401, Current Mhz: 2401, Mhz Limit: 2401
Processor Information for processor 1
  Max Mhz: 2401, Current Mhz: 2000, Mhz Limit: 2401
Processor Information for processor 2
  Max Mhz: 2401, Current Mhz: 2401, Mhz Limit: 2401
Processor Information for processor 3
  Max Mhz: 2401, Current Mhz: 2000, Mhz Limit: 2401
Processor Information for processor 4
  Max Mhz: 2401, Current Mhz: 2000, Mhz Limit: 2401
Processor Information for processor 5
  Max Mhz: 2401, Current Mhz: 2000, Mhz Limit: 2401
Processor Information for processor 6
  Max Mhz: 2401, Current Mhz: 2401, Mhz Limit: 2401
Processor Information for processor 7
  Max Mhz: 2401, Current Mhz: 2000, Mhz Limit: 2401

Memory: 4k page, system-wide physical 5965M (231M free)
TotalPageFile size 24397M (AvailPageFile size 5M)
current process WorkingSet (physical memory assigned to process): 30M, peak: 236M
current process commit charge ("private bytes"): 300M, peak: 314M

vm_info: Java HotSpot(TM) 64-Bit Server VM (24+36-3646) for windows-amd64 JRE (24+36-3646), built on 2025-02-06T00:20:43Z with MS VC++ 17.6 (VS2022)

END.
