#
# There is insufficient memory for the Java Runtime Environment to continue.
# Native memory allocation (mmap) failed to map 98566144 bytes. Error detail: G1 virtual space
# Possible reasons:
#   The system is out of physical RAM or swap space
#   This process is running with CompressedOops enabled, and the Java Heap may be blocking the growth of the native heap
# Possible solutions:
#   Reduce memory load on the system
#   Increase physical memory or swap space
#   Check if swap backing store is full
#   Decrease Java heap size (-Xmx/-Xms)
#   Decrease number of Java threads
#   Decrease Java thread stack sizes (-Xss)
#   Set larger code cache with -XX:ReservedCodeCacheSize=
#   JVM is running with Unscaled Compressed Oops mode in which the Java heap is
#     placed in the first 4GB address space. The Java Heap base address is the
#     maximum limit for the native heap growth. Please use -XX:HeapBaseMinAddress
#     to set the Java Heap base and to place the Java Heap above 4GB virtual address.
# This output file may be truncated or incomplete.
#
#  Out of Memory Error (os_windows.cpp:3564), pid=17924, tid=20424
#
# JRE version:  (24.0+36) (build )
# Java VM: Java HotSpot(TM) 64-Bit Server VM (24+36-3646, mixed mode, sharing, tiered, compressed oops, compressed class ptrs, g1 gc, windows-amd64)
# No core dump will be written. Minidumps are not enabled by default on client versions of Windows
#

---------------  S U M M A R Y ------------

Command Line: C:\Users\Abdelhalim\AppData\Local\Temp\surefire7533341855929708740\surefirebooter-20250701184300390_3.jar C:\Users\Abdelhalim\AppData\Local\Temp\surefire7533341855929708740 2025-07-01T18-42-59_994-jvmRun1 surefire-20250701184300390_1tmp surefire_0-20250701184300390_2tmp

Host: AMD Ryzen 3 7320U with Radeon Graphics         , 8 cores, 5G,  Windows 11 , 64 bit Build 26100 (10.0.26100.4202)
Time: Tue Jul  1 18:43:02 2025 Paris, Madrid (heure duild 26100 (10.0.26100.4202) elapsed time: 1.259640 seconds (0d 0h 0m 1s)

---------------  T H R E A D  ---------------

Current thread (0x0000019278e4d560):  JavaThread "Unknown thread" [_thread_in_vm, id=20424, stack(0x00000083a5500000,0x00000083a5600000) (1024K)]

Stack: [0x00000083a5500000,0x00000083a5600000]
Native frames: (J=compiled Java code, j=interpreted, Vv=VM code, C=native code)
V  [jvm.dll+0x7308c9]  (no source info available)
V  [jvm.dll+0x8d9ca3]  (no source info available)
V  [jvm.dll+0x8dc13d]  (no source info available)
V  [jvm.dll+0x8dc7b3]  (no source info available)
V  [jvm.dll+0x2aa046]  (no source info available)
V  [jvm.dll+0x72cdf5]  (no source info available)
V  [jvm.dll+0x72091a]  (no source info available)
V  [jvm.dll+0x390d8a]  (no source info available)
V  [jvm.dll+0x398a96]  (no source info available)
V  [jvm.dll+0x3852de]  (no source info available)
V  [jvm.dll+0x385598]  (no source info available)
V  [jvm.dll+0x35d16c]  (no source info available)
V  [jvm.dll+0x35de2d]  (no source info available)
V  [jvm.dll+0x89d41f]  (no source info available)
V  [jvm.dll+0x3f98fd]  (no source info available)
V  [jvm.dll+0x885a76]  (no source info available)
V  [jvm.dll+0x49604e]  (no source info available)
V  [jvm.dll+0x497e21]  (no source info available)
C  [jli.dll+0x52a1]  (no source info available)
C  [ucrtbase.dll+0x37b0]  (no source info available)
C  [KERNEL32.DLL+0x2e8d7]  (no source info available)
C  [ntdll.dll+0x3c34c]  (no source info available)

Lock stack of current Java thread (top to bottom):


---------------  P R O C E S S  ---------------

Threads class SMR info:
_java_thread_list=0x00007ff87a0af318, length=0, elements={
}

Java Threads: ( => current thread )
Total: 0

Other Threads:
  0x000001927b218230 WorkerThread "GC Thread#0"                     [id=10816, stack(0x00000083a5600000,0x00000083a5700000) (1024K)]
  0x000001927b228a90 ConcurrentGCThread "G1 Main Marker"            [id=12268, stack(0x00000083a5700000,0x00000083a5800000) (1024K)]
  0x000001927b229d40 WorkerThread "G1 Conc#0"                       [id=5780, stack(0x00000083a5800000,0x00000083a5900000) (1024K)]

[error occurred during error reporting (printing all threads), id 0xc0000005, EXCEPTION_ACCESS_VIOLATION (0xc0000005) at pc=0x00007ff8797e158a]
VM state: not at safepoint (not fully initialized)

VM Mutex/Monitor currently owned by a thread:  ([mutex/lock_event])
[0x00007ff87a1345c0] Heap_lock - owner thread: 0x0000019278e4d560

Heap address: 0x00000000a2c00000, size: 1492 MB, Compressed Oops mode: 32-bit

CDS archive(s) mapped at: [0x0000000000000000-0x0000000000000000-0x0000000000000000), size 0, SharedBaseAddress: 0x0000000800000000, ArchiveRelocationMode: 1.
UseCompressedClassPointers 1, UseCompactObjectHeaders 0
Narrow klass pointer bits 32, Max shift 3
Narrow klass base: 0xffffffffffffffff, Narrow klass shift: -1
Encoding Range: [0xffffffffffffffff - 0x000000007fffffff), (2147483648 bytes)
Klass Range:    [0x0000000000000000 - 0x0000000000000000), (0 bytes)
Klass ID Range:  [4294967295 - 0) (1)

GC Precious Log:
 CardTable entry size: 512
 Card Set container configuration: InlinePtr #cards 5 size 8 Array Of Cards #cards 10 size 36 Howl #buckets 4 coarsen threshold 1843 Howl Bitmap #cards 512 size 80 coarsen threshold 460 Card regions per heap region 1 cards per card region 2048

Heap:
 garbage-first heap   total reserved 1527808K, committed 0K, used 0K [0x00000000a2c00000, 0x0000000100000000)
  region size 1024K, 0 young (0K), 0 survivors (0K)

[error occurred during error reporting (printing heap information), id 0xc0000005, EXCEPTION_ACCESS_VIOLATION (0xc0000005) at pc=0x00007ff879bfe579]
GC Heap History (0 events):
No events

Dll operation events (1 events):
Event: 0.023 Loaded shared library C:\Program Files\Java\jdk-24\bin\java.dll

Deoptimization events (0 events):
No events

Classes loaded (0 events):
No events

Classes unloaded (0 events):
No events

Classes redefined (0 events):
No events

Internal exceptions (0 events):
No events

VM Operations (0 events):
No events

Memory protections (0 events):
No events

Nmethod flushes (0 events):
No events

Events (0 events):
No events


Dynamic libraries:
0x00007ff750d60000 - 0x00007ff750d70000 	C:\Program Files\Java\jdk-24\bin\java.exe
0x00007ff8f02c0000 - 0x00007ff8f0525000 	C:\WINDOWS\SYSTEM32\ntdll.dll
0x00007ff8ef850000 - 0x00007ff8ef919000 	C:\WINDOWS\System32\KERNEL32.DLL
0x00007ff8ed850000 - 0x00007ff8edc38000 	C:\WINDOWS\System32\KERNELBASE.dll
0x00007ff8ede20000 - 0x00007ff8edf6b000 	C:\WINDOWS\System32\ucrtbase.dll
0x00007ff8e78b0000 - 0x00007ff8e78cb000 	C:\Program Files\Java\jdk-24\bin\VCRUNTIME140.dll
0x00007ff8dfa50000 - 0x00007ff8dfa66000 	C:\Program Files\Java\jdk-24\bin\jli.dll
0x00007ff8ee810000 - 0x00007ff8ee9da000 	C:\WINDOWS\System32\USER32.dll
0x00007ff8d5ee0000 - 0x00007ff8d617a000 	C:\WINDOWS\WinSxS\amd64_microsoft.windows.common-controls_6595b64144ccf1df_6.0.26100.4202_none_3e0698d4e335f517\COMCTL32.dll
0x00007ff8ee030000 - 0x00007ff8ee057000 	C:\WINDOWS\System32\win32u.dll
0x00007ff8eff40000 - 0x00007ff8effe9000 	C:\WINDOWS\System32\msvcrt.dll
0x00007ff8ee7e0000 - 0x00007ff8ee80b000 	C:\WINDOWS\System32\GDI32.dll
0x00007ff8edce0000 - 0x00007ff8ede17000 	C:\WINDOWS\System32\gdi32full.dll
0x00007ff8ed410000 - 0x00007ff8ed4b3000 	C:\WINDOWS\System32\msvcp_win.dll
0x00007ff8eeb40000 - 0x00007ff8eeb70000 	C:\WINDOWS\System32\IMM32.DLL
0x00007ff8e7a50000 - 0x00007ff8e7a5c000 	C:\Program Files\Java\jdk-24\bin\vcruntime140_1.dll
0x00007ff8c3fd0000 - 0x00007ff8c405e000 	C:\Program Files\Java\jdk-24\bin\msvcp140.dll
0x00007ff879470000 - 0x00007ff87a212000 	C:\Program Files\Java\jdk-24\bin\server\jvm.dll
0x00007ff8ef790000 - 0x00007ff8ef843000 	C:\WINDOWS\System32\ADVAPI32.dll
0x00007ff8ee620000 - 0x00007ff8ee6c6000 	C:\WINDOWS\System32\sechost.dll
0x00007ff8ee500000 - 0x00007ff8ee615000 	C:\WINDOWS\System32\RPCRT4.dll
0x00007ff8ee6e0000 - 0x00007ff8ee754000 	C:\WINDOWS\System32\WS2_32.dll
0x00007ff8ed0c0000 - 0x00007ff8ed11e000 	C:\WINDOWS\SYSTEM32\POWRPROF.dll
0x00007ff8e25f0000 - 0x00007ff8e2625000 	C:\WINDOWS\SYSTEM32\WINMM.dll
0x00007ff8e1840000 - 0x00007ff8e184b000 	C:\WINDOWS\SYSTEM32\VERSION.dll
0x00007ff8ed0a0000 - 0x00007ff8ed0b4000 	C:\WINDOWS\SYSTEM32\UMPDC.dll
0x00007ff8ec1d0000 - 0x00007ff8ec1eb000 	C:\WINDOWS\SYSTEM32\kernel.appcore.dll
0x00007ff8e79c0000 - 0x00007ff8e79ca000 	C:\Program Files\Java\jdk-24\bin\jimage.dll
0x00007ff8eac60000 - 0x00007ff8eaea1000 	C:\WINDOWS\SYSTEM32\DBGHELP.DLL
0x00007ff8efb00000 - 0x00007ff8efe85000 	C:\WINDOWS\System32\combase.dll
0x00007ff8eea50000 - 0x00007ff8eeb31000 	C:\WINDOWS\System32\OLEAUT32.dll
0x00007ff8d2a50000 - 0x00007ff8d2a89000 	C:\WINDOWS\SYSTEM32\dbgcore.DLL
0x00007ff8edc40000 - 0x00007ff8edcd9000 	C:\WINDOWS\System32\bcryptPrimitives.dll
0x00007ff8de820000 - 0x00007ff8de83e000 	C:\Program Files\Java\jdk-24\bin\java.dll
0x00007ff8eeb80000 - 0x00007ff8eed1e000 	C:\WINDOWS\System32\ole32.dll
0x00007ff8eef40000 - 0x00007ff8ef682000 	C:\WINDOWS\System32\SHELL32.dll
0x00007ff8ed550000 - 0x00007ff8ed6c4000 	C:\WINDOWS\System32\wintypes.dll

dbghelp: loaded successfully - version: 4.0.5 - missing functions: none
symbol engine: initialized successfully - sym options: 0x614 - pdb path: .;C:\Program Files\Java\jdk-24\bin;C:\WINDOWS\SYSTEM32;C:\WINDOWS\WinSxS\amd64_microsoft.windows.common-controls_6595b64144ccf1df_6.0.26100.4202_none_3e0698d4e335f517;C:\Program Files\Java\jdk-24\bin\server

VM Arguments:
java_command: C:\Users\Abdelhalim\AppData\Local\Temp\surefire7533341855929708740\surefirebooter-20250701184300390_3.jar C:\Users\Abdelhalim\AppData\Local\Temp\surefire7533341855929708740 2025-07-01T18-42-59_994-jvmRun1 surefire-20250701184300390_1tmp surefire_0-20250701184300390_2tmp
java_class_path (initial): C:\Users\Abdelhalim\AppData\Local\Temp\surefire7533341855929708740\surefirebooter-20250701184300390_3.jar
Launcher Type: SUN_STANDARD

[Global flags]
     intx CICompilerCount                          = 4                                         {product} {ergonomic}
     uint ConcGCThreads                            = 2                                         {product} {ergonomic}
     uint G1ConcRefinementThreads                  = 8                                         {product} {ergonomic}
   size_t G1HeapRegionSize                         = 1048576                                   {product} {ergonomic}
   size_t InitialHeapSize                          = 98566144                                  {product} {ergonomic}
   size_t MarkStackSize                            = 4194304                                   {product} {ergonomic}
   size_t MarkStackSizeMax                         = 536870912                                 {product} {ergonomic}
   size_t MaxHeapSize                              = 1564475392                                {product} {ergonomic}
   size_t MinHeapDeltaBytes                        = 1048576                                   {product} {ergonomic}
   size_t MinHeapSize                              = 8388608                                   {product} {ergonomic}
    uintx NonNMethodCodeHeapSize                   = 5832704                                {pd product} {ergonomic}
    uintx NonProfiledCodeHeapSize                  = 122945536                              {pd product} {ergonomic}
    uintx ProfiledCodeHeapSize                     = 122880000                              {pd product} {ergonomic}
    uintx ReservedCodeCacheSize                    = 251658240                              {pd product} {ergonomic}
     bool SegmentedCodeCache                       = true                                      {product} {ergonomic}
   size_t SoftMaxHeapSize                          = 1564475392                             {manageable} {ergonomic}
     bool UseCompressedOops                        = true                           {product lp64_product} {ergonomic}
     bool UseG1GC                                  = true                                      {product} {ergonomic}
     bool UseLargePagesIndividualAllocation        = false                                  {pd product} {ergonomic}

Logging:
Log output configuration:
 #0: stdout all=warning uptime,level,tags foldmultilines=false
 #1: stderr all=off uptime,level,tags foldmultilines=false

Environment Variables:
JAVA_HOME=C:\Program Files\Java\jre1.8.0_441
PATH=C:\Program Files (x86)\Common Files\Oracle\Java\java8path;C:\Program Files (x86)\Common Files\Oracle\Java\javapath;C:\WINDOWS\system32;C:\WINDOWS;C:\WINDOWS\System32\Wbem;C:\WINDOWS\System32\WindowsPowerShell\v1.0\;C:\WINDOWS\System32\OpenSSH\;C:\Program Files\nodejs\;C:\ProgramData\chocolatey\bin;C:\Program Files\Java\jdk-24\bin;C:\Program Files\Git\cmd;C:\Python313\;;C:\Program Files\Docker\Docker\resources\bin;C:\Users\Abdelhalim\AppData\Local\Programs\Python\Python313\Scripts\;C:\Users\Abdelhalim\AppData\Local\Programs\Python\Python313\;C:\Users\Abdelhalim\AppData\Local\Microsoft\WindowsApps;C:\Users\Abdelhalim\AppData\Local\Programs\Microsoft VS Code\bin;C:\Users\Abdelhalim\AppData\Roaming\npm;C:\Program Files\JetBrains\IntelliJ IDEA 2024.3.5\bin;;;C:\Program Files\JetBrains\IntelliJ IDEA Community Edition 2025.1.1.1\bin;;C:\Program Files\JetBrains\PyCharm Community Edition 2025.1.2\bin;
USERNAME=Abdelhalim
OS=Windows_NT
PROCESSOR_IDENTIFIER=AMD64 Family 23 Model 160 Stepping 0, AuthenticAMD
TMP=C:\Users\ABDELH~1\AppData\Local\Temp
TEMP=C:\Users\ABDELH~1\AppData\Local\Temp




Periodic native trim disabled

---------------  S Y S T E M  ---------------

OS:
 Windows 11 , 64 bit Build 26100 (10.0.26100.4202)
OS uptime: 7 days 4:52 hours
Hyper-V role detected

CPU: total 8 (initial active 8) (8 cores per cpu, 2 threads per core) family 23 model 160 stepping 0 microcode 0x8a00009, cx8, cmov, fxsr, ht, mmx, 3dnowpref, sse, sse2, sse3, ssse3, sse4a, sse4.1, sse4.2, popcnt, lzcnt, tsc, tscinvbit, avx, avx2, aes, clmul, bmi1, bmi2, adx, sha, fma, vzeroupper, clflush, clflushopt, hv, rdtscp, rdpid, f16c
Processor Information for processor 0
  Max Mhz: 2401, Current Mhz: 2401, Mhz Limit: 2401
Processor Information for processor 1
  Max Mhz: 2401, Current Mhz: 2000, Mhz Limit: 2401
Processor Information for processor 2
  Max Mhz: 2401, Current Mhz: 2401, Mhz Limit: 2401
Processor Information for processor 3
  Max Mhz: 2401, Current Mhz: 2000, Mhz Limit: 2401
Processor Information for processor 4
  Max Mhz: 2401, Current Mhz: 2000, Mhz Limit: 2401
Processor Information for processor 5
  Max Mhz: 2401, Current Mhz: 2000, Mhz Limit: 2401
Processor Information for processor 6
  Max Mhz: 2401, Current Mhz: 2401, Mhz Limit: 2401
Processor Information for processor 7
  Max Mhz: 2401, Current Mhz: 2000, Mhz Limit: 2401

Memory: 4k page, system-wide physical 5965M (478M free)
TotalPageFile size 24397M (AvailPageFile size 68M)
current process WorkingSet (physical memory assigned to process): 13M, peak: 13M
current process commit charge ("private bytes"): 60M, peak: 154M

vm_info: Java HotSpot(TM) 64-Bit Server VM (24+36-3646) for windows-amd64 JRE (24+36-3646), built on 2025-02-06T00:20:43Z with MS VC++ 17.6 (VS2022)

END.
